{"total": {"lines":{"total":1729,"covered":156,"skipped":0,"pct":9.02},"statements":{"total":1794,"covered":165,"skipped":0,"pct":9.19},"functions":{"total":506,"covered":31,"skipped":0,"pct":6.12},"branches":{"total":1307,"covered":64,"skipped":0,"pct":4.89},"branchesTrue":{"total":0,"covered":0,"skipped":0,"pct":100}}
,"/Users/yunjihwan/Documents/project/expo-gayangjuin/app/+not-found.tsx": {"lines":{"total":2,"covered":0,"skipped":0,"pct":0},"functions":{"total":1,"covered":0,"skipped":0,"pct":0},"statements":{"total":2,"covered":0,"skipped":0,"pct":0},"branches":{"total":0,"covered":0,"skipped":0,"pct":100}}
,"/Users/yunjihwan/Documents/project/expo-gayangjuin/app/_layout.tsx": {"lines":{"total":23,"covered":0,"skipped":0,"pct":0},"functions":{"total":7,"covered":0,"skipped":0,"pct":0},"statements":{"total":23,"covered":0,"skipped":0,"pct":0},"branches":{"total":16,"covered":0,"skipped":0,"pct":0}}
,"/Users/yunjihwan/Documents/project/expo-gayangjuin/app/adult-verification.tsx": {"lines":{"total":26,"covered":0,"skipped":0,"pct":0},"functions":{"total":8,"covered":0,"skipped":0,"pct":0},"statements":{"total":28,"covered":0,"skipped":0,"pct":0},"branches":{"total":20,"covered":0,"skipped":0,"pct":0}}
,"/Users/yunjihwan/Documents/project/expo-gayangjuin/app/index.tsx": {"lines":{"total":10,"covered":0,"skipped":0,"pct":0},"functions":{"total":2,"covered":0,"skipped":0,"pct":0},"statements":{"total":10,"covered":0,"skipped":0,"pct":0},"branches":{"total":6,"covered":0,"skipped":0,"pct":0}}
,"/Users/yunjihwan/Documents/project/expo-gayangjuin/app/login.tsx": {"lines":{"total":21,"covered":0,"skipped":0,"pct":0},"functions":{"total":4,"covered":0,"skipped":0,"pct":0},"statements":{"total":21,"covered":0,"skipped":0,"pct":0},"branches":{"total":10,"covered":0,"skipped":0,"pct":0}}
,"/Users/yunjihwan/Documents/project/expo-gayangjuin/app/(tabs)/_layout.tsx": {"lines":{"total":9,"covered":0,"skipped":0,"pct":0},"functions":{"total":7,"covered":0,"skipped":0,"pct":0},"statements":{"total":9,"covered":0,"skipped":0,"pct":0},"branches":{"total":4,"covered":0,"skipped":0,"pct":0}}
,"/Users/yunjihwan/Documents/project/expo-gayangjuin/app/(tabs)/index.tsx": {"lines":{"total":17,"covered":0,"skipped":0,"pct":0},"functions":{"total":11,"covered":0,"skipped":0,"pct":0},"statements":{"total":17,"covered":0,"skipped":0,"pct":0},"branches":{"total":36,"covered":0,"skipped":0,"pct":0}}
,"/Users/yunjihwan/Documents/project/expo-gayangjuin/app/(tabs)/(events)/index.tsx": {"lines":{"total":7,"covered":0,"skipped":0,"pct":0},"functions":{"total":3,"covered":0,"skipped":0,"pct":0},"statements":{"total":7,"covered":0,"skipped":0,"pct":0},"branches":{"total":2,"covered":0,"skipped":0,"pct":0}}
,"/Users/yunjihwan/Documents/project/expo-gayangjuin/app/(tabs)/(journals)/index.tsx": {"lines":{"total":24,"covered":0,"skipped":0,"pct":0},"functions":{"total":9,"covered":0,"skipped":0,"pct":0},"statements":{"total":25,"covered":0,"skipped":0,"pct":0},"branches":{"total":30,"covered":0,"skipped":0,"pct":0}}
,"/Users/yunjihwan/Documents/project/expo-gayangjuin/app/(tabs)/(profile)/index.tsx": {"lines":{"total":70,"covered":0,"skipped":0,"pct":0},"functions":{"total":16,"covered":0,"skipped":0,"pct":0},"statements":{"total":73,"covered":0,"skipped":0,"pct":0},"branches":{"total":55,"covered":0,"skipped":0,"pct":0}}
,"/Users/yunjihwan/Documents/project/expo-gayangjuin/app/(tabs)/(recipes)/index.tsx": {"lines":{"total":32,"covered":0,"skipped":0,"pct":0},"functions":{"total":16,"covered":0,"skipped":0,"pct":0},"statements":{"total":38,"covered":0,"skipped":0,"pct":0},"branches":{"total":46,"covered":0,"skipped":0,"pct":0}}
,"/Users/yunjihwan/Documents/project/expo-gayangjuin/app/journals/create.tsx": {"lines":{"total":97,"covered":0,"skipped":0,"pct":0},"functions":{"total":22,"covered":0,"skipped":0,"pct":0},"statements":{"total":100,"covered":0,"skipped":0,"pct":0},"branches":{"total":121,"covered":0,"skipped":0,"pct":0}}
,"/Users/yunjihwan/Documents/project/expo-gayangjuin/app/journals/[id]/add-record.tsx": {"lines":{"total":134,"covered":0,"skipped":0,"pct":0},"functions":{"total":25,"covered":0,"skipped":0,"pct":0},"statements":{"total":136,"covered":0,"skipped":0,"pct":0},"branches":{"total":72,"covered":0,"skipped":0,"pct":0}}
,"/Users/yunjihwan/Documents/project/expo-gayangjuin/app/journals/[id]/edit-record.tsx": {"lines":{"total":156,"covered":0,"skipped":0,"pct":0},"functions":{"total":29,"covered":0,"skipped":0,"pct":0},"statements":{"total":159,"covered":0,"skipped":0,"pct":0},"branches":{"total":88,"covered":0,"skipped":0,"pct":0}}
,"/Users/yunjihwan/Documents/project/expo-gayangjuin/app/journals/[id]/index.tsx": {"lines":{"total":82,"covered":0,"skipped":0,"pct":0},"functions":{"total":39,"covered":0,"skipped":0,"pct":0},"statements":{"total":85,"covered":0,"skipped":0,"pct":0},"branches":{"total":76,"covered":0,"skipped":0,"pct":0}}
,"/Users/yunjihwan/Documents/project/expo-gayangjuin/app/profile/edit.tsx": {"lines":{"total":54,"covered":0,"skipped":0,"pct":0},"functions":{"total":10,"covered":0,"skipped":0,"pct":0},"statements":{"total":56,"covered":0,"skipped":0,"pct":0},"branches":{"total":34,"covered":0,"skipped":0,"pct":0}}
,"/Users/yunjihwan/Documents/project/expo-gayangjuin/app/profile/settings.tsx": {"lines":{"total":30,"covered":0,"skipped":0,"pct":0},"functions":{"total":16,"covered":0,"skipped":0,"pct":0},"statements":{"total":30,"covered":0,"skipped":0,"pct":0},"branches":{"total":20,"covered":0,"skipped":0,"pct":0}}
,"/Users/yunjihwan/Documents/project/expo-gayangjuin/app/recipes/[id].tsx": {"lines":{"total":39,"covered":0,"skipped":0,"pct":0},"functions":{"total":17,"covered":0,"skipped":0,"pct":0},"statements":{"total":41,"covered":0,"skipped":0,"pct":0},"branches":{"total":60,"covered":0,"skipped":0,"pct":0}}
,"/Users/yunjihwan/Documents/project/expo-gayangjuin/app/recipes/create.tsx": {"lines":{"total":103,"covered":0,"skipped":0,"pct":0},"functions":{"total":25,"covered":0,"skipped":0,"pct":0},"statements":{"total":107,"covered":0,"skipped":0,"pct":0},"branches":{"total":50,"covered":0,"skipped":0,"pct":0}}
,"/Users/yunjihwan/Documents/project/expo-gayangjuin/app/recipes/edit/[id].tsx": {"lines":{"total":91,"covered":0,"skipped":0,"pct":0},"functions":{"total":24,"covered":0,"skipped":0,"pct":0},"statements":{"total":96,"covered":0,"skipped":0,"pct":0},"branches":{"total":56,"covered":0,"skipped":0,"pct":0}}
,"/Users/yunjihwan/Documents/project/expo-gayangjuin/components/Collapsible.tsx": {"lines":{"total":5,"covered":0,"skipped":0,"pct":0},"functions":{"total":3,"covered":0,"skipped":0,"pct":0},"statements":{"total":6,"covered":0,"skipped":0,"pct":0},"branches":{"total":8,"covered":0,"skipped":0,"pct":0}}
,"/Users/yunjihwan/Documents/project/expo-gayangjuin/components/ErrorBoundary.tsx": {"lines":{"total":3,"covered":0,"skipped":0,"pct":0},"functions":{"total":2,"covered":0,"skipped":0,"pct":0},"statements":{"total":3,"covered":0,"skipped":0,"pct":0},"branches":{"total":2,"covered":0,"skipped":0,"pct":0}}
,"/Users/yunjihwan/Documents/project/expo-gayangjuin/components/ExternalLink.tsx": {"lines":{"total":4,"covered":0,"skipped":0,"pct":0},"functions":{"total":2,"covered":0,"skipped":0,"pct":0},"statements":{"total":4,"covered":0,"skipped":0,"pct":0},"branches":{"total":2,"covered":0,"skipped":0,"pct":0}}
,"/Users/yunjihwan/Documents/project/expo-gayangjuin/components/HapticTab.tsx": {"lines":{"total":4,"covered":0,"skipped":0,"pct":0},"functions":{"total":2,"covered":0,"skipped":0,"pct":0},"statements":{"total":4,"covered":0,"skipped":0,"pct":0},"branches":{"total":2,"covered":0,"skipped":0,"pct":0}}
,"/Users/yunjihwan/Documents/project/expo-gayangjuin/components/HelloWave.tsx": {"lines":{"total":6,"covered":0,"skipped":0,"pct":0},"functions":{"total":3,"covered":0,"skipped":0,"pct":0},"statements":{"total":7,"covered":0,"skipped":0,"pct":0},"branches":{"total":0,"covered":0,"skipped":0,"pct":100}}
,"/Users/yunjihwan/Documents/project/expo-gayangjuin/components/ParallaxScrollView.tsx": {"lines":{"total":9,"covered":0,"skipped":0,"pct":0},"functions":{"total":2,"covered":0,"skipped":0,"pct":0},"statements":{"total":9,"covered":0,"skipped":0,"pct":0},"branches":{"total":2,"covered":0,"skipped":0,"pct":0}}
,"/Users/yunjihwan/Documents/project/expo-gayangjuin/components/ThemedText.tsx": {"lines":{"total":3,"covered":0,"skipped":0,"pct":0},"functions":{"total":1,"covered":0,"skipped":0,"pct":0},"statements":{"total":3,"covered":0,"skipped":0,"pct":0},"branches":{"total":11,"covered":0,"skipped":0,"pct":0}}
,"/Users/yunjihwan/Documents/project/expo-gayangjuin/components/ThemedView.tsx": {"lines":{"total":2,"covered":0,"skipped":0,"pct":0},"functions":{"total":1,"covered":0,"skipped":0,"pct":0},"statements":{"total":2,"covered":0,"skipped":0,"pct":0},"branches":{"total":0,"covered":0,"skipped":0,"pct":100}}
,"/Users/yunjihwan/Documents/project/expo-gayangjuin/components/journal/RecipeStages.tsx": {"lines":{"total":6,"covered":0,"skipped":0,"pct":0},"functions":{"total":4,"covered":0,"skipped":0,"pct":0},"statements":{"total":6,"covered":0,"skipped":0,"pct":0},"branches":{"total":12,"covered":0,"skipped":0,"pct":0}}
,"/Users/yunjihwan/Documents/project/expo-gayangjuin/components/journal/StageIndicator.tsx": {"lines":{"total":12,"covered":0,"skipped":0,"pct":0},"functions":{"total":7,"covered":0,"skipped":0,"pct":0},"statements":{"total":16,"covered":0,"skipped":0,"pct":0},"branches":{"total":27,"covered":0,"skipped":0,"pct":0}}
,"/Users/yunjihwan/Documents/project/expo-gayangjuin/components/journal/StageItem.tsx": {"lines":{"total":2,"covered":0,"skipped":0,"pct":0},"functions":{"total":1,"covered":0,"skipped":0,"pct":0},"statements":{"total":2,"covered":0,"skipped":0,"pct":0},"branches":{"total":11,"covered":0,"skipped":0,"pct":0}}
,"/Users/yunjihwan/Documents/project/expo-gayangjuin/components/journal/StageList.tsx": {"lines":{"total":6,"covered":0,"skipped":0,"pct":0},"functions":{"total":4,"covered":0,"skipped":0,"pct":0},"statements":{"total":6,"covered":0,"skipped":0,"pct":0},"branches":{"total":5,"covered":0,"skipped":0,"pct":0}}
,"/Users/yunjihwan/Documents/project/expo-gayangjuin/components/recipe/BasicInfo.tsx": {"lines":{"total":8,"covered":0,"skipped":0,"pct":0},"functions":{"total":5,"covered":0,"skipped":0,"pct":0},"statements":{"total":8,"covered":0,"skipped":0,"pct":0},"branches":{"total":16,"covered":0,"skipped":0,"pct":0}}
,"/Users/yunjihwan/Documents/project/expo-gayangjuin/components/recipe/FormHeader.tsx": {"lines":{"total":3,"covered":0,"skipped":0,"pct":0},"functions":{"total":2,"covered":0,"skipped":0,"pct":0},"statements":{"total":3,"covered":0,"skipped":0,"pct":0},"branches":{"total":5,"covered":0,"skipped":0,"pct":0}}
,"/Users/yunjihwan/Documents/project/expo-gayangjuin/components/recipe/IngredientsForm.tsx": {"lines":{"total":44,"covered":0,"skipped":0,"pct":0},"functions":{"total":20,"covered":0,"skipped":0,"pct":0},"statements":{"total":45,"covered":0,"skipped":0,"pct":0},"branches":{"total":28,"covered":0,"skipped":0,"pct":0}}
,"/Users/yunjihwan/Documents/project/expo-gayangjuin/components/recipe/StepsForm.tsx": {"lines":{"total":16,"covered":0,"skipped":0,"pct":0},"functions":{"total":10,"covered":0,"skipped":0,"pct":0},"statements":{"total":17,"covered":0,"skipped":0,"pct":0},"branches":{"total":10,"covered":0,"skipped":0,"pct":0}}
,"/Users/yunjihwan/Documents/project/expo-gayangjuin/components/ui/Badge.tsx": {"lines":{"total":7,"covered":0,"skipped":0,"pct":0},"functions":{"total":1,"covered":0,"skipped":0,"pct":0},"statements":{"total":7,"covered":0,"skipped":0,"pct":0},"branches":{"total":16,"covered":0,"skipped":0,"pct":0}}
,"/Users/yunjihwan/Documents/project/expo-gayangjuin/components/ui/Button.tsx": {"lines":{"total":10,"covered":0,"skipped":0,"pct":0},"functions":{"total":2,"covered":0,"skipped":0,"pct":0},"statements":{"total":10,"covered":0,"skipped":0,"pct":0},"branches":{"total":68,"covered":0,"skipped":0,"pct":0}}
,"/Users/yunjihwan/Documents/project/expo-gayangjuin/components/ui/Card.tsx": {"lines":{"total":10,"covered":0,"skipped":0,"pct":0},"functions":{"total":5,"covered":0,"skipped":0,"pct":0},"statements":{"total":10,"covered":0,"skipped":0,"pct":0},"branches":{"total":34,"covered":0,"skipped":0,"pct":0}}
,"/Users/yunjihwan/Documents/project/expo-gayangjuin/components/ui/IconSymbol.ios.tsx": {"lines":{"total":1,"covered":0,"skipped":0,"pct":0},"functions":{"total":1,"covered":0,"skipped":0,"pct":0},"statements":{"total":1,"covered":0,"skipped":0,"pct":0},"branches":{"total":2,"covered":0,"skipped":0,"pct":0}}
,"/Users/yunjihwan/Documents/project/expo-gayangjuin/components/ui/IconSymbol.tsx": {"lines":{"total":2,"covered":0,"skipped":0,"pct":0},"functions":{"total":1,"covered":0,"skipped":0,"pct":0},"statements":{"total":2,"covered":0,"skipped":0,"pct":0},"branches":{"total":1,"covered":0,"skipped":0,"pct":0}}
,"/Users/yunjihwan/Documents/project/expo-gayangjuin/components/ui/Input.tsx": {"lines":{"total":5,"covered":0,"skipped":0,"pct":0},"functions":{"total":2,"covered":0,"skipped":0,"pct":0},"statements":{"total":5,"covered":0,"skipped":0,"pct":0},"branches":{"total":23,"covered":0,"skipped":0,"pct":0}}
,"/Users/yunjihwan/Documents/project/expo-gayangjuin/components/ui/Modal.tsx": {"lines":{"total":17,"covered":0,"skipped":0,"pct":0},"functions":{"total":6,"covered":0,"skipped":0,"pct":0},"statements":{"total":17,"covered":0,"skipped":0,"pct":0},"branches":{"total":20,"covered":0,"skipped":0,"pct":0}}
,"/Users/yunjihwan/Documents/project/expo-gayangjuin/components/ui/ProgressBar.tsx": {"lines":{"total":21,"covered":0,"skipped":0,"pct":0},"functions":{"total":5,"covered":0,"skipped":0,"pct":0},"statements":{"total":21,"covered":0,"skipped":0,"pct":0},"branches":{"total":24,"covered":0,"skipped":0,"pct":0}}
,"/Users/yunjihwan/Documents/project/expo-gayangjuin/components/ui/TabBarBackground.ios.tsx": {"lines":{"total":4,"covered":0,"skipped":0,"pct":0},"functions":{"total":2,"covered":0,"skipped":0,"pct":0},"statements":{"total":4,"covered":0,"skipped":0,"pct":0},"branches":{"total":0,"covered":0,"skipped":0,"pct":100}}
,"/Users/yunjihwan/Documents/project/expo-gayangjuin/components/ui/TabBarBackground.tsx": {"lines":{"total":1,"covered":0,"skipped":0,"pct":0},"functions":{"total":1,"covered":0,"skipped":0,"pct":0},"statements":{"total":1,"covered":0,"skipped":0,"pct":0},"branches":{"total":0,"covered":0,"skipped":0,"pct":100}}
,"/Users/yunjihwan/Documents/project/expo-gayangjuin/components/ui/index.ts": {"lines":{"total":0,"covered":0,"skipped":0,"pct":0},"functions":{"total":0,"covered":0,"skipped":0,"pct":0},"statements":{"total":0,"covered":0,"skipped":0,"pct":0},"branches":{"total":0,"covered":0,"skipped":0,"pct":0}}
,"/Users/yunjihwan/Documents/project/expo-gayangjuin/constants/Colors.ts": {"lines":{"total":3,"covered":3,"skipped":0,"pct":100},"functions":{"total":0,"covered":0,"skipped":0,"pct":100},"statements":{"total":3,"covered":3,"skipped":0,"pct":100},"branches":{"total":0,"covered":0,"skipped":0,"pct":100}}
,"/Users/yunjihwan/Documents/project/expo-gayangjuin/constants/theme.ts": {"lines":{"total":1,"covered":1,"skipped":0,"pct":100},"functions":{"total":0,"covered":0,"skipped":0,"pct":100},"statements":{"total":1,"covered":1,"skipped":0,"pct":100},"branches":{"total":0,"covered":0,"skipped":0,"pct":100}}
,"/Users/yunjihwan/Documents/project/expo-gayangjuin/contexts/AuthContext.tsx": {"lines":{"total":86,"covered":0,"skipped":0,"pct":0},"functions":{"total":15,"covered":0,"skipped":0,"pct":0},"statements":{"total":87,"covered":0,"skipped":0,"pct":0},"branches":{"total":16,"covered":0,"skipped":0,"pct":0}}
,"/Users/yunjihwan/Documents/project/expo-gayangjuin/hooks/useColorScheme.ts": {"lines":{"total":0,"covered":0,"skipped":0,"pct":0},"functions":{"total":0,"covered":0,"skipped":0,"pct":0},"statements":{"total":0,"covered":0,"skipped":0,"pct":0},"branches":{"total":0,"covered":0,"skipped":0,"pct":0}}
,"/Users/yunjihwan/Documents/project/expo-gayangjuin/hooks/useColorScheme.web.ts": {"lines":{"total":7,"covered":0,"skipped":0,"pct":0},"functions":{"total":2,"covered":0,"skipped":0,"pct":0},"statements":{"total":7,"covered":0,"skipped":0,"pct":0},"branches":{"total":2,"covered":0,"skipped":0,"pct":0}}
,"/Users/yunjihwan/Documents/project/expo-gayangjuin/hooks/useThemeColor.ts": {"lines":{"total":5,"covered":5,"skipped":0,"pct":100},"functions":{"total":1,"covered":1,"skipped":0,"pct":100},"statements":{"total":5,"covered":5,"skipped":0,"pct":100},"branches":{"total":4,"covered":3,"skipped":0,"pct":75}}
,"/Users/yunjihwan/Documents/project/expo-gayangjuin/lib/supabase.ts": {"lines":{"total":8,"covered":0,"skipped":0,"pct":0},"functions":{"total":0,"covered":0,"skipped":0,"pct":100},"statements":{"total":8,"covered":0,"skipped":0,"pct":0},"branches":{"total":4,"covered":0,"skipped":0,"pct":0}}
,"/Users/yunjihwan/Documents/project/expo-gayangjuin/lib/api/auth.ts": {"lines":{"total":11,"covered":11,"skipped":0,"pct":100},"functions":{"total":3,"covered":3,"skipped":0,"pct":100},"statements":{"total":14,"covered":14,"skipped":0,"pct":100},"branches":{"total":6,"covered":6,"skipped":0,"pct":100}}
,"/Users/yunjihwan/Documents/project/expo-gayangjuin/lib/api/index.ts": {"lines":{"total":0,"covered":0,"skipped":0,"pct":0},"functions":{"total":0,"covered":0,"skipped":0,"pct":0},"statements":{"total":0,"covered":0,"skipped":0,"pct":0},"branches":{"total":0,"covered":0,"skipped":0,"pct":0}}
,"/Users/yunjihwan/Documents/project/expo-gayangjuin/lib/api/journal.ts": {"lines":{"total":127,"covered":73,"skipped":0,"pct":57.48},"functions":{"total":18,"covered":10,"skipped":0,"pct":55.55},"statements":{"total":127,"covered":73,"skipped":0,"pct":57.48},"branches":{"total":56,"covered":30,"skipped":0,"pct":53.57}}
,"/Users/yunjihwan/Documents/project/expo-gayangjuin/lib/api/recipe.ts": {"lines":{"total":112,"covered":25,"skipped":0,"pct":22.32},"functions":{"total":15,"covered":4,"skipped":0,"pct":26.66},"statements":{"total":118,"covered":25,"skipped":0,"pct":21.18},"branches":{"total":68,"covered":13,"skipped":0,"pct":19.11}}
,"/Users/yunjihwan/Documents/project/expo-gayangjuin/lib/query/journalQueries.ts": {"lines":{"total":60,"covered":0,"skipped":0,"pct":0},"functions":{"total":36,"covered":0,"skipped":0,"pct":0},"statements":{"total":61,"covered":0,"skipped":0,"pct":0},"branches":{"total":4,"covered":0,"skipped":0,"pct":0}}
,"/Users/yunjihwan/Documents/project/expo-gayangjuin/lib/query/queryClient.ts": {"lines":{"total":13,"covered":13,"skipped":0,"pct":100},"functions":{"total":10,"covered":10,"skipped":0,"pct":100},"statements":{"total":13,"covered":13,"skipped":0,"pct":100},"branches":{"total":0,"covered":0,"skipped":0,"pct":100}}
,"/Users/yunjihwan/Documents/project/expo-gayangjuin/lib/query/recipeQueries.ts": {"lines":{"total":29,"covered":0,"skipped":0,"pct":0},"functions":{"total":17,"covered":0,"skipped":0,"pct":0},"statements":{"total":33,"covered":0,"skipped":0,"pct":0},"branches":{"total":4,"covered":0,"skipped":0,"pct":0}}
,"/Users/yunjihwan/Documents/project/expo-gayangjuin/lib/utils/dateUtils.ts": {"lines":{"total":29,"covered":25,"skipped":0,"pct":86.2},"functions":{"total":3,"covered":3,"skipped":0,"pct":100},"statements":{"total":35,"covered":31,"skipped":0,"pct":88.57},"branches":{"total":12,"covered":12,"skipped":0,"pct":100}}
}
