{"/Users/yunjihwan/Documents/project/expo-gayangjuin/app/+not-found.tsx": {"path":"/Users/yunjihwan/Documents/project/expo-gayangjuin/app/+not-found.tsx","statementMap":{"0":{"start":{"line":8,"column":2},"end":{"line":18,"column":4}},"1":{"start":{"line":21,"column":15},"end":{"line":32,"column":2}}},"fnMap":{"0":{"name":"NotFoundScreen","decl":{"start":{"line":7,"column":24},"end":{"line":7,"column":38}},"loc":{"start":{"line":7,"column":41},"end":{"line":19,"column":1}},"line":7}},"branchMap":{},"s":{"0":0,"1":0},"f":{"0":0},"b":{}}
,"/Users/yunjihwan/Documents/project/expo-gayangjuin/app/_layout.tsx": {"path":"/Users/yunjihwan/Documents/project/expo-gayangjuin/app/_layout.tsx","statementMap":{"0":{"start":{"line":27,"column":2},"end":{"line":27,"column":64}},"1":{"start":{"line":30,"column":33},"end":{"line":32,"column":1}},"2":{"start":{"line":34,"column":0},"end":{"line":34,"column":36}},"3":{"start":{"line":37,"column":26},"end":{"line":40,"column":4}},"4":{"start":{"line":42,"column":2},"end":{"line":48,"column":9}},"5":{"start":{"line":43,"column":4},"end":{"line":47,"column":5}},"6":{"start":{"line":44,"column":6},"end":{"line":44,"column":61}},"7":{"start":{"line":46,"column":6},"end":{"line":46,"column":48}},"8":{"start":{"line":50,"column":2},"end":{"line":58,"column":14}},"9":{"start":{"line":51,"column":4},"end":{"line":57,"column":5}},"10":{"start":{"line":52,"column":6},"end":{"line":52,"column":40}},"11":{"start":{"line":54,"column":6},"end":{"line":56,"column":7}},"12":{"start":{"line":55,"column":8},"end":{"line":55,"column":20}},"13":{"start":{"line":60,"column":2},"end":{"line":66,"column":15}},"14":{"start":{"line":61,"column":4},"end":{"line":65,"column":5}},"15":{"start":{"line":62,"column":6},"end":{"line":64,"column":9}},"16":{"start":{"line":63,"column":8},"end":{"line":63,"column":50}},"17":{"start":{"line":68,"column":2},"end":{"line":70,"column":3}},"18":{"start":{"line":69,"column":4},"end":{"line":69,"column":16}},"19":{"start":{"line":72,"column":2},"end":{"line":72,"column":27}},"20":{"start":{"line":76,"column":22},"end":{"line":76,"column":38}},"21":{"start":{"line":77,"column":17},"end":{"line":77,"column":39}},"22":{"start":{"line":79,"column":2},"end":{"line":116,"column":4}}},"fnMap":{"0":{"name":"CustomErrorBoundary","decl":{"start":{"line":26,"column":16},"end":{"line":26,"column":35}},"loc":{"start":{"line":26,"column":91},"end":{"line":28,"column":1}},"line":26},"1":{"name":"RootLayout","decl":{"start":{"line":36,"column":24},"end":{"line":36,"column":34}},"loc":{"start":{"line":36,"column":37},"end":{"line":73,"column":1}},"line":36},"2":{"name":"(anonymous_2)","decl":{"start":{"line":42,"column":12},"end":{"line":42,"column":13}},"loc":{"start":{"line":42,"column":18},"end":{"line":48,"column":3}},"line":42},"3":{"name":"(anonymous_3)","decl":{"start":{"line":50,"column":12},"end":{"line":50,"column":13}},"loc":{"start":{"line":50,"column":18},"end":{"line":58,"column":3}},"line":50},"4":{"name":"(anonymous_4)","decl":{"start":{"line":60,"column":12},"end":{"line":60,"column":13}},"loc":{"start":{"line":60,"column":18},"end":{"line":66,"column":3}},"line":60},"5":{"name":"(anonymous_5)","decl":{"start":{"line":62,"column":37},"end":{"line":62,"column":38}},"loc":{"start":{"line":62,"column":46},"end":{"line":64,"column":7}},"line":62},"6":{"name":"RootLayoutNav","decl":{"start":{"line":75,"column":9},"end":{"line":75,"column":22}},"loc":{"start":{"line":75,"column":25},"end":{"line":117,"column":1}},"line":75}},"branchMap":{"0":{"loc":{"start":{"line":51,"column":4},"end":{"line":57,"column":5}},"type":"if","locations":[{"start":{"line":51,"column":4},"end":{"line":57,"column":5}},{"start":{},"end":{}}],"line":51},"1":{"loc":{"start":{"line":54,"column":6},"end":{"line":56,"column":7}},"type":"if","locations":[{"start":{"line":54,"column":6},"end":{"line":56,"column":7}},{"start":{},"end":{}}],"line":54},"2":{"loc":{"start":{"line":61,"column":4},"end":{"line":65,"column":5}},"type":"if","locations":[{"start":{"line":61,"column":4},"end":{"line":65,"column":5}},{"start":{},"end":{}}],"line":61},"3":{"loc":{"start":{"line":68,"column":2},"end":{"line":70,"column":3}},"type":"if","locations":[{"start":{"line":68,"column":2},"end":{"line":70,"column":3}},{"start":{},"end":{}}],"line":68},"4":{"loc":{"start":{"line":68,"column":6},"end":{"line":68,"column":23}},"type":"binary-expr","locations":[{"start":{"line":68,"column":6},"end":{"line":68,"column":13}},{"start":{"line":68,"column":17},"end":{"line":68,"column":23}}],"line":68},"5":{"loc":{"start":{"line":82,"column":30},"end":{"line":82,"column":63}},"type":"cond-expr","locations":[{"start":{"line":82,"column":39},"end":{"line":82,"column":48}},{"start":{"line":82,"column":51},"end":{"line":82,"column":63}}],"line":82},"6":{"loc":{"start":{"line":86,"column":34},"end":{"line":86,"column":59}},"type":"cond-expr","locations":[{"start":{"line":86,"column":43},"end":{"line":86,"column":50}},{"start":{"line":86,"column":53},"end":{"line":86,"column":59}}],"line":86},"7":{"loc":{"start":{"line":91,"column":39},"end":{"line":91,"column":69}},"type":"cond-expr","locations":[{"start":{"line":91,"column":48},"end":{"line":91,"column":57}},{"start":{"line":91,"column":60},"end":{"line":91,"column":69}}],"line":91}},"s":{"0":0,"1":0,"2":0,"3":0,"4":0,"5":0,"6":0,"7":0,"8":0,"9":0,"10":0,"11":0,"12":0,"13":0,"14":0,"15":0,"16":0,"17":0,"18":0,"19":0,"20":0,"21":0,"22":0},"f":{"0":0,"1":0,"2":0,"3":0,"4":0,"5":0,"6":0},"b":{"0":[0,0],"1":[0,0],"2":[0,0],"3":[0,0],"4":[0,0],"5":[0,0],"6":[0,0],"7":[0,0]}}
,"/Users/yunjihwan/Documents/project/expo-gayangjuin/app/adult-verification.tsx": {"path":"/Users/yunjihwan/Documents/project/expo-gayangjuin/app/adult-verification.tsx","statementMap":{"0":{"start":{"line":28,"column":40},"end":{"line":28,"column":52}},"1":{"start":{"line":29,"column":42},"end":{"line":33,"column":4}},"2":{"start":{"line":34,"column":40},"end":{"line":34,"column":55}},"3":{"start":{"line":35,"column":17},"end":{"line":35,"column":28}},"4":{"start":{"line":38,"column":22},"end":{"line":38,"column":43}},"5":{"start":{"line":39,"column":23},"end":{"line":39,"column":44}},"6":{"start":{"line":42,"column":2},"end":{"line":62,"column":15}},"7":{"start":{"line":44,"column":4},"end":{"line":44,"column":30}},"8":{"start":{"line":65,"column":22},"end":{"line":71,"column":3}},"9":{"start":{"line":66,"column":4},"end":{"line":66,"column":59}},"10":{"start":{"line":67,"column":4},"end":{"line":70,"column":8}},"11":{"start":{"line":67,"column":31},"end":{"line":70,"column":5}},"12":{"start":{"line":74,"column":30},"end":{"line":125,"column":3}},"13":{"start":{"line":75,"column":4},"end":{"line":75,"column":40}},"14":{"start":{"line":75,"column":33},"end":{"line":75,"column":40}},"15":{"start":{"line":77,"column":4},"end":{"line":77,"column":72}},"16":{"start":{"line":80,"column":4},"end":{"line":92,"column":15}},"17":{"start":{"line":95,"column":4},"end":{"line":100,"column":15}},"18":{"start":{"line":102,"column":4},"end":{"line":124,"column":5}},"19":{"start":{"line":103,"column":6},"end":{"line":103,"column":27}},"20":{"start":{"line":106,"column":6},"end":{"line":106,"column":32}},"21":{"start":{"line":120,"column":6},"end":{"line":120,"column":39}},"22":{"start":{"line":121,"column":6},"end":{"line":121,"column":55}},"23":{"start":{"line":123,"column":6},"end":{"line":123,"column":28}},"24":{"start":{"line":127,"column":2},"end":{"line":340,"column":4}},"25":{"start":{"line":234,"column":33},"end":{"line":234,"column":55}},"26":{"start":{"line":266,"column":33},"end":{"line":266,"column":55}},"27":{"start":{"line":298,"column":33},"end":{"line":298,"column":57}}},"fnMap":{"0":{"name":"AdultVerificationScreen","decl":{"start":{"line":27,"column":24},"end":{"line":27,"column":47}},"loc":{"start":{"line":27,"column":50},"end":{"line":341,"column":1}},"line":27},"1":{"name":"(anonymous_1)","decl":{"start":{"line":42,"column":12},"end":{"line":42,"column":13}},"loc":{"start":{"line":42,"column":18},"end":{"line":62,"column":3}},"line":42},"2":{"name":"(anonymous_2)","decl":{"start":{"line":65,"column":22},"end":{"line":65,"column":23}},"loc":{"start":{"line":65,"column":46},"end":{"line":71,"column":3}},"line":65},"3":{"name":"(anonymous_3)","decl":{"start":{"line":67,"column":20},"end":{"line":67,"column":21}},"loc":{"start":{"line":67,"column":31},"end":{"line":70,"column":5}},"line":67},"4":{"name":"(anonymous_4)","decl":{"start":{"line":74,"column":30},"end":{"line":74,"column":31}},"loc":{"start":{"line":74,"column":42},"end":{"line":125,"column":3}},"line":74},"5":{"name":"(anonymous_5)","decl":{"start":{"line":234,"column":27},"end":{"line":234,"column":28}},"loc":{"start":{"line":234,"column":33},"end":{"line":234,"column":55}},"line":234},"6":{"name":"(anonymous_6)","decl":{"start":{"line":266,"column":27},"end":{"line":266,"column":28}},"loc":{"start":{"line":266,"column":33},"end":{"line":266,"column":55}},"line":266},"7":{"name":"(anonymous_7)","decl":{"start":{"line":298,"column":27},"end":{"line":298,"column":28}},"loc":{"start":{"line":298,"column":33},"end":{"line":298,"column":57}},"line":298}},"branchMap":{"0":{"loc":{"start":{"line":75,"column":4},"end":{"line":75,"column":40}},"type":"if","locations":[{"start":{"line":75,"column":4},"end":{"line":75,"column":40}},{"start":{},"end":{}}],"line":75},"1":{"loc":{"start":{"line":131,"column":18},"end":{"line":131,"column":62}},"type":"cond-expr","locations":[{"start":{"line":131,"column":42},"end":{"line":131,"column":51}},{"start":{"line":131,"column":54},"end":{"line":131,"column":62}}],"line":131},"2":{"loc":{"start":{"line":224,"column":26},"end":{"line":224,"column":64}},"type":"binary-expr","locations":[{"start":{"line":224,"column":26},"end":{"line":224,"column":49}},{"start":{"line":224,"column":53},"end":{"line":224,"column":64}}],"line":224},"3":{"loc":{"start":{"line":226,"column":17},"end":{"line":226,"column":58}},"type":"cond-expr","locations":[{"start":{"line":226,"column":31},"end":{"line":226,"column":40}},{"start":{"line":226,"column":43},"end":{"line":226,"column":58}}],"line":226},"4":{"loc":{"start":{"line":240,"column":22},"end":{"line":242,"column":52}},"type":"cond-expr","locations":[{"start":{"line":241,"column":26},"end":{"line":241,"column":44}},{"start":{"line":242,"column":26},"end":{"line":242,"column":52}}],"line":240},"5":{"loc":{"start":{"line":246,"column":22},"end":{"line":248,"column":44}},"type":"cond-expr","locations":[{"start":{"line":247,"column":26},"end":{"line":247,"column":49}},{"start":{"line":248,"column":26},"end":{"line":248,"column":44}}],"line":246},"6":{"loc":{"start":{"line":272,"column":22},"end":{"line":274,"column":52}},"type":"cond-expr","locations":[{"start":{"line":273,"column":26},"end":{"line":273,"column":44}},{"start":{"line":274,"column":26},"end":{"line":274,"column":52}}],"line":272},"7":{"loc":{"start":{"line":278,"column":22},"end":{"line":280,"column":44}},"type":"cond-expr","locations":[{"start":{"line":279,"column":26},"end":{"line":279,"column":49}},{"start":{"line":280,"column":26},"end":{"line":280,"column":44}}],"line":278},"8":{"loc":{"start":{"line":304,"column":22},"end":{"line":306,"column":52}},"type":"cond-expr","locations":[{"start":{"line":305,"column":26},"end":{"line":305,"column":44}},{"start":{"line":306,"column":26},"end":{"line":306,"column":52}}],"line":304},"9":{"loc":{"start":{"line":310,"column":22},"end":{"line":312,"column":44}},"type":"cond-expr","locations":[{"start":{"line":311,"column":26},"end":{"line":311,"column":49}},{"start":{"line":312,"column":26},"end":{"line":312,"column":44}}],"line":310}},"s":{"0":0,"1":0,"2":0,"3":0,"4":0,"5":0,"6":0,"7":0,"8":0,"9":0,"10":0,"11":0,"12":0,"13":0,"14":0,"15":0,"16":0,"17":0,"18":0,"19":0,"20":0,"21":0,"22":0,"23":0,"24":0,"25":0,"26":0,"27":0},"f":{"0":0,"1":0,"2":0,"3":0,"4":0,"5":0,"6":0,"7":0},"b":{"0":[0,0],"1":[0,0],"2":[0,0],"3":[0,0],"4":[0,0],"5":[0,0],"6":[0,0],"7":[0,0],"8":[0,0],"9":[0,0]}}
,"/Users/yunjihwan/Documents/project/expo-gayangjuin/app/index.tsx": {"path":"/Users/yunjihwan/Documents/project/expo-gayangjuin/app/index.tsx","statementMap":{"0":{"start":{"line":8,"column":0},"end":{"line":8,"column":36}},"1":{"start":{"line":11,"column":41},"end":{"line":11,"column":50}},"2":{"start":{"line":13,"column":2},"end":{"line":18,"column":18}},"3":{"start":{"line":15,"column":4},"end":{"line":17,"column":5}},"4":{"start":{"line":16,"column":6},"end":{"line":16,"column":31}},"5":{"start":{"line":21,"column":2},"end":{"line":27,"column":3}},"6":{"start":{"line":22,"column":4},"end":{"line":26,"column":6}},"7":{"start":{"line":30,"column":2},"end":{"line":34,"column":3}},"8":{"start":{"line":31,"column":4},"end":{"line":31,"column":39}},"9":{"start":{"line":33,"column":4},"end":{"line":33,"column":38}}},"fnMap":{"0":{"name":"Index","decl":{"start":{"line":10,"column":24},"end":{"line":10,"column":29}},"loc":{"start":{"line":10,"column":32},"end":{"line":35,"column":1}},"line":10},"1":{"name":"(anonymous_1)","decl":{"start":{"line":13,"column":12},"end":{"line":13,"column":13}},"loc":{"start":{"line":13,"column":18},"end":{"line":18,"column":3}},"line":13}},"branchMap":{"0":{"loc":{"start":{"line":15,"column":4},"end":{"line":17,"column":5}},"type":"if","locations":[{"start":{"line":15,"column":4},"end":{"line":17,"column":5}},{"start":{},"end":{}}],"line":15},"1":{"loc":{"start":{"line":21,"column":2},"end":{"line":27,"column":3}},"type":"if","locations":[{"start":{"line":21,"column":2},"end":{"line":27,"column":3}},{"start":{},"end":{}}],"line":21},"2":{"loc":{"start":{"line":30,"column":2},"end":{"line":34,"column":3}},"type":"if","locations":[{"start":{"line":30,"column":2},"end":{"line":34,"column":3}},{"start":{"line":32,"column":9},"end":{"line":34,"column":3}}],"line":30}},"s":{"0":0,"1":0,"2":0,"3":0,"4":0,"5":0,"6":0,"7":0,"8":0,"9":0},"f":{"0":0,"1":0},"b":{"0":[0,0],"1":[0,0],"2":[0,0]}}
,"/Users/yunjihwan/Documents/project/expo-gayangjuin/app/login.tsx": {"path":"/Users/yunjihwan/Documents/project/expo-gayangjuin/app/login.tsx","statementMap":{"0":{"start":{"line":24,"column":17},"end":{"line":24,"column":28}},"1":{"start":{"line":30,"column":6},"end":{"line":30,"column":15}},"2":{"start":{"line":31,"column":42},"end":{"line":31,"column":71}},"3":{"start":{"line":34,"column":2},"end":{"line":38,"column":32}},"4":{"start":{"line":35,"column":4},"end":{"line":37,"column":5}},"5":{"start":{"line":36,"column":6},"end":{"line":36,"column":32}},"6":{"start":{"line":41,"column":28},"end":{"line":56,"column":3}},"7":{"start":{"line":42,"column":4},"end":{"line":55,"column":5}},"8":{"start":{"line":43,"column":6},"end":{"line":43,"column":32}},"9":{"start":{"line":44,"column":6},"end":{"line":44,"column":35}},"10":{"start":{"line":48,"column":6},"end":{"line":48,"column":41}},"11":{"start":{"line":49,"column":6},"end":{"line":52,"column":8}},"12":{"start":{"line":54,"column":6},"end":{"line":54,"column":28}},"13":{"start":{"line":59,"column":27},"end":{"line":74,"column":3}},"14":{"start":{"line":60,"column":4},"end":{"line":73,"column":5}},"15":{"start":{"line":61,"column":6},"end":{"line":61,"column":31}},"16":{"start":{"line":62,"column":6},"end":{"line":62,"column":34}},"17":{"start":{"line":66,"column":6},"end":{"line":66,"column":42}},"18":{"start":{"line":67,"column":6},"end":{"line":70,"column":8}},"19":{"start":{"line":72,"column":6},"end":{"line":72,"column":28}},"20":{"start":{"line":76,"column":2},"end":{"line":176,"column":4}}},"fnMap":{"0":{"name":"LoginScreen","decl":{"start":{"line":23,"column":24},"end":{"line":23,"column":35}},"loc":{"start":{"line":23,"column":38},"end":{"line":177,"column":1}},"line":23},"1":{"name":"(anonymous_1)","decl":{"start":{"line":34,"column":18},"end":{"line":34,"column":19}},"loc":{"start":{"line":34,"column":24},"end":{"line":38,"column":3}},"line":34},"2":{"name":"(anonymous_2)","decl":{"start":{"line":41,"column":28},"end":{"line":41,"column":29}},"loc":{"start":{"line":41,"column":40},"end":{"line":56,"column":3}},"line":41},"3":{"name":"(anonymous_3)","decl":{"start":{"line":59,"column":27},"end":{"line":59,"column":28}},"loc":{"start":{"line":59,"column":39},"end":{"line":74,"column":3}},"line":59}},"branchMap":{"0":{"loc":{"start":{"line":35,"column":4},"end":{"line":37,"column":5}},"type":"if","locations":[{"start":{"line":35,"column":4},"end":{"line":37,"column":5}},{"start":{},"end":{}}],"line":35},"1":{"loc":{"start":{"line":80,"column":18},"end":{"line":80,"column":62}},"type":"cond-expr","locations":[{"start":{"line":80,"column":42},"end":{"line":80,"column":51}},{"start":{"line":80,"column":54},"end":{"line":80,"column":62}}],"line":80},"2":{"loc":{"start":{"line":110,"column":15},"end":{"line":170,"column":15}},"type":"cond-expr","locations":[{"start":{"line":111,"column":16},"end":{"line":116,"column":23}},{"start":{"line":118,"column":16},"end":{"line":169,"column":19}}],"line":110},"3":{"loc":{"start":{"line":156,"column":30},"end":{"line":156,"column":64}},"type":"binary-expr","locations":[{"start":{"line":156,"column":30},"end":{"line":156,"column":39}},{"start":{"line":156,"column":43},"end":{"line":156,"column":64}}],"line":156},"4":{"loc":{"start":{"line":158,"column":21},"end":{"line":167,"column":21}},"type":"cond-expr","locations":[{"start":{"line":159,"column":22},"end":{"line":164,"column":29}},{"start":{"line":166,"column":22},"end":{"line":166,"column":33}}],"line":158}},"s":{"0":0,"1":0,"2":0,"3":0,"4":0,"5":0,"6":0,"7":0,"8":0,"9":0,"10":0,"11":0,"12":0,"13":0,"14":0,"15":0,"16":0,"17":0,"18":0,"19":0,"20":0},"f":{"0":0,"1":0,"2":0,"3":0},"b":{"0":[0,0],"1":[0,0],"2":[0,0],"3":[0,0],"4":[0,0]}}
,"/Users/yunjihwan/Documents/project/expo-gayangjuin/app/(tabs)/_layout.tsx": {"path":"/Users/yunjihwan/Documents/project/expo-gayangjuin/app/(tabs)/_layout.tsx","statementMap":{"0":{"start":{"line":8,"column":22},"end":{"line":8,"column":38}},"1":{"start":{"line":9,"column":17},"end":{"line":9,"column":39}},"2":{"start":{"line":11,"column":2},"end":{"line":93,"column":4}},"3":{"start":{"line":13,"column":37},"end":{"line":35,"column":7}},"4":{"start":{"line":43,"column":12},"end":{"line":43,"column":70}},"5":{"start":{"line":54,"column":12},"end":{"line":54,"column":70}},"6":{"start":{"line":65,"column":12},"end":{"line":65,"column":70}},"7":{"start":{"line":77,"column":12},"end":{"line":77,"column":72}},"8":{"start":{"line":88,"column":12},"end":{"line":88,"column":72}}},"fnMap":{"0":{"name":"TabLayout","decl":{"start":{"line":7,"column":24},"end":{"line":7,"column":33}},"loc":{"start":{"line":7,"column":36},"end":{"line":94,"column":1}},"line":7},"1":{"name":"(anonymous_1)","decl":{"start":{"line":13,"column":21},"end":{"line":13,"column":22}},"loc":{"start":{"line":13,"column":37},"end":{"line":35,"column":7}},"line":13},"2":{"name":"(anonymous_2)","decl":{"start":{"line":42,"column":22},"end":{"line":42,"column":23}},"loc":{"start":{"line":43,"column":12},"end":{"line":43,"column":70}},"line":43},"3":{"name":"(anonymous_3)","decl":{"start":{"line":53,"column":22},"end":{"line":53,"column":23}},"loc":{"start":{"line":54,"column":12},"end":{"line":54,"column":70}},"line":54},"4":{"name":"(anonymous_4)","decl":{"start":{"line":64,"column":22},"end":{"line":64,"column":23}},"loc":{"start":{"line":65,"column":12},"end":{"line":65,"column":70}},"line":65},"5":{"name":"(anonymous_5)","decl":{"start":{"line":76,"column":22},"end":{"line":76,"column":23}},"loc":{"start":{"line":77,"column":12},"end":{"line":77,"column":72}},"line":77},"6":{"name":"(anonymous_6)","decl":{"start":{"line":87,"column":22},"end":{"line":87,"column":23}},"loc":{"start":{"line":88,"column":12},"end":{"line":88,"column":72}},"line":88}},"branchMap":{"0":{"loc":{"start":{"line":19,"column":27},"end":{"line":19,"column":63}},"type":"cond-expr","locations":[{"start":{"line":19,"column":36},"end":{"line":19,"column":54}},{"start":{"line":19,"column":57},"end":{"line":19,"column":63}}],"line":19},"1":{"loc":{"start":{"line":20,"column":26},"end":{"line":20,"column":74}},"type":"cond-expr","locations":[{"start":{"line":20,"column":35},"end":{"line":20,"column":53}},{"start":{"line":20,"column":56},"end":{"line":20,"column":74}}],"line":20}},"s":{"0":0,"1":0,"2":0,"3":0,"4":0,"5":0,"6":0,"7":0,"8":0},"f":{"0":0,"1":0,"2":0,"3":0,"4":0,"5":0,"6":0},"b":{"0":[0,0],"1":[0,0]}}
,"/Users/yunjihwan/Documents/project/expo-gayangjuin/app/(tabs)/index.tsx": {"path":"/Users/yunjihwan/Documents/project/expo-gayangjuin/app/(tabs)/index.tsx","statementMap":{"0":{"start":{"line":20,"column":61},"end":{"line":20,"column":73}},"1":{"start":{"line":22,"column":63},"end":{"line":22,"column":76}},"2":{"start":{"line":25,"column":24},"end":{"line":27,"column":16}},"3":{"start":{"line":26,"column":20},"end":{"line":26,"column":72}},"4":{"start":{"line":30,"column":25},"end":{"line":32,"column":16}},"5":{"start":{"line":31,"column":20},"end":{"line":31,"column":72}},"6":{"start":{"line":34,"column":25},"end":{"line":43,"column":3}},"7":{"start":{"line":45,"column":2},"end":{"line":45,"column":42}},"8":{"start":{"line":47,"column":2},"end":{"line":433,"column":4}},"9":{"start":{"line":150,"column":45},"end":{"line":150,"column":77}},"10":{"start":{"line":167,"column":18},"end":{"line":232,"column":37}},"11":{"start":{"line":170,"column":35},"end":{"line":170,"column":71}},"12":{"start":{"line":239,"column":35},"end":{"line":239,"column":65}},"13":{"start":{"line":262,"column":45},"end":{"line":262,"column":78}},"14":{"start":{"line":274,"column":16},"end":{"line":325,"column":35}},"15":{"start":{"line":277,"column":33},"end":{"line":277,"column":71}},"16":{"start":{"line":331,"column":31},"end":{"line":331,"column":62}}},"fnMap":{"0":{"name":"HomeScreen","decl":{"start":{"line":18,"column":24},"end":{"line":18,"column":34}},"loc":{"start":{"line":18,"column":37},"end":{"line":434,"column":1}},"line":18},"1":{"name":"(anonymous_1)","decl":{"start":{"line":26,"column":10},"end":{"line":26,"column":11}},"loc":{"start":{"line":26,"column":20},"end":{"line":26,"column":72}},"line":26},"2":{"name":"(anonymous_2)","decl":{"start":{"line":31,"column":10},"end":{"line":31,"column":11}},"loc":{"start":{"line":31,"column":20},"end":{"line":31,"column":72}},"line":31},"3":{"name":"(anonymous_3)","decl":{"start":{"line":150,"column":39},"end":{"line":150,"column":40}},"loc":{"start":{"line":150,"column":45},"end":{"line":150,"column":77}},"line":150},"4":{"name":"(anonymous_4)","decl":{"start":{"line":166,"column":35},"end":{"line":166,"column":36}},"loc":{"start":{"line":167,"column":18},"end":{"line":232,"column":37}},"line":167},"5":{"name":"(anonymous_5)","decl":{"start":{"line":170,"column":29},"end":{"line":170,"column":30}},"loc":{"start":{"line":170,"column":35},"end":{"line":170,"column":71}},"line":170},"6":{"name":"(anonymous_6)","decl":{"start":{"line":239,"column":29},"end":{"line":239,"column":30}},"loc":{"start":{"line":239,"column":35},"end":{"line":239,"column":65}},"line":239},"7":{"name":"(anonymous_7)","decl":{"start":{"line":262,"column":39},"end":{"line":262,"column":40}},"loc":{"start":{"line":262,"column":45},"end":{"line":262,"column":78}},"line":262},"8":{"name":"(anonymous_8)","decl":{"start":{"line":273,"column":34},"end":{"line":273,"column":35}},"loc":{"start":{"line":274,"column":16},"end":{"line":325,"column":35}},"line":274},"9":{"name":"(anonymous_9)","decl":{"start":{"line":277,"column":27},"end":{"line":277,"column":28}},"loc":{"start":{"line":277,"column":33},"end":{"line":277,"column":71}},"line":277},"10":{"name":"(anonymous_10)","decl":{"start":{"line":331,"column":25},"end":{"line":331,"column":26}},"loc":{"start":{"line":331,"column":31},"end":{"line":331,"column":62}},"line":331}},"branchMap":{"0":{"loc":{"start":{"line":25,"column":25},"end":{"line":25,"column":42}},"type":"binary-expr","locations":[{"start":{"line":25,"column":25},"end":{"line":25,"column":36}},{"start":{"line":25,"column":40},"end":{"line":25,"column":42}}],"line":25},"1":{"loc":{"start":{"line":26,"column":21},"end":{"line":26,"column":38}},"type":"binary-expr","locations":[{"start":{"line":26,"column":21},"end":{"line":26,"column":33}},{"start":{"line":26,"column":37},"end":{"line":26,"column":38}}],"line":26},"2":{"loc":{"start":{"line":26,"column":54},"end":{"line":26,"column":71}},"type":"binary-expr","locations":[{"start":{"line":26,"column":54},"end":{"line":26,"column":66}},{"start":{"line":26,"column":70},"end":{"line":26,"column":71}}],"line":26},"3":{"loc":{"start":{"line":30,"column":26},"end":{"line":30,"column":44}},"type":"binary-expr","locations":[{"start":{"line":30,"column":26},"end":{"line":30,"column":38}},{"start":{"line":30,"column":42},"end":{"line":30,"column":44}}],"line":30},"4":{"loc":{"start":{"line":31,"column":21},"end":{"line":31,"column":38}},"type":"binary-expr","locations":[{"start":{"line":31,"column":21},"end":{"line":31,"column":33}},{"start":{"line":31,"column":37},"end":{"line":31,"column":38}}],"line":31},"5":{"loc":{"start":{"line":31,"column":54},"end":{"line":31,"column":71}},"type":"binary-expr","locations":[{"start":{"line":31,"column":54},"end":{"line":31,"column":66}},{"start":{"line":31,"column":70},"end":{"line":31,"column":71}}],"line":31},"6":{"loc":{"start":{"line":160,"column":13},"end":{"line":252,"column":13}},"type":"cond-expr","locations":[{"start":{"line":161,"column":14},"end":{"line":163,"column":21}},{"start":{"line":165,"column":14},"end":{"line":251,"column":17}}],"line":160},"7":{"loc":{"start":{"line":176,"column":28},"end":{"line":182,"column":46}},"type":"cond-expr","locations":[{"start":{"line":177,"column":32},"end":{"line":177,"column":46}},{"start":{"line":178,"column":32},"end":{"line":182,"column":46}}],"line":176},"8":{"loc":{"start":{"line":178,"column":32},"end":{"line":182,"column":46}},"type":"cond-expr","locations":[{"start":{"line":179,"column":32},"end":{"line":179,"column":46}},{"start":{"line":180,"column":32},"end":{"line":182,"column":46}}],"line":178},"9":{"loc":{"start":{"line":180,"column":32},"end":{"line":182,"column":46}},"type":"cond-expr","locations":[{"start":{"line":181,"column":32},"end":{"line":181,"column":46}},{"start":{"line":182,"column":32},"end":{"line":182,"column":46}}],"line":180},"10":{"loc":{"start":{"line":187,"column":30},"end":{"line":193,"column":50}},"type":"cond-expr","locations":[{"start":{"line":188,"column":34},"end":{"line":188,"column":50}},{"start":{"line":189,"column":34},"end":{"line":193,"column":50}}],"line":187},"11":{"loc":{"start":{"line":189,"column":34},"end":{"line":193,"column":50}},"type":"cond-expr","locations":[{"start":{"line":190,"column":34},"end":{"line":190,"column":50}},{"start":{"line":191,"column":34},"end":{"line":193,"column":50}}],"line":189},"12":{"loc":{"start":{"line":191,"column":34},"end":{"line":193,"column":50}},"type":"cond-expr","locations":[{"start":{"line":192,"column":34},"end":{"line":192,"column":50}},{"start":{"line":193,"column":34},"end":{"line":193,"column":50}}],"line":191},"13":{"loc":{"start":{"line":209,"column":29},"end":{"line":209,"column":62}},"type":"binary-expr","locations":[{"start":{"line":209,"column":29},"end":{"line":209,"column":57}},{"start":{"line":209,"column":61},"end":{"line":209,"column":62}}],"line":209},"14":{"loc":{"start":{"line":236,"column":17},"end":{"line":250,"column":17}},"type":"binary-expr","locations":[{"start":{"line":236,"column":17},"end":{"line":236,"column":42}},{"start":{"line":237,"column":18},"end":{"line":249,"column":37}}],"line":236},"15":{"loc":{"start":{"line":267,"column":11},"end":{"line":345,"column":11}},"type":"cond-expr","locations":[{"start":{"line":268,"column":12},"end":{"line":270,"column":19}},{"start":{"line":272,"column":12},"end":{"line":344,"column":15}}],"line":267},"16":{"loc":{"start":{"line":281,"column":23},"end":{"line":293,"column":23}},"type":"cond-expr","locations":[{"start":{"line":282,"column":24},"end":{"line":286,"column":26}},{"start":{"line":288,"column":24},"end":{"line":292,"column":26}}],"line":281},"17":{"loc":{"start":{"line":296,"column":27},"end":{"line":296,"column":58}},"type":"binary-expr","locations":[{"start":{"line":296,"column":27},"end":{"line":296,"column":48}},{"start":{"line":296,"column":52},"end":{"line":296,"column":58}}],"line":296}},"s":{"0":0,"1":0,"2":0,"3":0,"4":0,"5":0,"6":0,"7":0,"8":0,"9":0,"10":0,"11":0,"12":0,"13":0,"14":0,"15":0,"16":0},"f":{"0":0,"1":0,"2":0,"3":0,"4":0,"5":0,"6":0,"7":0,"8":0,"9":0,"10":0},"b":{"0":[0,0],"1":[0,0],"2":[0,0],"3":[0,0],"4":[0,0],"5":[0,0],"6":[0,0],"7":[0,0],"8":[0,0],"9":[0,0],"10":[0,0],"11":[0,0],"12":[0,0],"13":[0,0],"14":[0,0],"15":[0,0],"16":[0,0],"17":[0,0]}}
,"/Users/yunjihwan/Documents/project/expo-gayangjuin/app/(tabs)/(events)/index.tsx": {"path":"/Users/yunjihwan/Documents/project/expo-gayangjuin/app/(tabs)/(events)/index.tsx","statementMap":{"0":{"start":{"line":27,"column":17},"end":{"line":27,"column":28}},"1":{"start":{"line":30,"column":30},"end":{"line":71,"column":4}},"2":{"start":{"line":74,"column":26},"end":{"line":133,"column":3}},"3":{"start":{"line":75,"column":4},"end":{"line":132,"column":23}},"4":{"start":{"line":135,"column":2},"end":{"line":167,"column":4}},"5":{"start":{"line":162,"column":32},"end":{"line":162,"column":39}},"6":{"start":{"line":170,"column":15},"end":{"line":312,"column":2}}},"fnMap":{"0":{"name":"EventsScreen","decl":{"start":{"line":26,"column":24},"end":{"line":26,"column":36}},"loc":{"start":{"line":26,"column":39},"end":{"line":168,"column":1}},"line":26},"1":{"name":"(anonymous_1)","decl":{"start":{"line":74,"column":26},"end":{"line":74,"column":27}},"loc":{"start":{"line":75,"column":4},"end":{"line":132,"column":23}},"line":75},"2":{"name":"(anonymous_2)","decl":{"start":{"line":162,"column":22},"end":{"line":162,"column":23}},"loc":{"start":{"line":162,"column":32},"end":{"line":162,"column":39}},"line":162}},"branchMap":{"0":{"loc":{"start":{"line":87,"column":11},"end":{"line":91,"column":11}},"type":"binary-expr","locations":[{"start":{"line":87,"column":11},"end":{"line":87,"column":22}},{"start":{"line":88,"column":12},"end":{"line":90,"column":19}}],"line":87}},"s":{"0":0,"1":0,"2":0,"3":0,"4":0,"5":0,"6":0},"f":{"0":0,"1":0,"2":0},"b":{"0":[0,0]}}
,"/Users/yunjihwan/Documents/project/expo-gayangjuin/app/(tabs)/(journals)/index.tsx": {"path":"/Users/yunjihwan/Documents/project/expo-gayangjuin/app/(tabs)/(journals)/index.tsx","statementMap":{"0":{"start":{"line":33,"column":19},"end":{"line":33,"column":28}},"1":{"start":{"line":34,"column":60},"end":{"line":34,"column":73}},"2":{"start":{"line":35,"column":20},"end":{"line":35,"column":34}},"3":{"start":{"line":38,"column":2},"end":{"line":42,"column":27}},"4":{"start":{"line":39,"column":4},"end":{"line":41,"column":5}},"5":{"start":{"line":40,"column":6},"end":{"line":40,"column":16}},"6":{"start":{"line":45,"column":77},"end":{"line":51,"column":3}},"7":{"start":{"line":54,"column":22},"end":{"line":70,"column":3}},"8":{"start":{"line":57,"column":54},"end":{"line":63,"column":5}},"9":{"start":{"line":65,"column":4},"end":{"line":67,"column":5}},"10":{"start":{"line":66,"column":6},"end":{"line":66,"column":19}},"11":{"start":{"line":69,"column":4},"end":{"line":69,"column":39}},"12":{"start":{"line":73,"column":21},"end":{"line":80,"column":3}},"13":{"start":{"line":74,"column":4},"end":{"line":74,"column":31}},"14":{"start":{"line":74,"column":21},"end":{"line":74,"column":31}},"15":{"start":{"line":75,"column":4},"end":{"line":79,"column":5}},"16":{"start":{"line":76,"column":6},"end":{"line":76,"column":72}},"17":{"start":{"line":78,"column":6},"end":{"line":78,"column":24}},"18":{"start":{"line":82,"column":2},"end":{"line":238,"column":4}},"19":{"start":{"line":94,"column":27},"end":{"line":94,"column":58}},"20":{"start":{"line":138,"column":27},"end":{"line":138,"column":58}},"21":{"start":{"line":149,"column":43},"end":{"line":151,"column":21}},"22":{"start":{"line":153,"column":12},"end":{"line":213,"column":14}},"23":{"start":{"line":157,"column":31},"end":{"line":157,"column":69}},"24":{"start":{"line":219,"column":27},"end":{"line":219,"column":58}}},"fnMap":{"0":{"name":"JournalsScreen","decl":{"start":{"line":32,"column":24},"end":{"line":32,"column":38}},"loc":{"start":{"line":32,"column":41},"end":{"line":239,"column":1}},"line":32},"1":{"name":"(anonymous_1)","decl":{"start":{"line":38,"column":12},"end":{"line":38,"column":13}},"loc":{"start":{"line":38,"column":18},"end":{"line":42,"column":3}},"line":38},"2":{"name":"(anonymous_2)","decl":{"start":{"line":54,"column":22},"end":{"line":54,"column":23}},"loc":{"start":{"line":56,"column":21},"end":{"line":70,"column":3}},"line":56},"3":{"name":"(anonymous_3)","decl":{"start":{"line":73,"column":21},"end":{"line":73,"column":22}},"loc":{"start":{"line":73,"column":72},"end":{"line":80,"column":3}},"line":73},"4":{"name":"(anonymous_4)","decl":{"start":{"line":94,"column":21},"end":{"line":94,"column":22}},"loc":{"start":{"line":94,"column":27},"end":{"line":94,"column":58}},"line":94},"5":{"name":"(anonymous_5)","decl":{"start":{"line":138,"column":21},"end":{"line":138,"column":22}},"loc":{"start":{"line":138,"column":27},"end":{"line":138,"column":58}},"line":138},"6":{"name":"(anonymous_6)","decl":{"start":{"line":148,"column":28},"end":{"line":148,"column":29}},"loc":{"start":{"line":148,"column":41},"end":{"line":214,"column":11}},"line":148},"7":{"name":"(anonymous_7)","decl":{"start":{"line":157,"column":25},"end":{"line":157,"column":26}},"loc":{"start":{"line":157,"column":31},"end":{"line":157,"column":69}},"line":157},"8":{"name":"(anonymous_8)","decl":{"start":{"line":219,"column":21},"end":{"line":219,"column":22}},"loc":{"start":{"line":219,"column":27},"end":{"line":219,"column":58}},"line":219}},"branchMap":{"0":{"loc":{"start":{"line":39,"column":4},"end":{"line":41,"column":5}},"type":"if","locations":[{"start":{"line":39,"column":4},"end":{"line":41,"column":5}},{"start":{},"end":{}}],"line":39},"1":{"loc":{"start":{"line":65,"column":4},"end":{"line":67,"column":5}},"type":"if","locations":[{"start":{"line":65,"column":4},"end":{"line":67,"column":5}},{"start":{},"end":{}}],"line":65},"2":{"loc":{"start":{"line":65,"column":8},"end":{"line":65,"column":35}},"type":"binary-expr","locations":[{"start":{"line":65,"column":8},"end":{"line":65,"column":13}},{"start":{"line":65,"column":17},"end":{"line":65,"column":35}}],"line":65},"3":{"loc":{"start":{"line":74,"column":4},"end":{"line":74,"column":31}},"type":"if","locations":[{"start":{"line":74,"column":4},"end":{"line":74,"column":31}},{"start":{},"end":{}}],"line":74},"4":{"loc":{"start":{"line":102,"column":7},"end":{"line":109,"column":7}},"type":"binary-expr","locations":[{"start":{"line":102,"column":7},"end":{"line":102,"column":16}},{"start":{"line":103,"column":8},"end":{"line":108,"column":15}}],"line":102},"5":{"loc":{"start":{"line":112,"column":7},"end":{"line":124,"column":7}},"type":"binary-expr","locations":[{"start":{"line":112,"column":7},"end":{"line":112,"column":12}},{"start":{"line":113,"column":8},"end":{"line":123,"column":15}}],"line":112},"6":{"loc":{"start":{"line":119,"column":13},"end":{"line":121,"column":31}},"type":"cond-expr","locations":[{"start":{"line":120,"column":16},"end":{"line":120,"column":29}},{"start":{"line":121,"column":16},"end":{"line":121,"column":31}}],"line":119},"7":{"loc":{"start":{"line":127,"column":7},"end":{"line":143,"column":7}},"type":"binary-expr","locations":[{"start":{"line":127,"column":7},"end":{"line":127,"column":17}},{"start":{"line":127,"column":21},"end":{"line":127,"column":27}},{"start":{"line":127,"column":32},"end":{"line":127,"column":45}},{"start":{"line":127,"column":49},"end":{"line":127,"column":74}},{"start":{"line":128,"column":8},"end":{"line":142,"column":15}}],"line":127},"8":{"loc":{"start":{"line":146,"column":7},"end":{"line":236,"column":7}},"type":"binary-expr","locations":[{"start":{"line":146,"column":7},"end":{"line":146,"column":17}},{"start":{"line":146,"column":21},"end":{"line":146,"column":27}},{"start":{"line":146,"column":31},"end":{"line":146,"column":43}},{"start":{"line":146,"column":47},"end":{"line":146,"column":70}},{"start":{"line":147,"column":8},"end":{"line":235,"column":21}}],"line":146},"9":{"loc":{"start":{"line":149,"column":43},"end":{"line":151,"column":21}},"type":"cond-expr","locations":[{"start":{"line":150,"column":16},"end":{"line":150,"column":49}},{"start":{"line":151,"column":16},"end":{"line":151,"column":21}}],"line":149},"10":{"loc":{"start":{"line":188,"column":23},"end":{"line":188,"column":56}},"type":"binary-expr","locations":[{"start":{"line":188,"column":23},"end":{"line":188,"column":42}},{"start":{"line":188,"column":46},"end":{"line":188,"column":56}}],"line":188},"11":{"loc":{"start":{"line":193,"column":19},"end":{"line":210,"column":19}},"type":"cond-expr","locations":[{"start":{"line":194,"column":20},"end":{"line":198,"column":22}},{"start":{"line":200,"column":20},"end":{"line":209,"column":27}}],"line":193}},"s":{"0":0,"1":0,"2":0,"3":0,"4":0,"5":0,"6":0,"7":0,"8":0,"9":0,"10":0,"11":0,"12":0,"13":0,"14":0,"15":0,"16":0,"17":0,"18":0,"19":0,"20":0,"21":0,"22":0,"23":0,"24":0},"f":{"0":0,"1":0,"2":0,"3":0,"4":0,"5":0,"6":0,"7":0,"8":0},"b":{"0":[0,0],"1":[0,0],"2":[0,0],"3":[0,0],"4":[0,0],"5":[0,0],"6":[0,0],"7":[0,0,0,0,0],"8":[0,0,0,0,0],"9":[0,0],"10":[0,0],"11":[0,0]}}
,"/Users/yunjihwan/Documents/project/expo-gayangjuin/app/(tabs)/(profile)/index.tsx": {"path":"/Users/yunjihwan/Documents/project/expo-gayangjuin/app/(tabs)/(profile)/index.tsx","statementMap":{"0":{"start":{"line":60,"column":34},"end":{"line":60,"column":55}},"1":{"start":{"line":61,"column":50},"end":{"line":61,"column":71}},"2":{"start":{"line":62,"column":36},"end":{"line":62,"column":56}},"3":{"start":{"line":63,"column":44},"end":{"line":63,"column":65}},"4":{"start":{"line":64,"column":28},"end":{"line":64,"column":63}},"5":{"start":{"line":67,"column":21},"end":{"line":67,"column":61}},"6":{"start":{"line":69,"column":38},"end":{"line":69,"column":47}},"7":{"start":{"line":70,"column":33},"end":{"line":70,"column":46}},"8":{"start":{"line":71,"column":32},"end":{"line":71,"column":44}},"9":{"start":{"line":74,"column":26},"end":{"line":82,"column":4}},"10":{"start":{"line":85,"column":27},"end":{"line":136,"column":3}},"11":{"start":{"line":86,"column":4},"end":{"line":90,"column":5}},"12":{"start":{"line":87,"column":6},"end":{"line":87,"column":29}},"13":{"start":{"line":88,"column":6},"end":{"line":88,"column":26}},"14":{"start":{"line":89,"column":6},"end":{"line":89,"column":13}},"15":{"start":{"line":92,"column":4},"end":{"line":135,"column":5}},"16":{"start":{"line":93,"column":6},"end":{"line":93,"column":25}},"17":{"start":{"line":94,"column":6},"end":{"line":94,"column":21}},"18":{"start":{"line":97,"column":42},"end":{"line":101,"column":17}},"19":{"start":{"line":103,"column":6},"end":{"line":105,"column":7}},"20":{"start":{"line":104,"column":8},"end":{"line":104,"column":25}},"21":{"start":{"line":107,"column":6},"end":{"line":129,"column":7}},"22":{"start":{"line":110,"column":10},"end":{"line":111,"column":24}},"23":{"start":{"line":110,"column":42},"end":{"line":110,"column":72}},"24":{"start":{"line":114,"column":10},"end":{"line":115,"column":24}},"25":{"start":{"line":114,"column":44},"end":{"line":114,"column":75}},"26":{"start":{"line":117,"column":41},"end":{"line":125,"column":9}},"27":{"start":{"line":127,"column":8},"end":{"line":127,"column":29}},"28":{"start":{"line":128,"column":8},"end":{"line":128,"column":69}},"29":{"start":{"line":131,"column":6},"end":{"line":131,"column":43}},"30":{"start":{"line":132,"column":6},"end":{"line":132,"column":40}},"31":{"start":{"line":134,"column":6},"end":{"line":134,"column":26}},"32":{"start":{"line":139,"column":39},"end":{"line":171,"column":3}},"33":{"start":{"line":140,"column":4},"end":{"line":143,"column":5}},"34":{"start":{"line":141,"column":6},"end":{"line":141,"column":38}},"35":{"start":{"line":142,"column":6},"end":{"line":142,"column":13}},"36":{"start":{"line":145,"column":4},"end":{"line":170,"column":5}},"37":{"start":{"line":146,"column":6},"end":{"line":146,"column":29}},"38":{"start":{"line":147,"column":6},"end":{"line":147,"column":33}},"39":{"start":{"line":149,"column":24},"end":{"line":152,"column":30}},"40":{"start":{"line":154,"column":6},"end":{"line":156,"column":7}},"41":{"start":{"line":155,"column":8},"end":{"line":155,"column":20}},"42":{"start":{"line":159,"column":6},"end":{"line":162,"column":10}},"43":{"start":{"line":159,"column":25},"end":{"line":162,"column":7}},"44":{"start":{"line":164,"column":6},"end":{"line":164,"column":41}},"45":{"start":{"line":166,"column":6},"end":{"line":166,"column":34}},"46":{"start":{"line":167,"column":6},"end":{"line":167,"column":51}},"47":{"start":{"line":169,"column":6},"end":{"line":169,"column":30}},"48":{"start":{"line":174,"column":2},"end":{"line":176,"column":44}},"49":{"start":{"line":175,"column":4},"end":{"line":175,"column":23}},"50":{"start":{"line":179,"column":44},"end":{"line":210,"column":3}},"51":{"start":{"line":186,"column":4},"end":{"line":209,"column":23}},"52":{"start":{"line":213,"column":44},"end":{"line":236,"column":3}},"53":{"start":{"line":220,"column":4},"end":{"line":235,"column":11}},"54":{"start":{"line":239,"column":48},"end":{"line":270,"column":3}},"55":{"start":{"line":246,"column":4},"end":{"line":269,"column":11}},"56":{"start":{"line":273,"column":28},"end":{"line":275,"column":3}},"57":{"start":{"line":274,"column":4},"end":{"line":274,"column":33}},"58":{"start":{"line":278,"column":23},"end":{"line":287,"column":3}},"59":{"start":{"line":279,"column":4},"end":{"line":286,"column":5}},"60":{"start":{"line":280,"column":6},"end":{"line":280,"column":22}},"61":{"start":{"line":282,"column":6},"end":{"line":282,"column":31}},"62":{"start":{"line":284,"column":6},"end":{"line":284,"column":39}},"63":{"start":{"line":285,"column":6},"end":{"line":285,"column":45}},"64":{"start":{"line":290,"column":2},"end":{"line":299,"column":3}},"65":{"start":{"line":291,"column":4},"end":{"line":298,"column":6}},"66":{"start":{"line":302,"column":2},"end":{"line":319,"column":3}},"67":{"start":{"line":303,"column":4},"end":{"line":318,"column":6}},"68":{"start":{"line":321,"column":2},"end":{"line":474,"column":4}},"69":{"start":{"line":372,"column":29},"end":{"line":372,"column":61}},"70":{"start":{"line":383,"column":29},"end":{"line":383,"column":62}},"71":{"start":{"line":404,"column":25},"end":{"line":404,"column":57}},"72":{"start":{"line":411,"column":25},"end":{"line":411,"column":58}}},"fnMap":{"0":{"name":"ProfileScreen","decl":{"start":{"line":59,"column":24},"end":{"line":59,"column":37}},"loc":{"start":{"line":59,"column":40},"end":{"line":475,"column":1}},"line":59},"1":{"name":"(anonymous_1)","decl":{"start":{"line":85,"column":27},"end":{"line":85,"column":28}},"loc":{"start":{"line":85,"column":39},"end":{"line":136,"column":3}},"line":85},"2":{"name":"(anonymous_2)","decl":{"start":{"line":110,"column":30},"end":{"line":110,"column":31}},"loc":{"start":{"line":110,"column":42},"end":{"line":110,"column":72}},"line":110},"3":{"name":"(anonymous_3)","decl":{"start":{"line":114,"column":31},"end":{"line":114,"column":32}},"loc":{"start":{"line":114,"column":44},"end":{"line":114,"column":75}},"line":114},"4":{"name":"(anonymous_4)","decl":{"start":{"line":139,"column":39},"end":{"line":139,"column":40}},"loc":{"start":{"line":139,"column":65},"end":{"line":171,"column":3}},"line":139},"5":{"name":"(anonymous_5)","decl":{"start":{"line":159,"column":14},"end":{"line":159,"column":15}},"loc":{"start":{"line":159,"column":25},"end":{"line":162,"column":7}},"line":159},"6":{"name":"(anonymous_6)","decl":{"start":{"line":174,"column":12},"end":{"line":174,"column":13}},"loc":{"start":{"line":174,"column":18},"end":{"line":176,"column":3}},"line":174},"7":{"name":"(anonymous_7)","decl":{"start":{"line":179,"column":44},"end":{"line":179,"column":45}},"loc":{"start":{"line":186,"column":4},"end":{"line":209,"column":23}},"line":186},"8":{"name":"(anonymous_8)","decl":{"start":{"line":213,"column":44},"end":{"line":213,"column":45}},"loc":{"start":{"line":220,"column":4},"end":{"line":235,"column":11}},"line":220},"9":{"name":"(anonymous_9)","decl":{"start":{"line":239,"column":48},"end":{"line":239,"column":49}},"loc":{"start":{"line":246,"column":4},"end":{"line":269,"column":11}},"line":246},"10":{"name":"(anonymous_10)","decl":{"start":{"line":273,"column":28},"end":{"line":273,"column":29}},"loc":{"start":{"line":273,"column":34},"end":{"line":275,"column":3}},"line":273},"11":{"name":"(anonymous_11)","decl":{"start":{"line":278,"column":23},"end":{"line":278,"column":24}},"loc":{"start":{"line":278,"column":35},"end":{"line":287,"column":3}},"line":278},"12":{"name":"(anonymous_12)","decl":{"start":{"line":372,"column":23},"end":{"line":372,"column":24}},"loc":{"start":{"line":372,"column":29},"end":{"line":372,"column":61}},"line":372},"13":{"name":"(anonymous_13)","decl":{"start":{"line":383,"column":23},"end":{"line":383,"column":24}},"loc":{"start":{"line":383,"column":29},"end":{"line":383,"column":62}},"line":383},"14":{"name":"(anonymous_14)","decl":{"start":{"line":404,"column":19},"end":{"line":404,"column":20}},"loc":{"start":{"line":404,"column":25},"end":{"line":404,"column":57}},"line":404},"15":{"name":"(anonymous_15)","decl":{"start":{"line":411,"column":19},"end":{"line":411,"column":20}},"loc":{"start":{"line":411,"column":25},"end":{"line":411,"column":58}},"line":411}},"branchMap":{"0":{"loc":{"start":{"line":67,"column":21},"end":{"line":67,"column":61}},"type":"binary-expr","locations":[{"start":{"line":67,"column":21},"end":{"line":67,"column":50}},{"start":{"line":67,"column":54},"end":{"line":67,"column":61}}],"line":67},"1":{"loc":{"start":{"line":86,"column":4},"end":{"line":90,"column":5}},"type":"if","locations":[{"start":{"line":86,"column":4},"end":{"line":90,"column":5}},{"start":{},"end":{}}],"line":86},"2":{"loc":{"start":{"line":103,"column":6},"end":{"line":105,"column":7}},"type":"if","locations":[{"start":{"line":103,"column":6},"end":{"line":105,"column":7}},{"start":{},"end":{}}],"line":103},"3":{"loc":{"start":{"line":107,"column":6},"end":{"line":129,"column":7}},"type":"if","locations":[{"start":{"line":107,"column":6},"end":{"line":129,"column":7}},{"start":{},"end":{}}],"line":107},"4":{"loc":{"start":{"line":110,"column":10},"end":{"line":111,"column":24}},"type":"binary-expr","locations":[{"start":{"line":110,"column":10},"end":{"line":111,"column":19}},{"start":{"line":111,"column":23},"end":{"line":111,"column":24}}],"line":110},"5":{"loc":{"start":{"line":114,"column":10},"end":{"line":115,"column":24}},"type":"binary-expr","locations":[{"start":{"line":114,"column":10},"end":{"line":115,"column":19}},{"start":{"line":115,"column":23},"end":{"line":115,"column":24}}],"line":114},"6":{"loc":{"start":{"line":118,"column":16},"end":{"line":118,"column":73}},"type":"binary-expr","locations":[{"start":{"line":118,"column":16},"end":{"line":118,"column":30}},{"start":{"line":118,"column":34},"end":{"line":118,"column":67}},{"start":{"line":118,"column":71},"end":{"line":118,"column":73}}],"line":118},"7":{"loc":{"start":{"line":119,"column":17},"end":{"line":119,"column":51}},"type":"binary-expr","locations":[{"start":{"line":119,"column":17},"end":{"line":119,"column":27}},{"start":{"line":119,"column":31},"end":{"line":119,"column":45}},{"start":{"line":119,"column":49},"end":{"line":119,"column":51}}],"line":119},"8":{"loc":{"start":{"line":120,"column":15},"end":{"line":120,"column":29}},"type":"binary-expr","locations":[{"start":{"line":120,"column":15},"end":{"line":120,"column":23}},{"start":{"line":120,"column":27},"end":{"line":120,"column":29}}],"line":120},"9":{"loc":{"start":{"line":121,"column":24},"end":{"line":121,"column":47}},"type":"binary-expr","locations":[{"start":{"line":121,"column":24},"end":{"line":121,"column":39}},{"start":{"line":121,"column":43},"end":{"line":121,"column":47}}],"line":121},"10":{"loc":{"start":{"line":124,"column":35},"end":{"line":124,"column":74}},"type":"binary-expr","locations":[{"start":{"line":124,"column":35},"end":{"line":124,"column":65}},{"start":{"line":124,"column":69},"end":{"line":124,"column":74}}],"line":124},"11":{"loc":{"start":{"line":128,"column":28},"end":{"line":128,"column":67}},"type":"binary-expr","locations":[{"start":{"line":128,"column":28},"end":{"line":128,"column":58}},{"start":{"line":128,"column":62},"end":{"line":128,"column":67}}],"line":128},"12":{"loc":{"start":{"line":140,"column":4},"end":{"line":143,"column":5}},"type":"if","locations":[{"start":{"line":140,"column":4},"end":{"line":143,"column":5}},{"start":{},"end":{}}],"line":140},"13":{"loc":{"start":{"line":154,"column":6},"end":{"line":156,"column":7}},"type":"if","locations":[{"start":{"line":154,"column":6},"end":{"line":156,"column":7}},{"start":{},"end":{}}],"line":154},"14":{"loc":{"start":{"line":184,"column":4},"end":{"line":184,"column":22}},"type":"default-arg","locations":[{"start":{"line":184,"column":18},"end":{"line":184,"column":22}}],"line":184},"15":{"loc":{"start":{"line":200,"column":9},"end":{"line":204,"column":9}},"type":"binary-expr","locations":[{"start":{"line":200,"column":9},"end":{"line":200,"column":17}},{"start":{"line":201,"column":10},"end":{"line":203,"column":17}}],"line":200},"16":{"loc":{"start":{"line":206,"column":7},"end":{"line":208,"column":7}},"type":"binary-expr","locations":[{"start":{"line":206,"column":7},"end":{"line":206,"column":18}},{"start":{"line":207,"column":8},"end":{"line":207,"column":80}}],"line":206},"17":{"loc":{"start":{"line":217,"column":4},"end":{"line":217,"column":27}},"type":"default-arg","locations":[{"start":{"line":217,"column":18},"end":{"line":217,"column":27}}],"line":217},"18":{"loc":{"start":{"line":218,"column":4},"end":{"line":218,"column":25}},"type":"default-arg","locations":[{"start":{"line":218,"column":16},"end":{"line":218,"column":25}}],"line":218},"19":{"loc":{"start":{"line":256,"column":7},"end":{"line":268,"column":7}},"type":"cond-expr","locations":[{"start":{"line":257,"column":8},"end":{"line":257,"column":72}},{"start":{"line":259,"column":8},"end":{"line":267,"column":10}}],"line":256},"20":{"loc":{"start":{"line":290,"column":2},"end":{"line":299,"column":3}},"type":"if","locations":[{"start":{"line":290,"column":2},"end":{"line":299,"column":3}},{"start":{},"end":{}}],"line":290},"21":{"loc":{"start":{"line":290,"column":6},"end":{"line":290,"column":29}},"type":"binary-expr","locations":[{"start":{"line":290,"column":6},"end":{"line":290,"column":15}},{"start":{"line":290,"column":19},"end":{"line":290,"column":29}}],"line":290},"22":{"loc":{"start":{"line":302,"column":2},"end":{"line":319,"column":3}},"type":"if","locations":[{"start":{"line":302,"column":2},"end":{"line":319,"column":3}},{"start":{},"end":{}}],"line":302},"23":{"loc":{"start":{"line":337,"column":15},"end":{"line":344,"column":15}},"type":"cond-expr","locations":[{"start":{"line":338,"column":16},"end":{"line":341,"column":18}},{"start":{"line":343,"column":16},"end":{"line":343,"column":79}}],"line":337},"24":{"loc":{"start":{"line":348,"column":17},"end":{"line":348,"column":37}},"type":"binary-expr","locations":[{"start":{"line":348,"column":17},"end":{"line":348,"column":26}},{"start":{"line":348,"column":30},"end":{"line":348,"column":37}}],"line":348},"25":{"loc":{"start":{"line":351,"column":17},"end":{"line":351,"column":39}},"type":"binary-expr","locations":[{"start":{"line":351,"column":17},"end":{"line":351,"column":27}},{"start":{"line":351,"column":31},"end":{"line":351,"column":39}}],"line":351},"26":{"loc":{"start":{"line":359,"column":19},"end":{"line":359,"column":50}},"type":"cond-expr","locations":[{"start":{"line":359,"column":31},"end":{"line":359,"column":39}},{"start":{"line":359,"column":42},"end":{"line":359,"column":50}}],"line":359},"27":{"loc":{"start":{"line":366,"column":13},"end":{"line":366,"column":38}},"type":"binary-expr","locations":[{"start":{"line":366,"column":13},"end":{"line":366,"column":21}},{"start":{"line":366,"column":25},"end":{"line":366,"column":38}}],"line":366}},"s":{"0":0,"1":0,"2":0,"3":0,"4":0,"5":0,"6":0,"7":0,"8":0,"9":0,"10":0,"11":0,"12":0,"13":0,"14":0,"15":0,"16":0,"17":0,"18":0,"19":0,"20":0,"21":0,"22":0,"23":0,"24":0,"25":0,"26":0,"27":0,"28":0,"29":0,"30":0,"31":0,"32":0,"33":0,"34":0,"35":0,"36":0,"37":0,"38":0,"39":0,"40":0,"41":0,"42":0,"43":0,"44":0,"45":0,"46":0,"47":0,"48":0,"49":0,"50":0,"51":0,"52":0,"53":0,"54":0,"55":0,"56":0,"57":0,"58":0,"59":0,"60":0,"61":0,"62":0,"63":0,"64":0,"65":0,"66":0,"67":0,"68":0,"69":0,"70":0,"71":0,"72":0},"f":{"0":0,"1":0,"2":0,"3":0,"4":0,"5":0,"6":0,"7":0,"8":0,"9":0,"10":0,"11":0,"12":0,"13":0,"14":0,"15":0},"b":{"0":[0,0],"1":[0,0],"2":[0,0],"3":[0,0],"4":[0,0],"5":[0,0],"6":[0,0,0],"7":[0,0,0],"8":[0,0],"9":[0,0],"10":[0,0],"11":[0,0],"12":[0,0],"13":[0,0],"14":[0],"15":[0,0],"16":[0,0],"17":[0],"18":[0],"19":[0,0],"20":[0,0],"21":[0,0],"22":[0,0],"23":[0,0],"24":[0,0],"25":[0,0],"26":[0,0],"27":[0,0]}}
,"/Users/yunjihwan/Documents/project/expo-gayangjuin/app/(tabs)/(recipes)/index.tsx": {"path":"/Users/yunjihwan/Documents/project/expo-gayangjuin/app/(tabs)/(recipes)/index.tsx","statementMap":{"0":{"start":{"line":39,"column":36},"end":{"line":39,"column":45}},"1":{"start":{"line":40,"column":40},"end":{"line":40,"column":52}},"2":{"start":{"line":41,"column":50},"end":{"line":41,"column":65}},"3":{"start":{"line":42,"column":22},"end":{"line":42,"column":38}},"4":{"start":{"line":45,"column":50},"end":{"line":45,"column":62}},"5":{"start":{"line":48,"column":2},"end":{"line":54,"column":4}},"6":{"start":{"line":51,"column":6},"end":{"line":51,"column":70}},"7":{"start":{"line":52,"column":6},"end":{"line":52,"column":22}},"8":{"start":{"line":57,"column":21},"end":{"line":93,"column":3}},"9":{"start":{"line":96,"column":18},"end":{"line":115,"column":8}},"10":{"start":{"line":97,"column":40},"end":{"line":114,"column":7}},"11":{"start":{"line":106,"column":45},"end":{"line":106,"column":77}},"12":{"start":{"line":118,"column":26},"end":{"line":133,"column":6}},"13":{"start":{"line":120,"column":6},"end":{"line":120,"column":50}},"14":{"start":{"line":120,"column":38},"end":{"line":120,"column":50}},"15":{"start":{"line":122,"column":6},"end":{"line":122,"column":75}},"16":{"start":{"line":122,"column":46},"end":{"line":122,"column":75}},"17":{"start":{"line":123,"column":6},"end":{"line":123,"column":73}},"18":{"start":{"line":123,"column":44},"end":{"line":123,"column":73}},"19":{"start":{"line":124,"column":6},"end":{"line":124,"column":69}},"20":{"start":{"line":124,"column":40},"end":{"line":124,"column":69}},"21":{"start":{"line":125,"column":6},"end":{"line":125,"column":71}},"22":{"start":{"line":125,"column":40},"end":{"line":125,"column":71}},"23":{"start":{"line":127,"column":6},"end":{"line":127,"column":18}},"24":{"start":{"line":131,"column":6},"end":{"line":131,"column":36}},"25":{"start":{"line":131,"column":24},"end":{"line":131,"column":36}},"26":{"start":{"line":132,"column":6},"end":{"line":132,"column":76}},"27":{"start":{"line":138,"column":6},"end":{"line":143,"column":3}},"28":{"start":{"line":145,"column":2},"end":{"line":356,"column":4}},"29":{"start":{"line":157,"column":27},"end":{"line":157,"column":57}},"30":{"start":{"line":174,"column":45},"end":{"line":174,"column":63}},"31":{"start":{"line":193,"column":12},"end":{"line":226,"column":31}},"32":{"start":{"line":195,"column":29},"end":{"line":195,"column":61}},"33":{"start":{"line":255,"column":16},"end":{"line":255,"column":79}},"34":{"start":{"line":279,"column":31},"end":{"line":279,"column":61}},"35":{"start":{"line":288,"column":14},"end":{"line":331,"column":33}},"36":{"start":{"line":291,"column":31},"end":{"line":291,"column":67}},"37":{"start":{"line":336,"column":29},"end":{"line":336,"column":59}}},"fnMap":{"0":{"name":"RecipesScreen","decl":{"start":{"line":38,"column":24},"end":{"line":38,"column":37}},"loc":{"start":{"line":38,"column":40},"end":{"line":357,"column":1}},"line":38},"1":{"name":"(anonymous_1)","decl":{"start":{"line":49,"column":22},"end":{"line":49,"column":23}},"loc":{"start":{"line":49,"column":28},"end":{"line":53,"column":5}},"line":49},"2":{"name":"(anonymous_2)","decl":{"start":{"line":52,"column":13},"end":{"line":52,"column":14}},"loc":{"start":{"line":52,"column":19},"end":{"line":52,"column":21}},"line":52},"3":{"name":"(anonymous_3)","decl":{"start":{"line":97,"column":22},"end":{"line":97,"column":23}},"loc":{"start":{"line":97,"column":40},"end":{"line":114,"column":7}},"line":97},"4":{"name":"(anonymous_4)","decl":{"start":{"line":106,"column":16},"end":{"line":106,"column":17}},"loc":{"start":{"line":106,"column":45},"end":{"line":106,"column":77}},"line":106},"5":{"name":"(anonymous_5)","decl":{"start":{"line":119,"column":12},"end":{"line":119,"column":13}},"loc":{"start":{"line":119,"column":24},"end":{"line":128,"column":5}},"line":119},"6":{"name":"(anonymous_6)","decl":{"start":{"line":129,"column":12},"end":{"line":129,"column":13}},"loc":{"start":{"line":129,"column":24},"end":{"line":133,"column":5}},"line":129},"7":{"name":"(anonymous_7)","decl":{"start":{"line":157,"column":21},"end":{"line":157,"column":22}},"loc":{"start":{"line":157,"column":27},"end":{"line":157,"column":57}},"line":157},"8":{"name":"(anonymous_8)","decl":{"start":{"line":174,"column":39},"end":{"line":174,"column":40}},"loc":{"start":{"line":174,"column":45},"end":{"line":174,"column":63}},"line":174},"9":{"name":"(anonymous_9)","decl":{"start":{"line":192,"column":26},"end":{"line":192,"column":27}},"loc":{"start":{"line":193,"column":12},"end":{"line":226,"column":31}},"line":193},"10":{"name":"(anonymous_10)","decl":{"start":{"line":195,"column":23},"end":{"line":195,"column":24}},"loc":{"start":{"line":195,"column":29},"end":{"line":195,"column":61}},"line":195},"11":{"name":"(anonymous_11)","decl":{"start":{"line":254,"column":23},"end":{"line":254,"column":24}},"loc":{"start":{"line":255,"column":16},"end":{"line":255,"column":79}},"line":255},"12":{"name":"(anonymous_12)","decl":{"start":{"line":279,"column":25},"end":{"line":279,"column":26}},"loc":{"start":{"line":279,"column":31},"end":{"line":279,"column":61}},"line":279},"13":{"name":"(anonymous_13)","decl":{"start":{"line":287,"column":33},"end":{"line":287,"column":34}},"loc":{"start":{"line":288,"column":14},"end":{"line":331,"column":33}},"line":288},"14":{"name":"(anonymous_14)","decl":{"start":{"line":291,"column":25},"end":{"line":291,"column":26}},"loc":{"start":{"line":291,"column":31},"end":{"line":291,"column":67}},"line":291},"15":{"name":"(anonymous_15)","decl":{"start":{"line":336,"column":23},"end":{"line":336,"column":24}},"loc":{"start":{"line":336,"column":29},"end":{"line":336,"column":59}},"line":336}},"branchMap":{"0":{"loc":{"start":{"line":96,"column":18},"end":{"line":115,"column":8}},"type":"cond-expr","locations":[{"start":{"line":97,"column":6},"end":{"line":114,"column":9}},{"start":{"line":115,"column":6},"end":{"line":115,"column":8}}],"line":96},"1":{"loc":{"start":{"line":104,"column":10},"end":{"line":109,"column":45}},"type":"cond-expr","locations":[{"start":{"line":105,"column":14},"end":{"line":108,"column":15}},{"start":{"line":109,"column":14},"end":{"line":109,"column":45}}],"line":104},"2":{"loc":{"start":{"line":104,"column":10},"end":{"line":104,"column":69}},"type":"binary-expr","locations":[{"start":{"line":104,"column":10},"end":{"line":104,"column":30}},{"start":{"line":104,"column":34},"end":{"line":104,"column":69}}],"line":104},"3":{"loc":{"start":{"line":106,"column":52},"end":{"line":106,"column":76}},"type":"binary-expr","locations":[{"start":{"line":106,"column":52},"end":{"line":106,"column":71}},{"start":{"line":106,"column":75},"end":{"line":106,"column":76}}],"line":106},"4":{"loc":{"start":{"line":109,"column":14},"end":{"line":109,"column":45}},"type":"binary-expr","locations":[{"start":{"line":109,"column":14},"end":{"line":109,"column":40}},{"start":{"line":109,"column":44},"end":{"line":109,"column":45}}],"line":109},"5":{"loc":{"start":{"line":120,"column":6},"end":{"line":120,"column":50}},"type":"if","locations":[{"start":{"line":120,"column":6},"end":{"line":120,"column":50}},{"start":{},"end":{}}],"line":120},"6":{"loc":{"start":{"line":122,"column":6},"end":{"line":122,"column":75}},"type":"if","locations":[{"start":{"line":122,"column":6},"end":{"line":122,"column":75}},{"start":{},"end":{}}],"line":122},"7":{"loc":{"start":{"line":123,"column":6},"end":{"line":123,"column":73}},"type":"if","locations":[{"start":{"line":123,"column":6},"end":{"line":123,"column":73}},{"start":{},"end":{}}],"line":123},"8":{"loc":{"start":{"line":124,"column":6},"end":{"line":124,"column":69}},"type":"if","locations":[{"start":{"line":124,"column":6},"end":{"line":124,"column":69}},{"start":{},"end":{}}],"line":124},"9":{"loc":{"start":{"line":125,"column":6},"end":{"line":125,"column":71}},"type":"if","locations":[{"start":{"line":125,"column":6},"end":{"line":125,"column":71}},{"start":{},"end":{}}],"line":125},"10":{"loc":{"start":{"line":131,"column":6},"end":{"line":131,"column":36}},"type":"if","locations":[{"start":{"line":131,"column":6},"end":{"line":131,"column":36}},{"start":{},"end":{}}],"line":131},"11":{"loc":{"start":{"line":173,"column":11},"end":{"line":181,"column":18}},"type":"cond-expr","locations":[{"start":{"line":174,"column":12},"end":{"line":180,"column":31}},{"start":{"line":181,"column":14},"end":{"line":181,"column":18}}],"line":173},"12":{"loc":{"start":{"line":197,"column":16},"end":{"line":199,"column":50}},"type":"cond-expr","locations":[{"start":{"line":198,"column":20},"end":{"line":198,"column":42}},{"start":{"line":199,"column":20},"end":{"line":199,"column":50}}],"line":197},"13":{"loc":{"start":{"line":203,"column":18},"end":{"line":203,"column":76}},"type":"cond-expr","locations":[{"start":{"line":203,"column":53},"end":{"line":203,"column":64}},{"start":{"line":203,"column":67},"end":{"line":203,"column":76}}],"line":203},"14":{"loc":{"start":{"line":210,"column":18},"end":{"line":212,"column":40}},"type":"cond-expr","locations":[{"start":{"line":211,"column":22},"end":{"line":211,"column":36}},{"start":{"line":212,"column":22},"end":{"line":212,"column":40}}],"line":210},"15":{"loc":{"start":{"line":219,"column":20},"end":{"line":221,"column":42}},"type":"cond-expr","locations":[{"start":{"line":220,"column":24},"end":{"line":220,"column":38}},{"start":{"line":221,"column":24},"end":{"line":221,"column":42}}],"line":219},"16":{"loc":{"start":{"line":233,"column":9},"end":{"line":353,"column":9}},"type":"cond-expr","locations":[{"start":{"line":234,"column":10},"end":{"line":239,"column":17}},{"start":{"line":240,"column":12},"end":{"line":353,"column":9}}],"line":233},"17":{"loc":{"start":{"line":240,"column":12},"end":{"line":353,"column":9}},"type":"cond-expr","locations":[{"start":{"line":241,"column":10},"end":{"line":260,"column":17}},{"start":{"line":261,"column":12},"end":{"line":353,"column":9}}],"line":240},"18":{"loc":{"start":{"line":248,"column":15},"end":{"line":250,"column":42}},"type":"cond-expr","locations":[{"start":{"line":249,"column":18},"end":{"line":249,"column":31}},{"start":{"line":250,"column":18},"end":{"line":250,"column":42}}],"line":248},"19":{"loc":{"start":{"line":261,"column":12},"end":{"line":353,"column":9}},"type":"cond-expr","locations":[{"start":{"line":262,"column":10},"end":{"line":284,"column":17}},{"start":{"line":286,"column":10},"end":{"line":352,"column":13}}],"line":261},"20":{"loc":{"start":{"line":269,"column":15},"end":{"line":269,"column":59}},"type":"cond-expr","locations":[{"start":{"line":269,"column":29},"end":{"line":269,"column":42}},{"start":{"line":269,"column":45},"end":{"line":269,"column":59}}],"line":269},"21":{"loc":{"start":{"line":272,"column":15},"end":{"line":274,"column":33}},"type":"cond-expr","locations":[{"start":{"line":273,"column":18},"end":{"line":273,"column":34}},{"start":{"line":274,"column":18},"end":{"line":274,"column":33}}],"line":272},"22":{"loc":{"start":{"line":276,"column":13},"end":{"line":283,"column":13}},"type":"binary-expr","locations":[{"start":{"line":276,"column":13},"end":{"line":276,"column":25}},{"start":{"line":277,"column":14},"end":{"line":282,"column":33}}],"line":276}},"s":{"0":0,"1":0,"2":0,"3":0,"4":0,"5":0,"6":0,"7":0,"8":0,"9":0,"10":0,"11":0,"12":0,"13":0,"14":0,"15":0,"16":0,"17":0,"18":0,"19":0,"20":0,"21":0,"22":0,"23":0,"24":0,"25":0,"26":0,"27":0,"28":0,"29":0,"30":0,"31":0,"32":0,"33":0,"34":0,"35":0,"36":0,"37":0},"f":{"0":0,"1":0,"2":0,"3":0,"4":0,"5":0,"6":0,"7":0,"8":0,"9":0,"10":0,"11":0,"12":0,"13":0,"14":0,"15":0},"b":{"0":[0,0],"1":[0,0],"2":[0,0],"3":[0,0],"4":[0,0],"5":[0,0],"6":[0,0],"7":[0,0],"8":[0,0],"9":[0,0],"10":[0,0],"11":[0,0],"12":[0,0],"13":[0,0],"14":[0,0],"15":[0,0],"16":[0,0],"17":[0,0],"18":[0,0],"19":[0,0],"20":[0,0],"21":[0,0],"22":[0,0]}}
,"/Users/yunjihwan/Documents/project/expo-gayangjuin/app/journals/create.tsx": {"path":"/Users/yunjihwan/Documents/project/expo-gayangjuin/app/journals/create.tsx","statementMap":{"0":{"start":{"line":48,"column":17},"end":{"line":48,"column":28}},"1":{"start":{"line":49,"column":17},"end":{"line":49,"column":63}},"2":{"start":{"line":50,"column":22},"end":{"line":50,"column":38}},"3":{"start":{"line":51,"column":17},"end":{"line":51,"column":39}},"4":{"start":{"line":52,"column":28},"end":{"line":52,"column":40}},"5":{"start":{"line":53,"column":40},"end":{"line":53,"column":52}},"6":{"start":{"line":54,"column":50},"end":{"line":54,"column":79}},"7":{"start":{"line":55,"column":56},"end":{"line":57,"column":3}},"8":{"start":{"line":58,"column":42},"end":{"line":58,"column":57}},"9":{"start":{"line":59,"column":40},"end":{"line":59,"column":55}},"10":{"start":{"line":60,"column":30},"end":{"line":60,"column":57}},"11":{"start":{"line":63,"column":55},"end":{"line":63,"column":67}},"12":{"start":{"line":66,"column":61},"end":{"line":66,"column":79}},"13":{"start":{"line":69,"column":2},"end":{"line":86,"column":34}},"14":{"start":{"line":70,"column":4},"end":{"line":85,"column":5}},"15":{"start":{"line":72,"column":21},"end":{"line":72,"column":75}},"16":{"start":{"line":72,"column":49},"end":{"line":72,"column":74}},"17":{"start":{"line":73,"column":6},"end":{"line":84,"column":7}},"18":{"start":{"line":74,"column":8},"end":{"line":74,"column":39}},"19":{"start":{"line":75,"column":8},"end":{"line":75,"column":60}},"20":{"start":{"line":78,"column":8},"end":{"line":83,"column":9}},"21":{"start":{"line":79,"column":10},"end":{"line":79,"column":42}},"22":{"start":{"line":80,"column":10},"end":{"line":82,"column":12}},"23":{"start":{"line":89,"column":2},"end":{"line":134,"column":34}},"24":{"start":{"line":90,"column":4},"end":{"line":133,"column":5}},"25":{"start":{"line":91,"column":29},"end":{"line":93,"column":7}},"26":{"start":{"line":92,"column":23},"end":{"line":92,"column":48}},"27":{"start":{"line":94,"column":6},"end":{"line":130,"column":7}},"28":{"start":{"line":96,"column":8},"end":{"line":98,"column":10}},"29":{"start":{"line":100,"column":8},"end":{"line":126,"column":9}},"30":{"start":{"line":104,"column":10},"end":{"line":106,"column":12}},"31":{"start":{"line":108,"column":10},"end":{"line":116,"column":12}},"32":{"start":{"line":110,"column":14},"end":{"line":114,"column":16}},"33":{"start":{"line":119,"column":10},"end":{"line":119,"column":50}},"34":{"start":{"line":121,"column":10},"end":{"line":124,"column":12}},"35":{"start":{"line":125,"column":10},"end":{"line":125,"column":24}},"36":{"start":{"line":128,"column":8},"end":{"line":128,"column":63}},"37":{"start":{"line":129,"column":8},"end":{"line":129,"column":22}},"38":{"start":{"line":132,"column":6},"end":{"line":132,"column":20}},"39":{"start":{"line":137,"column":56},"end":{"line":169,"column":3}},"40":{"start":{"line":172,"column":25},"end":{"line":174,"column":3}},"41":{"start":{"line":173,"column":19},"end":{"line":173,"column":44}},"42":{"start":{"line":177,"column":24},"end":{"line":179,"column":3}},"43":{"start":{"line":178,"column":24},"end":{"line":178,"column":62}},"44":{"start":{"line":182,"column":29},"end":{"line":200,"column":3}},"45":{"start":{"line":183,"column":4},"end":{"line":183,"column":60}},"46":{"start":{"line":183,"column":20},"end":{"line":183,"column":60}},"47":{"start":{"line":186,"column":17},"end":{"line":186,"column":33}},"48":{"start":{"line":189,"column":4},"end":{"line":191,"column":5}},"49":{"start":{"line":190,"column":6},"end":{"line":190,"column":32}},"50":{"start":{"line":194,"column":4},"end":{"line":196,"column":5}},"51":{"start":{"line":195,"column":6},"end":{"line":195,"column":39}},"52":{"start":{"line":199,"column":4},"end":{"line":199,"column":44}},"53":{"start":{"line":202,"column":29},"end":{"line":228,"column":3}},"54":{"start":{"line":203,"column":4},"end":{"line":203,"column":65}},"55":{"start":{"line":203,"column":25},"end":{"line":203,"column":65}},"56":{"start":{"line":206,"column":20},"end":{"line":206,"column":61}},"57":{"start":{"line":207,"column":17},"end":{"line":207,"column":31}},"58":{"start":{"line":210,"column":4},"end":{"line":213,"column":6}},"59":{"start":{"line":216,"column":22},"end":{"line":216,"column":46}},"60":{"start":{"line":219,"column":4},"end":{"line":225,"column":5}},"61":{"start":{"line":220,"column":6},"end":{"line":220,"column":45}},"62":{"start":{"line":221,"column":11},"end":{"line":225,"column":5}},"63":{"start":{"line":222,"column":6},"end":{"line":222,"column":47}},"64":{"start":{"line":224,"column":6},"end":{"line":224,"column":53}},"65":{"start":{"line":227,"column":4},"end":{"line":227,"column":21}},"66":{"start":{"line":230,"column":20},"end":{"line":230,"column":40}},"67":{"start":{"line":233,"column":21},"end":{"line":286,"column":3}},"68":{"start":{"line":235,"column":4},"end":{"line":238,"column":5}},"69":{"start":{"line":236,"column":6},"end":{"line":236,"column":39}},"70":{"start":{"line":237,"column":6},"end":{"line":237,"column":13}},"71":{"start":{"line":241,"column":4},"end":{"line":247,"column":7}},"72":{"start":{"line":250,"column":4},"end":{"line":257,"column":5}},"73":{"start":{"line":251,"column":6},"end":{"line":256,"column":9}},"74":{"start":{"line":260,"column":4},"end":{"line":285,"column":6}},"75":{"start":{"line":269,"column":10},"end":{"line":269,"column":41}},"76":{"start":{"line":270,"column":10},"end":{"line":275,"column":13}},"77":{"start":{"line":273,"column":29},"end":{"line":273,"column":42}},"78":{"start":{"line":278,"column":10},"end":{"line":278,"column":46}},"79":{"start":{"line":279,"column":10},"end":{"line":282,"column":12}},"80":{"start":{"line":288,"column":2},"end":{"line":578,"column":4}},"81":{"start":{"line":301,"column":27},"end":{"line":301,"column":40}},"82":{"start":{"line":364,"column":27},"end":{"line":364,"column":57}},"83":{"start":{"line":406,"column":20},"end":{"line":454,"column":39}},"84":{"start":{"line":414,"column":24},"end":{"line":414,"column":55}},"85":{"start":{"line":415,"column":24},"end":{"line":415,"column":53}},"86":{"start":{"line":416,"column":24},"end":{"line":416,"column":47}},"87":{"start":{"line":419,"column":24},"end":{"line":429,"column":25}},"88":{"start":{"line":420,"column":26},"end":{"line":420,"column":58}},"89":{"start":{"line":421,"column":26},"end":{"line":423,"column":28}},"90":{"start":{"line":425,"column":26},"end":{"line":425,"column":40}},"91":{"start":{"line":426,"column":26},"end":{"line":428,"column":28}},"92":{"start":{"line":487,"column":16},"end":{"line":491,"column":17}},"93":{"start":{"line":488,"column":18},"end":{"line":488,"column":47}},"94":{"start":{"line":490,"column":18},"end":{"line":490,"column":57}},"95":{"start":{"line":514,"column":34},"end":{"line":514,"column":65}},"96":{"start":{"line":516,"column":20},"end":{"line":546,"column":39}},"97":{"start":{"line":524,"column":24},"end":{"line":524,"column":67}},"98":{"start":{"line":525,"column":24},"end":{"line":525,"column":46}},"99":{"start":{"line":526,"column":24},"end":{"line":526,"column":68}}},"fnMap":{"0":{"name":"JournalCreateScreen","decl":{"start":{"line":47,"column":24},"end":{"line":47,"column":43}},"loc":{"start":{"line":47,"column":46},"end":{"line":579,"column":1}},"line":47},"1":{"name":"(anonymous_1)","decl":{"start":{"line":69,"column":12},"end":{"line":69,"column":13}},"loc":{"start":{"line":69,"column":18},"end":{"line":86,"column":3}},"line":69},"2":{"name":"(anonymous_2)","decl":{"start":{"line":72,"column":34},"end":{"line":72,"column":35}},"loc":{"start":{"line":72,"column":49},"end":{"line":72,"column":74}},"line":72},"3":{"name":"(anonymous_3)","decl":{"start":{"line":89,"column":12},"end":{"line":89,"column":13}},"loc":{"start":{"line":89,"column":18},"end":{"line":134,"column":3}},"line":89},"4":{"name":"(anonymous_4)","decl":{"start":{"line":92,"column":8},"end":{"line":92,"column":9}},"loc":{"start":{"line":92,"column":23},"end":{"line":92,"column":48}},"line":92},"5":{"name":"(anonymous_5)","decl":{"start":{"line":109,"column":12},"end":{"line":109,"column":13}},"loc":{"start":{"line":109,"column":51},"end":{"line":115,"column":13}},"line":109},"6":{"name":"(anonymous_6)","decl":{"start":{"line":173,"column":4},"end":{"line":173,"column":5}},"loc":{"start":{"line":173,"column":19},"end":{"line":173,"column":44}},"line":173},"7":{"name":"(anonymous_7)","decl":{"start":{"line":178,"column":4},"end":{"line":178,"column":5}},"loc":{"start":{"line":178,"column":24},"end":{"line":178,"column":62}},"line":178},"8":{"name":"(anonymous_8)","decl":{"start":{"line":182,"column":29},"end":{"line":182,"column":30}},"loc":{"start":{"line":182,"column":70},"end":{"line":200,"column":3}},"line":182},"9":{"name":"(anonymous_9)","decl":{"start":{"line":202,"column":29},"end":{"line":202,"column":30}},"loc":{"start":{"line":202,"column":52},"end":{"line":228,"column":3}},"line":202},"10":{"name":"(anonymous_10)","decl":{"start":{"line":233,"column":21},"end":{"line":233,"column":22}},"loc":{"start":{"line":233,"column":27},"end":{"line":286,"column":3}},"line":233},"11":{"name":"(anonymous_11)","decl":{"start":{"line":268,"column":19},"end":{"line":268,"column":20}},"loc":{"start":{"line":268,"column":29},"end":{"line":276,"column":9}},"line":268},"12":{"name":"(anonymous_12)","decl":{"start":{"line":273,"column":23},"end":{"line":273,"column":24}},"loc":{"start":{"line":273,"column":29},"end":{"line":273,"column":42}},"line":273},"13":{"name":"(anonymous_13)","decl":{"start":{"line":277,"column":17},"end":{"line":277,"column":18}},"loc":{"start":{"line":277,"column":28},"end":{"line":283,"column":9}},"line":277},"14":{"name":"(anonymous_14)","decl":{"start":{"line":301,"column":21},"end":{"line":301,"column":22}},"loc":{"start":{"line":301,"column":27},"end":{"line":301,"column":40}},"line":301},"15":{"name":"(anonymous_15)","decl":{"start":{"line":364,"column":21},"end":{"line":364,"column":22}},"loc":{"start":{"line":364,"column":27},"end":{"line":364,"column":57}},"line":364},"16":{"name":"(anonymous_16)","decl":{"start":{"line":405,"column":31},"end":{"line":405,"column":32}},"loc":{"start":{"line":406,"column":20},"end":{"line":454,"column":39}},"line":406},"17":{"name":"(anonymous_17)","decl":{"start":{"line":413,"column":31},"end":{"line":413,"column":32}},"loc":{"start":{"line":413,"column":37},"end":{"line":430,"column":23}},"line":413},"18":{"name":"(anonymous_18)","decl":{"start":{"line":486,"column":23},"end":{"line":486,"column":24}},"loc":{"start":{"line":486,"column":29},"end":{"line":492,"column":15}},"line":486},"19":{"name":"(anonymous_19)","decl":{"start":{"line":514,"column":24},"end":{"line":514,"column":25}},"loc":{"start":{"line":514,"column":34},"end":{"line":514,"column":65}},"line":514},"20":{"name":"(anonymous_20)","decl":{"start":{"line":515,"column":23},"end":{"line":515,"column":24}},"loc":{"start":{"line":516,"column":20},"end":{"line":546,"column":39}},"line":516},"21":{"name":"(anonymous_21)","decl":{"start":{"line":523,"column":31},"end":{"line":523,"column":32}},"loc":{"start":{"line":523,"column":37},"end":{"line":527,"column":23}},"line":523}},"branchMap":{"0":{"loc":{"start":{"line":70,"column":4},"end":{"line":85,"column":5}},"type":"if","locations":[{"start":{"line":70,"column":4},"end":{"line":85,"column":5}},{"start":{},"end":{}}],"line":70},"1":{"loc":{"start":{"line":70,"column":8},"end":{"line":70,"column":35}},"type":"binary-expr","locations":[{"start":{"line":70,"column":8},"end":{"line":70,"column":24}},{"start":{"line":70,"column":28},"end":{"line":70,"column":35}}],"line":70},"2":{"loc":{"start":{"line":73,"column":6},"end":{"line":84,"column":7}},"type":"if","locations":[{"start":{"line":73,"column":6},"end":{"line":84,"column":7}},{"start":{},"end":{}}],"line":73},"3":{"loc":{"start":{"line":78,"column":8},"end":{"line":83,"column":9}},"type":"if","locations":[{"start":{"line":78,"column":8},"end":{"line":83,"column":9}},{"start":{},"end":{}}],"line":78},"4":{"loc":{"start":{"line":78,"column":12},"end":{"line":78,"column":67}},"type":"binary-expr","locations":[{"start":{"line":78,"column":12},"end":{"line":78,"column":32}},{"start":{"line":78,"column":36},"end":{"line":78,"column":67}}],"line":78},"5":{"loc":{"start":{"line":90,"column":4},"end":{"line":133,"column":5}},"type":"if","locations":[{"start":{"line":90,"column":4},"end":{"line":133,"column":5}},{"start":{"line":131,"column":11},"end":{"line":133,"column":5}}],"line":90},"6":{"loc":{"start":{"line":90,"column":8},"end":{"line":90,"column":35}},"type":"binary-expr","locations":[{"start":{"line":90,"column":8},"end":{"line":90,"column":24}},{"start":{"line":90,"column":28},"end":{"line":90,"column":35}}],"line":90},"7":{"loc":{"start":{"line":94,"column":6},"end":{"line":130,"column":7}},"type":"if","locations":[{"start":{"line":94,"column":6},"end":{"line":130,"column":7}},{"start":{"line":127,"column":13},"end":{"line":130,"column":7}}],"line":94},"8":{"loc":{"start":{"line":100,"column":8},"end":{"line":126,"column":9}},"type":"if","locations":[{"start":{"line":100,"column":8},"end":{"line":126,"column":9}},{"start":{"line":120,"column":15},"end":{"line":126,"column":9}}],"line":100},"9":{"loc":{"start":{"line":101,"column":10},"end":{"line":102,"column":53}},"type":"binary-expr","locations":[{"start":{"line":101,"column":10},"end":{"line":101,"column":38}},{"start":{"line":102,"column":10},"end":{"line":102,"column":53}}],"line":101},"10":{"loc":{"start":{"line":113,"column":24},"end":{"line":113,"column":43}},"type":"binary-expr","locations":[{"start":{"line":113,"column":24},"end":{"line":113,"column":35}},{"start":{"line":113,"column":39},"end":{"line":113,"column":43}}],"line":113},"11":{"loc":{"start":{"line":183,"column":4},"end":{"line":183,"column":60}},"type":"if","locations":[{"start":{"line":183,"column":4},"end":{"line":183,"column":60}},{"start":{},"end":{}}],"line":183},"12":{"loc":{"start":{"line":189,"column":4},"end":{"line":191,"column":5}},"type":"if","locations":[{"start":{"line":189,"column":4},"end":{"line":191,"column":5}},{"start":{},"end":{}}],"line":189},"13":{"loc":{"start":{"line":194,"column":4},"end":{"line":196,"column":5}},"type":"if","locations":[{"start":{"line":194,"column":4},"end":{"line":196,"column":5}},{"start":{},"end":{}}],"line":194},"14":{"loc":{"start":{"line":203,"column":4},"end":{"line":203,"column":65}},"type":"if","locations":[{"start":{"line":203,"column":4},"end":{"line":203,"column":65}},{"start":{},"end":{}}],"line":203},"15":{"loc":{"start":{"line":206,"column":20},"end":{"line":206,"column":
[...]
d":{"line":97,"column":16}},"loc":{"start":{"line":97,"column":21},"end":{"line":99,"column":5}},"line":97},"13":{"name":"useCreateJournalRecord","decl":{"start":{"line":106,"column":16},"end":{"line":106,"column":38}},"loc":{"start":{"line":106,"column":41},"end":{"line":120,"column":1}},"line":106},"14":{"name":"(anonymous_14)","decl":{"start":{"line":110,"column":16},"end":{"line":110,"column":17}},"loc":{"start":{"line":111,"column":6},"end":{"line":111,"column":31}},"line":111},"15":{"name":"(anonymous_15)","decl":{"start":{"line":112,"column":15},"end":{"line":112,"column":16}},"loc":{"start":{"line":112,"column":33},"end":{"line":118,"column":5}},"line":112},"16":{"name":"useUpdateJournalRecord","decl":{"start":{"line":125,"column":16},"end":{"line":125,"column":38}},"loc":{"start":{"line":125,"column":41},"end":{"line":141,"column":1}},"line":125},"17":{"name":"(anonymous_17)","decl":{"start":{"line":129,"column":16},"end":{"line":129,"column":17}},"loc":{"start":{"line":129,"column":69},"end":{"line":132,"column":5}},"line":129},"18":{"name":"(anonymous_18)","decl":{"start":{"line":133,"column":15},"end":{"line":133,"column":16}},"loc":{"start":{"line":133,"column":33},"end":{"line":139,"column":5}},"line":133},"19":{"name":"useDeleteJournalRecord","decl":{"start":{"line":146,"column":16},"end":{"line":146,"column":38}},"loc":{"start":{"line":146,"column":41},"end":{"line":160,"column":1}},"line":146},"20":{"name":"(anonymous_20)","decl":{"start":{"line":150,"column":16},"end":{"line":150,"column":17}},"loc":{"start":{"line":151,"column":6},"end":{"line":151,"column":29}},"line":151},"21":{"name":"(anonymous_21)","decl":{"start":{"line":152,"column":15},"end":{"line":152,"column":16}},"loc":{"start":{"line":152,"column":33},"end":{"line":158,"column":5}},"line":152},"22":{"name":"useUploadJournalImage","decl":{"start":{"line":165,"column":16},"end":{"line":165,"column":37}},"loc":{"start":{"line":165,"column":40},"end":{"line":174,"column":1}},"line":165},"23":{"name":"(anonymous_23)","decl":{"start":{"line":169,"column":16},"end":{"line":169,"column":17}},"loc":{"start":{"line":169,"column":76},"end":{"line":172,"column":5}},"line":169},"24":{"name":"useSaveJournalImage","decl":{"start":{"line":179,"column":16},"end":{"line":179,"column":35}},"loc":{"start":{"line":179,"column":38},"end":{"line":194,"column":1}},"line":179},"25":{"name":"(anonymous_25)","decl":{"start":{"line":183,"column":16},"end":{"line":183,"column":17}},"loc":{"start":{"line":184,"column":6},"end":{"line":184,"column":29}},"line":184},"26":{"name":"(anonymous_26)","decl":{"start":{"line":185,"column":15},"end":{"line":185,"column":16}},"loc":{"start":{"line":185,"column":33},"end":{"line":192,"column":5}},"line":185},"27":{"name":"useJournalRecords","decl":{"start":{"line":199,"column":16},"end":{"line":199,"column":33}},"loc":{"start":{"line":199,"column":53},"end":{"line":205,"column":1}},"line":199},"28":{"name":"(anonymous_28)","decl":{"start":{"line":202,"column":13},"end":{"line":202,"column":14}},"loc":{"start":{"line":202,"column":19},"end":{"line":202,"column":47}},"line":202},"29":{"name":"useJournalRecord","decl":{"start":{"line":210,"column":16},"end":{"line":210,"column":32}},"loc":{"start":{"line":210,"column":45},"end":{"line":216,"column":1}},"line":210},"30":{"name":"(anonymous_30)","decl":{"start":{"line":213,"column":13},"end":{"line":213,"column":14}},"loc":{"start":{"line":213,"column":19},"end":{"line":213,"column":43}},"line":213},"31":{"name":"useJournalRecordImages","decl":{"start":{"line":221,"column":16},"end":{"line":221,"column":38}},"loc":{"start":{"line":221,"column":57},"end":{"line":227,"column":1}},"line":221},"32":{"name":"(anonymous_32)","decl":{"start":{"line":224,"column":13},"end":{"line":224,"column":14}},"loc":{"start":{"line":224,"column":19},"end":{"line":224,"column":51}},"line":224},"33":{"name":"useDeleteJournalImage","decl":{"start":{"line":232,"column":16},"end":{"line":232,"column":37}},"loc":{"start":{"line":232,"column":40},"end":{"line":241,"column":1}},"line":232},"34":{"name":"(anonymous_34)","decl":{"start":{"line":236,"column":16},"end":{"line":236,"column":17}},"loc":{"start":{"line":236,"column":32},"end":{"line":236,"column":54}},"line":236},"35":{"name":"(anonymous_35)","decl":{"start":{"line":237,"column":15},"end":{"line":237,"column":16}},"loc":{"start":{"line":237,"column":21},"end":{"line":239,"column":5}},"line":237}},"branchMap":{"0":{"loc":{"start":{"line":64,"column":17},"end":{"line":64,"column":31}},"type":"binary-expr","locations":[{"start":{"line":64,"column":17},"end":{"line":64,"column":25}},{"start":{"line":64,"column":29},"end":{"line":64,"column":31}}],"line":64},"1":{"loc":{"start":{"line":170,"column":6},"end":{"line":170,"column":54}},"type":"if","locations":[{"start":{"line":170,"column":6},"end":{"line":170,"column":54}},{"start":{},"end":{}}],"line":170}},"s":{"0":0,"1":0,"2":0,"3":0,"4":0,"5":0,"6":0,"7":0,"8":0,"9":0,"10":0,"11":0,"12":0,"13":0,"14":0,"15":0,"16":0,"17":0,"18":0,"19":0,"20":0,"21":0,"22":0,"23":0,"24":0,"25":0,"26":0,"27":0,"28":0,"29":0,"30":0,"31":0,"32":0,"33":0,"34":0,"35":0,"36":0,"37":0,"38":0,"39":0,"40":0,"41":0,"42":0,"43":0,"44":0,"45":0,"46":0,"47":0,"48":0,"49":0,"50":0,"51":0,"52":0,"53":0,"54":0,"55":0,"56":0,"57":0,"58":0,"59":0,"60":0},"f":{"0":0,"1":0,"2":0,"3":0,"4":0,"5":0,"6":0,"7":0,"8":0,"9":0,"10":0,"11":0,"12":0,"13":0,"14":0,"15":0,"16":0,"17":0,"18":0,"19":0,"20":0,"21":0,"22":0,"23":0,"24":0,"25":0,"26":0,"27":0,"28":0,"29":0,"30":0,"31":0,"32":0,"33":0,"34":0,"35":0},"b":{"0":[0,0],"1":[0,0]}}
,"/Users/yunjihwan/Documents/project/expo-gayangjuin/lib/query/queryClient.ts": {"path":"/Users/yunjihwan/Documents/project/expo-gayangjuin/lib/query/queryClient.ts","statementMap":{"0":{"start":{"line":4,"column":27},"end":{"line":18,"column":2}},"1":{"start":{"line":21,"column":26},"end":{"line":27,"column":1}},"2":{"start":{"line":23,"column":15},"end":{"line":23,"column":51}},"3":{"start":{"line":24,"column":29},"end":{"line":24,"column":74}},"4":{"start":{"line":25,"column":17},"end":{"line":25,"column":55}},"5":{"start":{"line":26,"column":26},"end":{"line":26,"column":64}},"6":{"start":{"line":30,"column":27},"end":{"line":40,"column":1}},"7":{"start":{"line":32,"column":15},"end":{"line":32,"column":52}},"8":{"start":{"line":33,"column":28},"end":{"line":33,"column":73}},"9":{"start":{"line":34,"column":17},"end":{"line":34,"column":56}},"10":{"start":{"line":35,"column":26},"end":{"line":35,"column":65}},"11":{"start":{"line":37,"column":4},"end":{"line":37,"column":58}},"12":{"start":{"line":39,"column":4},"end":{"line":39,"column":58}}},"fnMap":{"0":{"name":"(anonymous_0)","decl":{"start":{"line":23,"column":9},"end":{"line":23,"column":10}},"loc":{"start":{"line":23,"column":15},"end":{"line":23,"column":51}},"line":23},"1":{"name":"(anonymous_1)","decl":{"start":{"line":24,"column":8},"end":{"line":24,"column":9}},"loc":{"start":{"line":24,"column":29},"end":{"line":24,"column":74}},"line":24},"2":{"name":"(anonymous_2)","decl":{"start":{"line":25,"column":11},"end":{"line":25,"column":12}},"loc":{"start":{"line":25,"column":17},"end":{"line":25,"column":55}},"line":25},"3":{"name":"(anonymous_3)","decl":{"start":{"line":26,"column":10},"end":{"line":26,"column":11}},"loc":{"start":{"line":26,"column":26},"end":{"line":26,"column":64}},"line":26},"4":{"name":"(anonymous_4)","decl":{"start":{"line":32,"column":9},"end":{"line":32,"column":10}},"loc":{"start":{"line":32,"column":15},"end":{"line":32,"column":52}},"line":32},"5":{"name":"(anonymous_5)","decl":{"start":{"line":33,"column":8},"end":{"line":33,"column":9}},"loc":{"start":{"line":33,"column":28},"end":{"line":33,"column":73}},"line":33},"6":{"name":"(anonymous_6)","decl":{"start":{"line":34,"column":11},"end":{"line":34,"column":12}},"loc":{"start":{"line":34,"column":17},"end":{"line":34,"column":56}},"line":34},"7":{"name":"(anonymous_7)","decl":{"start":{"line":35,"column":10},"end":{"line":35,"column":11}},"loc":{"start":{"line":35,"column":26},"end":{"line":35,"column":65}},"line":35},"8":{"name":"(anonymous_8)","decl":{"start":{"line":36,"column":11},"end":{"line":36,"column":12}},"loc":{"start":{"line":37,"column":4},"end":{"line":37,"column":58}},"line":37},"9":{"name":"(anonymous_9)","decl":{"start":{"line":38,"column":10},"end":{"line":38,"column":11}},"loc":{"start":{"line":39,"column":4},"end":{"line":39,"column":58}},"line":39}},"branchMap":{},"s":{"0":1,"1":1,"2":18,"3":10,"4":18,"5":10,"6":1,"7":14,"8":8,"9":31,"10":25,"11":16,"12":8},"f":{"0":18,"1":10,"2":18,"3":10,"4":14,"5":8,"6":31,"7":25,"8":16,"9":8},"b":{},"_coverageSchema":"1a1c01bbd47fc00a2c39e90264f33305004495a9","hash":"cb1b2df747952aa187ea285f90f31451965092c8"}
,"/Users/yunjihwan/Documents/project/expo-gayangjuin/lib/query/recipeQueries.ts": {"path":"/Users/yunjihwan/Documents/project/expo-gayangjuin/lib/query/recipeQueries.ts","statementMap":{"0":{"start":{"line":21,"column":19},"end":{"line":21,"column":28}},"1":{"start":{"line":23,"column":2},"end":{"line":27,"column":5}},"2":{"start":{"line":25,"column":19},"end":{"line":25,"column":39}},"3":{"start":{"line":34,"column":2},"end":{"line":38,"column":5}},"4":{"start":{"line":36,"column":19},"end":{"line":36,"column":36}},"5":{"start":{"line":45,"column":22},"end":{"line":45,"column":38}},"6":{"start":{"line":47,"column":2},"end":{"line":87,"column":5}},"7":{"start":{"line":57,"column":26},"end":{"line":57,"column":54}},"8":{"start":{"line":58,"column":23},"end":{"line":58,"column":37}},"9":{"start":{"line":60,"column":30},"end":{"line":66,"column":9}},"10":{"start":{"line":60,"column":56},"end":{"line":66,"column":7}},"11":{"start":{"line":68,"column":24},"end":{"line":74,"column":9}},"12":{"start":{"line":68,"column":52},"end":{"line":74,"column":7}},"13":{"start":{"line":76,"column":6},"end":{"line":79,"column":9}},"14":{"start":{"line":81,"column":6},"end":{"line":81,"column":25}},"15":{"start":{"line":85,"column":6},"end":{"line":85,"column":70}},"16":{"start":{"line":94,"column":22},"end":{"line":94,"column":38}},"17":{"start":{"line":96,"column":2},"end":{"line":140,"column":5}},"18":{"start":{"line":108,"column":28},"end":{"line":108,"column":62}},"19":{"start":{"line":110,"column":30},"end":{"line":116,"column":9}},"20":{"start":{"line":110,"column":56},"end":{"line":116,"column":7}},"21":{"start":{"line":118,"column":24},"end":{"line":124,"column":9}},"22":{"start":{"line":118,"column":52},"end":{"line":124,"column":7}},"23":{"start":{"line":126,"column":6},"end":{"line":129,"column":9}},"24":{"start":{"line":131,"column":6},"end":{"line":131,"column":27}},"25":{"start":{"line":135,"column":6},"end":{"line":137,"column":9}},"26":{"start":{"line":138,"column":6},"end":{"line":138,"column":70}},"27":{"start":{"line":147,"column":22},"end":{"line":147,"column":38}},"28":{"start":{"line":149,"column":2},"end":{"line":162,"column":5}},"29":{"start":{"line":152,"column":6},"end":{"line":154,"column":8}},"30":{"start":{"line":156,"column":6},"end":{"line":156,"column":70}},"31":{"start":{"line":157,"column":6},"end":{"line":157,"column":76}},"32":{"start":{"line":160,"column":6},"end":{"line":160,"column":63}}},"fnMap":{"0":{"name":"useRecipes","decl":{"start":{"line":20,"column":16},"end":{"line":20,"column":26}},"loc":{"start":{"line":20,"column":29},"end":{"line":28,"column":1}},"line":20},"1":{"name":"(anonymous_1)","decl":{"start":{"line":25,"column":13},"end":{"line":25,"column":14}},"loc":{"start":{"line":25,"column":19},"end":{"line":25,"column":39}},"line":25},"2":{"name":"useRecipe","decl":{"start":{"line":33,"column":16},"end":{"line":33,"column":25}},"loc":{"start":{"line":33,"column":38},"end":{"line":39,"column":1}},"line":33},"3":{"name":"(anonymous_3)","decl":{"start":{"line":36,"column":13},"end":{"line":36,"column":14}},"loc":{"start":{"line":36,"column":19},"end":{"line":36,"column":36}},"line":36},"4":{"name":"useCreateRecipe","decl":{"start":{"line":44,"column":16},"end":{"line":44,"column":31}},"loc":{"start":{"line":44,"column":34},"end":{"line":88,"column":1}},"line":44},"5":{"name":"(anonymous_5)","decl":{"start":{"line":48,"column":16},"end":{"line":48,"column":17}},"loc":{"start":{"line":56,"column":10},"end":{"line":82,"column":5}},"line":56},"6":{"name":"(anonymous_6)","decl":{"start":{"line":60,"column":46},"end":{"line":60,"column":47}},"loc":{"start":{"line":60,"column":56},"end":{"line":66,"column":7}},"line":60},"7":{"name":"(anonymous_7)","decl":{"start":{"line":68,"column":34},"end":{"line":68,"column":35}},"loc":{"start":{"line":68,"column":52},"end":{"line":74,"column":7}},"line":68},"8":{"name":"(anonymous_8)","decl":{"start":{"line":83,"column":15},"end":{"line":83,"column":16}},"loc":{"start":{"line":83,"column":21},"end":{"line":86,"column":5}},"line":83},"9":{"name":"useUpdateRecipe","decl":{"start":{"line":93,"column":16},"end":{"line":93,"column":31}},"loc":{"start":{"line":93,"column":34},"end":{"line":141,"column":1}},"line":93},"10":{"name":"(anonymous_10)","decl":{"start":{"line":97,"column":16},"end":{"line":97,"column":17}},"loc":{"start":{"line":107,"column":10},"end":{"line":132,"column":5}},"line":107},"11":{"name":"(anonymous_11)","decl":{"start":{"line":110,"column":46},"end":{"line":110,"column":47}},"loc":{"start":{"line":110,"column":56},"end":{"line":116,"column":7}},"line":110},"12":{"name":"(anonymous_12)","decl":{"start":{"line":118,"column":34},"end":{"line":118,"column":35}},"loc":{"start":{"line":118,"column":52},"end":{"line":124,"column":7}},"line":118},"13":{"name":"(anonymous_13)","decl":{"start":{"line":133,"column":15},"end":{"line":133,"column":16}},"loc":{"start":{"line":133,"column":36},"end":{"line":139,"column":5}},"line":133},"14":{"name":"useDeleteRecipe","decl":{"start":{"line":146,"column":16},"end":{"line":146,"column":31}},"loc":{"start":{"line":146,"column":34},"end":{"line":163,"column":1}},"line":146},"15":{"name":"(anonymous_15)","decl":{"start":{"line":151,"column":15},"end":{"line":151,"column":16}},"loc":{"start":{"line":151,"column":36},"end":{"line":158,"column":5}},"line":151},"16":{"name":"(anonymous_16)","decl":{"start":{"line":159,"column":13},"end":{"line":159,"column":14}},"loc":{"start":{"line":159,"column":24},"end":{"line":161,"column":5}},"line":159}},"branchMap":{"0":{"loc":{"start":{"line":71,"column":23},"end":{"line":71,"column":47}},"type":"binary-expr","locations":[{"start":{"line":71,"column":23},"end":{"line":71,"column":42}},{"start":{"line":71,"column":46},"end":{"line":71,"column":47}}],"line":71},"1":{"loc":{"start":{"line":121,"column":23},"end":{"line":121,"column":47}},"type":"binary-expr","locations":[{"start":{"line":121,"column":23},"end":{"line":121,"column":42}},{"start":{"line":121,"column":46},"end":{"line":121,"column":47}}],"line":121}},"s":{"0":0,"1":0,"2":0,"3":0,"4":0,"5":0,"6":0,"7":0,"8":0,"9":0,"10":0,"11":0,"12":0,"13":0,"14":0,"15":0,"16":0,"17":0,"18":0,"19":0,"20":0,"21":0,"22":0,"23":0,"24":0,"25":0,"26":0,"27":0,"28":0,"29":0,"30":0,"31":0,"32":0},"f":{"0":0,"1":0,"2":0,"3":0,"4":0,"5":0,"6":0,"7":0,"8":0,"9":0,"10":0,"11":0,"12":0,"13":0,"14":0,"15":0,"16":0},"b":{"0":[0,0],"1":[0,0]}}
,"/Users/yunjihwan/Documents/project/expo-gayangjuin/lib/utils/dateUtils.ts": {"path":"/Users/yunjihwan/Documents/project/expo-gayangjuin/lib/utils/dateUtils.ts","statementMap":{"0":{"start":{"line":12,"column":2},"end":{"line":12,"column":34}},"1":{"start":{"line":12,"column":19},"end":{"line":12,"column":34}},"2":{"start":{"line":14,"column":2},"end":{"line":22,"column":3}},"3":{"start":{"line":15,"column":17},"end":{"line":15,"column":37}},"4":{"start":{"line":16,"column":4},"end":{"line":16,"column":46}},"5":{"start":{"line":16,"column":31},"end":{"line":16,"column":46}},"6":{"start":{"line":18,"column":4},"end":{"line":18,"column":44}},"7":{"start":{"line":20,"column":4},"end":{"line":20,"column":39}},"8":{"start":{"line":21,"column":4},"end":{"line":21,"column":19}},"9":{"start":{"line":31,"column":2},"end":{"line":31,"column":34}},"10":{"start":{"line":31,"column":19},"end":{"line":31,"column":34}},"11":{"start":{"line":33,"column":2},"end":{"line":45,"column":3}},"12":{"start":{"line":34,"column":17},"end":{"line":34,"column":37}},"13":{"start":{"line":35,"column":4},"end":{"line":35,"column":46}},"14":{"start":{"line":35,"column":31},"end":{"line":35,"column":46}},"15":{"start":{"line":37,"column":17},"end":{"line":37,"column":35}},"16":{"start":{"line":38,"column":18},"end":{"line":38,"column":37}},"17":{"start":{"line":39,"column":16},"end":{"line":39,"column":30}},"18":{"start":{"line":41,"column":4},"end":{"line":41,"column":40}},"19":{"start":{"line":43,"column":4},"end":{"line":43,"column":39}},"20":{"start":{"line":44,"column":4},"end":{"line":44,"column":19}},"21":{"start":{"line":54,"column":2},"end":{"line":54,"column":34}},"22":{"start":{"line":54,"column":19},"end":{"line":54,"column":34}},"23":{"start":{"line":56,"column":2},"end":{"line":71,"column":3}},"24":{"start":{"line":57,"column":17},"end":{"line":57,"column":37}},"25":{"start":{"line":58,"column":4},"end":{"line":58,"column":46}},"26":{"start":{"line":58,"column":31},"end":{"line":58,"column":46}},"27":{"start":{"line":60,"column":17},"end":{"line":60,"column":35}},"28":{"start":{"line":61,"column":18},"end":{"line":61,"column":37}},"29":{"start":{"line":62,"column":16},"end":{"line":62,"column":30}},"30":{"start":{"line":64,"column":17},"end":{"line":64,"column":52}},"31":{"start":{"line":65,"column":20},"end":{"line":65,"column":39}},"32":{"start":{"line":67,"column":4},"end":{"line":67,"column":53}},"33":{"start":{"line":69,"column":4},"end":{"line":69,"column":39}},"34":{"start":{"line":70,"column":4},"end":{"line":70,"column":19}}},"fnMap":{"0":{"name":"formatDate","decl":{"start":{"line":11,"column":16},"end":{"line":11,"column":26}},"loc":{"start":{"line":11,"column":56},"end":{"line":23,"column":1}},"line":11},"1":{"name":"formatDetailDate","decl":{"start":{"line":30,"column":16},"end":{"line":30,"column":32}},"loc":{"start":{"line":30,"column":62},"end":{"line":46,"column":1}},"line":30},"2":{"name":"formatDateWithDay","decl":{"start":{"line":53,"column":16},"end":{"line":53,"column":33}},"loc":{"start":{"line":53,"column":63},"end":{"line":72,"column":1}},"line":53}},"branchMap":{"0":{"loc":{"start":{"line":12,"column":2},"end":{"line":12,"column":34}},"type":"if","locations":[{"start":{"line":12,"column":2},"end":{"line":12,"column":34}},{"start":{},"end":{}}],"line":12},"1":{"loc":{"start":{"line":16,"column":4},"end":{"line":16,"column":46}},"type":"if","locations":[{"start":{"line":16,"column":4},"end":{"line":16,"column":46}},{"start":{},"end":{}}],"line":16},"2":{"loc":{"start":{"line":31,"column":2},"end":{"line":31,"column":34}},"type":"if","locations":[{"start":{"line":31,"column":2},"end":{"line":31,"column":34}},{"start":{},"end":{}}],"line":31},"3":{"loc":{"start":{"line":35,"column":4},"end":{"line":35,"column":46}},"type":"if","locations":[{"start":{"line":35,"column":4},"end":{"line":35,"column":46}},{"start":{},"end":{}}],"line":35},"4":{"loc":{"start":{"line":54,"column":2},"end":{"line":54,"column":34}},"type":"if","locations":[{"start":{"line":54,"column":2},"end":{"line":54,"column":34}},{"start":{},"end":{}}],"line":54},"5":{"loc":{"start":{"line":58,"column":4},"end":{"line":58,"column":46}},"type":"if","locations":[{"start":{"line":58,"column":4},"end":{"line":58,"column":46}},{"start":{},"end":{}}],"line":58}},"s":{"0":27,"1":6,"2":21,"3":21,"4":20,"5":7,"6":12,"7":2,"8":2,"9":34,"10":6,"11":28,"12":28,"13":28,"14":6,"15":22,"16":22,"17":22,"18":22,"19":0,"20":0,"21":29,"22":6,"23":23,"24":23,"25":23,"26":6,"27":17,"28":17,"29":17,"30":17,"31":17,"32":17,"33":0,"34":0},"f":{"0":27,"1":34,"2":29},"b":{"0":[6,21],"1":[7,12],"2":[6,28],"3":[6,22],"4":[6,23],"5":[6,17]},"_coverageSchema":"1a1c01bbd47fc00a2c39e90264f33305004495a9","hash":"341d364abea7649c6f7d4f7d5865429cf931c7ca"}
}
