TN:
SF:app/+not-found.tsx
FN:7,NotFoundScreen
FNF:1
FNH:0
FNDA:0,NotFoundScreen
DA:8,0
DA:21,0
LF:2
LH:0
BRF:0
BRH:0
end_of_record
TN:
SF:app/_layout.tsx
FN:26,CustomErrorBoundary
FN:36,RootLayout
FN:42,(anonymous_2)
FN:50,(anonymous_3)
FN:60,(anonymous_4)
FN:62,(anonymous_5)
FN:75,RootLayoutNav
FNF:7
FNH:0
FNDA:0,CustomErrorBoundary
FNDA:0,RootLayout
FNDA:0,(anonymous_2)
FNDA:0,(anonymous_3)
FNDA:0,(anonymous_4)
FNDA:0,(anonymous_5)
FNDA:0,RootLayoutNav
DA:27,0
DA:30,0
DA:34,0
DA:37,0
DA:42,0
DA:43,0
DA:44,0
DA:46,0
DA:50,0
DA:51,0
DA:52,0
DA:54,0
DA:55,0
DA:60,0
DA:61,0
DA:62,0
DA:63,0
DA:68,0
DA:69,0
DA:72,0
DA:76,0
DA:77,0
DA:79,0
LF:23
LH:0
BRDA:51,0,0,0
BRDA:51,0,1,0
BRDA:54,1,0,0
BRDA:54,1,1,0
BRDA:61,2,0,0
BRDA:61,2,1,0
BRDA:68,3,0,0
BRDA:68,3,1,0
BRDA:68,4,0,0
BRDA:68,4,1,0
BRDA:82,5,0,0
BRDA:82,5,1,0
BRDA:86,6,0,0
BRDA:86,6,1,0
BRDA:91,7,0,0
BRDA:91,7,1,0
BRF:16
BRH:0
end_of_record
TN:
SF:app/adult-verification.tsx
FN:27,AdultVerificationScreen
FN:42,(anonymous_1)
FN:65,(anonymous_2)
FN:67,(anonymous_3)
FN:74,(anonymous_4)
FN:234,(anonymous_5)
FN:266,(anonymous_6)
FN:298,(anonymous_7)
FNF:8
FNH:0
FNDA:0,AdultVerificationScreen
FNDA:0,(anonymous_1)
FNDA:0,(anonymous_2)
FNDA:0,(anonymous_3)
FNDA:0,(anonymous_4)
FNDA:0,(anonymous_5)
FNDA:0,(anonymous_6)
FNDA:0,(anonymous_7)
DA:28,0
DA:29,0
DA:34,0
DA:35,0
DA:38,0
DA:39,0
DA:42,0
DA:44,0
DA:65,0
DA:66,0
DA:67,0
DA:74,0
DA:75,0
DA:77,0
DA:80,0
DA:95,0
DA:102,0
DA:103,0
DA:106,0
DA:120,0
DA:121,0
DA:123,0
DA:127,0
DA:234,0
DA:266,0
DA:298,0
LF:26
LH:0
BRDA:75,0,0,0
BRDA:75,0,1,0
BRDA:131,1,0,0
BRDA:131,1,1,0
BRDA:224,2,0,0
BRDA:224,2,1,0
BRDA:226,3,0,0
BRDA:226,3,1,0
BRDA:240,4,0,0
BRDA:240,4,1,0
BRDA:246,5,0,0
BRDA:246,5,1,0
BRDA:272,6,0,0
BRDA:272,6,1,0
BRDA:278,7,0,0
BRDA:278,7,1,0
BRDA:304,8,0,0
BRDA:304,8,1,0
BRDA:310,9,0,0
BRDA:310,9,1,0
BRF:20
BRH:0
end_of_record
TN:
SF:app/index.tsx
FN:10,Index
FN:13,(anonymous_1)
FNF:2
FNH:0
FNDA:0,Index
FNDA:0,(anonymous_1)
DA:8,0
DA:11,0
DA:13,0
DA:15,0
DA:16,0
DA:21,0
DA:22,0
DA:30,0
DA:31,0
DA:33,0
LF:10
LH:0
BRDA:15,0,0,0
BRDA:15,0,1,0
BRDA:21,1,0,0
BRDA:21,1,1,0
BRDA:30,2,0,0
BRDA:30,2,1,0
BRF:6
BRH:0
end_of_record
TN:
SF:app/login.tsx
FN:23,LoginScreen
FN:34,(anonymous_1)
FN:41,(anonymous_2)
FN:59,(anonymous_3)
FNF:4
FNH:0
FNDA:0,LoginScreen
FNDA:0,(anonymous_1)
FNDA:0,(anonymous_2)
FNDA:0,(anonymous_3)
DA:24,0
DA:30,0
DA:31,0
DA:34,0
DA:35,0
DA:36,0
DA:41,0
DA:42,0
DA:43,0
DA:44,0
DA:48,0
DA:49,0
DA:54,0
DA:59,0
DA:60,0
DA:61,0
DA:62,0
DA:66,0
DA:67,0
DA:72,0
DA:76,0
LF:21
LH:0
BRDA:35,0,0,0
BRDA:35,0,1,0
BRDA:80,1,0,0
BRDA:80,1,1,0
BRDA:110,2,0,0
BRDA:110,2,1,0
BRDA:156,3,0,0
BRDA:156,3,1,0
BRDA:158,4,0,0
BRDA:158,4,1,0
BRF:10
BRH:0
end_of_record
TN:
SF:app/(tabs)/_layout.tsx
FN:7,TabLayout
FN:13,(anonymous_1)
FN:42,(anonymous_2)
FN:53,(anonymous_3)
FN:64,(anonymous_4)
FN:76,(anonymous_5)
FN:87,(anonymous_6)
FNF:7
FNH:0
FNDA:0,TabLayout
FNDA:0,(anonymous_1)
FNDA:0,(anonymous_2)
FNDA:0,(anonymous_3)
FNDA:0,(anonymous_4)
FNDA:0,(anonymous_5)
FNDA:0,(anonymous_6)
DA:8,0
DA:9,0
DA:11,0
DA:13,0
DA:43,0
DA:54,0
DA:65,0
DA:77,0
DA:88,0
LF:9
LH:0
BRDA:19,0,0,0
BRDA:19,0,1,0
BRDA:20,1,0,0
BRDA:20,1,1,0
BRF:4
BRH:0
end_of_record
TN:
SF:app/(tabs)/index.tsx
FN:18,HomeScreen
FN:26,(anonymous_1)
FN:31,(anonymous_2)
FN:150,(anonymous_3)
FN:166,(anonymous_4)
FN:170,(anonymous_5)
FN:239,(anonymous_6)
FN:262,(anonymous_7)
FN:273,(anonymous_8)
FN:277,(anonymous_9)
FN:331,(anonymous_10)
FNF:11
FNH:0
FNDA:0,HomeScreen
FNDA:0,(anonymous_1)
FNDA:0,(anonymous_2)
FNDA:0,(anonymous_3)
FNDA:0,(anonymous_4)
FNDA:0,(anonymous_5)
FNDA:0,(anonymous_6)
FNDA:0,(anonymous_7)
FNDA:0,(anonymous_8)
FNDA:0,(anonymous_9)
FNDA:0,(anonymous_10)
DA:20,0
DA:22,0
DA:25,0
DA:26,0
DA:30,0
DA:31,0
DA:34,0
DA:45,0
DA:47,0
DA:150,0
DA:167,0
DA:170,0
DA:239,0
DA:262,0
DA:274,0
DA:277,0
DA:331,0
LF:17
LH:0
BRDA:25,0,0,0
BRDA:25,0,1,0
BRDA:26,1,0,0
BRDA:26,1,1,0
BRDA:26,2,0,0
BRDA:26,2,1,0
BRDA:30,3,0,0
BRDA:30,3,1,0
BRDA:31,4,0,0
BRDA:31,4,1,0
BRDA:31,5,0,0
BRDA:31,5,1,0
BRDA:160,6,0,0
BRDA:160,6,1,0
BRDA:176,7,0,0
BRDA:176,7,1,0
BRDA:178,8,0,0
BRDA:178,8,1,0
BRDA:180,9,0,0
BRDA:180,9,1,0
BRDA:187,10,0,0
BRDA:187,10,1,0
BRDA:189,11,0,0
BRDA:189,11,1,0
BRDA:191,12,0,0
BRDA:191,12,1,0
BRDA:209,13,0,0
BRDA:209,13,1,0
BRDA:236,14,0,0
BRDA:236,14,1,0
BRDA:267,15,0,0
BRDA:267,15,1,0
BRDA:281,16,0,0
BRDA:281,16,1,0
BRDA:296,17,0,0
BRDA:296,17,1,0
BRF:36
BRH:0
end_of_record
TN:
SF:app/(tabs)/(events)/index.tsx
FN:26,EventsScreen
FN:74,(anonymous_1)
FN:162,(anonymous_2)
FNF:3
FNH:0
FNDA:0,EventsScreen
FNDA:0,(anonymous_1)
FNDA:0,(anonymous_2)
DA:27,0
DA:30,0
DA:74,0
DA:75,0
DA:135,0
DA:162,0
DA:170,0
LF:7
LH:0
BRDA:87,0,0,0
BRDA:87,0,1,0
BRF:2
BRH:0
end_of_record
TN:
SF:app/(tabs)/(journals)/index.tsx
FN:32,JournalsScreen
FN:38,(anonymous_1)
FN:54,(anonymous_2)
FN:73,(anonymous_3)
FN:94,(anonymous_4)
FN:138,(anonymous_5)
FN:148,(anonymous_6)
FN:157,(anonymous_7)
FN:219,(anonymous_8)
FNF:9
FNH:0
FNDA:0,JournalsScreen
FNDA:0,(anonymous_1)
FNDA:0,(anonymous_2)
FNDA:0,(anonymous_3)
FNDA:0,(anonymous_4)
FNDA:0,(anonymous_5)
FNDA:0,(anonymous_6)
FNDA:0,(anonymous_7)
FNDA:0,(anonymous_8)
DA:33,0
DA:34,0
DA:35,0
DA:38,0
DA:39,0
DA:40,0
DA:45,0
DA:54,0
DA:57,0
DA:65,0
DA:66,0
DA:69,0
DA:73,0
DA:74,0
DA:75,0
DA:76,0
DA:78,0
DA:82,0
DA:94,0
DA:138,0
DA:149,0
DA:153,0
DA:157,0
DA:219,0
LF:24
LH:0
BRDA:39,0,0,0
BRDA:39,0,1,0
BRDA:65,1,0,0
BRDA:65,1,1,0
BRDA:65,2,0,0
BRDA:65,2,1,0
BRDA:74,3,0,0
BRDA:74,3,1,0
BRDA:102,4,0,0
BRDA:102,4,1,0
BRDA:112,5,0,0
BRDA:112,5,1,0
BRDA:119,6,0,0
BRDA:119,6,1,0
BRDA:127,7,0,0
BRDA:127,7,1,0
BRDA:127,7,2,0
BRDA:127,7,3,0
BRDA:127,7,4,0
BRDA:146,8,0,0
BRDA:146,8,1,0
BRDA:146,8,2,0
BRDA:146,8,3,0
BRDA:146,8,4,0
BRDA:149,9,0,0
BRDA:149,9,1,0
BRDA:188,10,0,0
BRDA:188,10,1,0
BRDA:193,11,0,0
BRDA:193,11,1,0
BRF:30
BRH:0
end_of_record
TN:
SF:app/(tabs)/(profile)/index.tsx
FN:59,ProfileScreen
FN:85,(anonymous_1)
FN:110,(anonymous_2)
FN:114,(anonymous_3)
FN:139,(anonymous_4)
FN:159,(anonymous_5)
FN:174,(anonymous_6)
FN:179,(anonymous_7)
FN:213,(anonymous_8)
FN:239,(anonymous_9)
FN:273,(anonymous_10)
FN:278,(anonymous_11)
FN:372,(anonymous_12)
FN:383,(anonymous_13)
FN:404,(anonymous_14)
FN:411,(anonymous_15)
FNF:16
FNH:0
FNDA:0,ProfileScreen
FNDA:0,(anonymous_1)
FNDA:0,(anonymous_2)
FNDA:0,(anonymous_3)
FNDA:0,(anonymous_4)
FNDA:0,(anonymous_5)
FNDA:0,(anonymous_6)
FNDA:0,(anonymous_7)
FNDA:0,(anonymous_8)
FNDA:0,(anonymous_9)
FNDA:0,(anonymous_10)
FNDA:0,(anonymous_11)
FNDA:0,(anonymous_12)
FNDA:0,(anonymous_13)
FNDA:0,(anonymous_14)
FNDA:0,(anonymous_15)
DA:60,0
DA:61,0
DA:62,0
DA:63,0
DA:64,0
DA:67,0
DA:69,0
DA:70,0
DA:71,0
DA:74,0
DA:85,0
DA:86,0
DA:87,0
DA:88,0
DA:89,0
DA:92,0
DA:93,0
DA:94,0
DA:97,0
DA:103,0
DA:104,0
DA:107,0
DA:110,0
DA:114,0
DA:117,0
DA:127,0
DA:128,0
DA:131,0
DA:132,0
DA:134,0
DA:139,0
DA:140,0
DA:141,0
DA:142,0
DA:145,0
DA:146,0
DA:147,0
DA:149,0
DA:154,0
DA:155,0
DA:159,0
DA:164,0
DA:166,0
DA:167,0
DA:169,0
DA:174,0
DA:175,0
DA:179,0
DA:186,0
DA:213,0
DA:220,0
DA:239,0
DA:246,0
DA:273,0
DA:274,0
DA:278,0
DA:279,0
DA:280,0
DA:282,0
DA:284,0
DA:285,0
DA:290,0
DA:291,0
DA:302,0
DA:303,0
DA:321,0
DA:372,0
DA:383,0
DA:404,0
DA:411,0
LF:70
LH:0
BRDA:67,0,0,0
BRDA:67,0,1,0
BRDA:86,1,0,0
BRDA:86,1,1,0
BRDA:103,2,0,0
BRDA:103,2,1,0
BRDA:107,3,0,0
BRDA:107,3,1,0
BRDA:110,4,0,0
BRDA:110,4,1,0
BRDA:114,5,0,0
BRDA:114,5,1,0
BRDA:118,6,0,0
BRDA:118,6,1,0
BRDA:118,6,2,0
BRDA:119,7,0,0
BRDA:119,7,1,0
BRDA:119,7,2,0
BRDA:120,8,0,0
BRDA:120,8,1,0
BRDA:121,9,0,0
BRDA:121,9,1,0
BRDA:124,10,0,0
BRDA:124,10,1,0
BRDA:128,11,0,0
BRDA:128,11,1,0
BRDA:140,12,0,0
BRDA:140,12,1,0
BRDA:154,13,0,0
BRDA:154,13,1,0
BRDA:184,14,0,0
BRDA:200,15,0,0
BRDA:200,15,1,0
BRDA:206,16,0,0
BRDA:206,16,1,0
BRDA:217,17,0,0
BRDA:218,18,0,0
BRDA:256,19,0,0
BRDA:256,19,1,0
BRDA:290,20,0,0
BRDA:290,20,1,0
BRDA:290,21,0,0
BRDA:290,21,1,0
BRDA:302,22,0,0
BRDA:302,22,1,0
BRDA:337,23,0,0
BRDA:337,23,1,0
BRDA:348,24,0,0
BRDA:348,24,1,0
BRDA:351,25,0,0
BRDA:351,25,1,0
BRDA:359,26,0,0
BRDA:359,26,1,0
BRDA:366,27,0,0
BRDA:366,27,1,0
BRF:55
BRH:0
end_of_record
TN:
SF:app/(tabs)/(recipes)/index.tsx
FN:38,RecipesScreen
FN:49,(anonymous_1)
FN:52,(anonymous_2)
FN:97,(anonymous_3)
FN:106,(anonymous_4)
FN:119,(anonymous_5)
FN:129,(anonymous_6)
FN:157,(anonymous_7)
FN:174,(anonymous_8)
FN:192,(anonymous_9)
FN:195,(anonymous_10)
FN:254,(anonymous_11)
FN:279,(anonymous_12)
FN:287,(anonymous_13)
FN:291,(anonymous_14)
FN:336,(anonymous_15)
FNF:16
FNH:0
FNDA:0,RecipesScreen
FNDA:0,(anonymous_1)
FNDA:0,(anonymous_2)
FNDA:0,(anonymous_3)
FNDA:0,(anonymous_4)
FNDA:0,(anonymous_5)
FNDA:0,(anonymous_6)
FNDA:0,(anonymous_7)
FNDA:0,(anonymous_8)
FNDA:0,(anonymous_9)
FNDA:0,(anonymous_10)
FNDA:0,(anonymous_11)
FNDA:0,(anonymous_12)
FNDA:0,(anonymous_13)
FNDA:0,(anonymous_14)
FNDA:0,(anonymous_15)
DA:39,0
DA:40,0
DA:41,0
DA:42,0
DA:45,0
DA:48,0
DA:51,0
DA:52,0
DA:57,0
DA:96,0
DA:97,0
DA:106,0
DA:118,0
DA:120,0
DA:122,0
DA:123,0
DA:124,0
DA:125,0
DA:127,0
DA:131,0
DA:132,0
DA:138,0
DA:145,0
DA:157,0
DA:174,0
DA:193,0
DA:195,0
DA:255,0
DA:279,0
DA:288,0
DA:291,0
DA:336,0
LF:32
LH:0
BRDA:96,0,0,0
BRDA:96,0,1,0
BRDA:104,1,0,0
BRDA:104,1,1,0
BRDA:104,2,0,0
BRDA:104,2,1,0
BRDA:106,3,0,0
BRDA:106,3,1,0
BRDA:109,4,0,0
BRDA:109,4,1,0
BRDA:120,5,0,0
BRDA:120,5,1,0
BRDA:122,6,0,0
BRDA:122,6,1,0
BRDA:123,7,0,0
BRDA:123,7,1,0
BRDA:124,8,0,0
BRDA:124,8,1,0
BRDA:125,9,0,0
BRDA:125,9,1,0
BRDA:131,10,0,0
BRDA:131,10,1,0
BRDA:173,11,0,0
BRDA:173,11,1,0
BRDA:197,12,0,0
BRDA:197,12,1,0
BRDA:203,13,0,0
BRDA:203,13,1,0
BRDA:210,14,0,0
BRDA:210,14,1,0
BRDA:219,15,0,0
BRDA:219,15,1,0
BRDA:233,16,0,0
BRDA:233,16,1,0
BRDA:240,17,0,0
BRDA:240,17,1,0
BRDA:248,18,0,0
BRDA:248,18,1,0
BRDA:261,19,0,0
BRDA:261,19,1,0
BRDA:269,20,0,0
BRDA:269,20,1,0
BRDA:272,21,0,0
BRDA:272,21,1,0
BRDA:276,22,0,0
BRDA:276,22,1,0
BRF:46
BRH:0
end_of_record
TN:
SF:app/journals/create.tsx
FN:47,JournalCreateScreen
FN:69,(anonymous_1)
FN:72,(anonymous_2)
FN:89,(anonymous_3)
FN:92,(anonymous_4)
FN:109,(anonymous_5)
FN:173,(anonymous_6)
FN:178,(anonymous_7)
FN:182,(anonymous_8)
FN:202,(anonymous_9)
FN:233,(anonymous_10)
FN:268,(anonymous_11)
FN:273,(anonymous_12)
FN:277,(anonymous_13)
FN:301,(anonymous_14)
FN:364,(anonymous_15)
FN:405,(anonymous_16)
FN:413,(anonymous_17)
FN:486,(anonymous_18)
FN:514,(anonymous_19)
FN:515,(anonymous_20)
FN:523,(anonymous_21)
FNF:22
FNH:0
FNDA:0,JournalCreateScreen
FNDA:0,(anonymous_1)
FNDA:0,(anonymous_2)
FNDA:0,(anonymous_3)
FNDA:0,(anonymous_4)
FNDA:0,(anonymous_5)
FNDA:0,(anonymous_6)
FNDA:0,(anonymous_7)
FNDA:0,(anonymous_8)
FNDA:0,(anonymous_9)
FNDA:0,(anonymous_10)
FNDA:0,(anonymous_11)
FNDA:0,(anonymous_12)
FNDA:0,(anonymous_13)
FNDA:0,(anonymous_14)
FNDA:0,(anonymous_15)
FNDA:0,(anonymous_16)
FNDA:0,(anonymous_17)
FNDA:0,(anonymous_18)
FNDA:0,(anonymous_19)
FNDA:0,(anonymous_20)
FNDA:0,(anonymous_21)
DA:48,0
DA:49,0
DA:50,0
DA:51,0
DA:52,0
DA:53,0
DA:54,0
DA:55,0
DA:58,0
DA:59,0
DA:60,0
DA:63,0
DA:66,0
DA:69,0
DA:70,0
DA:72,0
DA:73,0
DA:74,0
DA:75,0
DA:78,0
DA:79,0
DA:80,0
DA:89,0
DA:90,0
DA:91,0
DA:92,0
DA:94,0
DA:96,0
DA:100,0
DA:104,0
DA:108,0
DA:110,0
DA:119,0
DA:121,0
DA:125,0
DA:128,0
DA:129,0
DA:132,0
DA:137,0
DA:172,0
DA:173,0
DA:177,0
DA:178,0
DA:182,0
DA:183,0
DA:186,0
DA:189,0
DA:190,0
DA:194,0
DA:195,0
DA:199,0
DA:202,0
DA:203,0
DA:206,0
DA:207,0
DA:210,0
DA:216,0
DA:219,0
DA:220,0
DA:221,0
DA:222,0
DA:224,0
DA:227,0
DA:230,0
DA:233,0
DA:235,0
DA:236,0
DA:237,0
DA:241,0
DA:250,0
DA:251,0
DA:260,0
DA:269,0
DA:270,0
DA:273,0
DA:278,0
DA:279,0
DA:288,0
DA:301,0
DA:364,0
DA:406,0
DA:414,0
DA:415,0
DA:416,0
DA:419,0
DA:420,0
DA:421,0
DA:425,0
DA:426,0
DA:487,0
DA:488,0
DA:490,0
DA:514,0
DA:516,0
DA:524,0
DA:525,0
DA:526,0
LF:97
LH:0
BRDA:70,0,0,0
BRDA:70,0,1,0
BRDA:70,1,0,0
BRDA:70,1,1,0
BRDA:73,2,0,0
BRDA:73,2,1,0
BRDA:78,3,0,0
BRDA:78,3,1,0
BRDA:78,4,0,0
BRDA:78,4,1,0
BRDA:90,5,0,0
BRDA:90,5,1,0
BRDA:90,6,0,0
BRDA:90,6,1,0
BRDA:94,7,0,0
BRDA:94,7,1,0
BRDA:100,8,0,0
BRDA:100,8,1,0
BRDA:101,9,0,0
BRDA:101,9,1,0
BRDA:113,10,0,0
BRDA:113,10,1,0
BRDA:183,11,0,0
BRDA:183,11,1,0
BRDA:189,12,0,0
BRDA:189,12,1,0
BRDA:194,13,0,0
BRDA:194,13,1,0
BRDA:203,14,0,0
BRDA:203,14,1,0
BRDA:206,15,0,0
BRDA:206,15,1,0
BRDA:219,16,0,0
BRDA:219,16,1,0
BRDA:221,17,0,0
BRDA:221,17,1,0
BRDA:235,18,0,0
BRDA:235,18,1,0
BRDA:250,19,0,0
BRDA:250,19,1,0
BRDA:264,20,0,0
BRDA:264,20,1,0
BRDA:265,21,0,0
BRDA:265,21,1,0
BRDA:294,22,0,0
BRDA:294,22,1,0
BRDA:306,23,0,0
BRDA:306,23,1,0
BRDA:318,24,0,0
BRDA:318,24,1,0
BRDA:336,25,0,0
BRDA:336,25,1,0
BRDA:337,26,0,0
BRDA:337,26,1,0
BRDA:339,27,0,0
BRDA:339,27,1,0
BRDA:356,28,0,0
BRDA:356,28,1,0
BRDA:357,29,0,0
BRDA:357,29,1,0
BRDA:359,30,0,0
BRDA:359,30,1,0
BRDA:367,31,0,0
BRDA:367,31,1,0
BRDA:380,32,0,0
BRDA:380,32,1,0
BRDA:384,33,0,0
BRDA:384,33,1,0
BRDA:391,34,0,0
BRDA:391,34,1,0
BRDA:393,35,0,0
BRDA:393,35,1,0
BRDA:403,36,0,0
BRDA:403,36,1,0
BRDA:403,37,0,0
BRDA:403,37,1,0
BRDA:409,38,0,0
BRDA:409,38,1,0
BRDA:419,39,0,0
BRDA:419,39,1,0
BRDA:449,40,0,0
BRDA:449,40,1,0
BRDA:450,41,0,0
BRDA:450,41,1,0
BRDA:469,42,0,0
BRDA:469,42,1,0
BRDA:473,43,0,0
BRDA:473,43,1,0
BRDA:477,44,0,0
BRDA:477,44,1,0
BRDA:479,45,0,0
BRDA:479,45,1,0
BRDA:481,46,0,0
BRDA:481,46,1,0
BRDA:487,47,0,0
BRDA:487,47,1,0
BRDA:495,48,0,0
BRDA:495,48,1,0
BRDA:496,49,0,0
BRDA:496,49,1,0
BRDA:497,50,0,0
BRDA:497,50,1,0
BRDA:501,51,0,0
BRDA:501,51,1,0
BRDA:503,52,0,0
BRDA:503,52,1,0
BRDA:511,53,0,0
BRDA:511,53,1,0
BRDA:511,53,2,0
BRDA:519,54,0,0
BRDA:519,54,1,0
BRDA:537,55,0,0
BRDA:537,55,1,0
BRDA:540,56,0,0
BRDA:540,56,1,0
BRDA:562,57,0,0
BRDA:562,57,1,0
BRDA:563,58,0,0
BRDA:563,58,1,0
BRDA:565,59,0,0
BRDA:565,59,1,0
BRF:121
BRH:0
end_of_record
TN:
SF:app/journals/[id]/add-record.tsx
FN:38,AddRecordScreen
FN:71,(anonymous_1)
FN:75,(anonymous_2)
FN:85,(anonymous_3)
FN:93,(anonymous_4)
FN:97,(anonymous_5)
FN:109,(anonymous_6)
FN:133,(anonymous_7)
FN:157,(anonymous_8)
FN:164,(anonymous_9)
FN:227,(anonymous_10)
FN:239,(anonymous_11)
FN:255,(anonymous_12)
FN:315,(anonymous_13)
FN:324,(anonymous_14)
FN:329,(anonymous_15)
FN:347,(anonymous_16)
FN:373,(anonymous_17)
FN:393,(anonymous_18)
FN:438,(anonymous_19)
FN:457,(anonymous_20)
FN:460,(anonymous_21)
FN:468,(anonymous_22)
FN:524,(anonymous_23)
FN:532,(anonymous_24)
FNF:25
FNH:0
FNDA:0,AddRecordScreen
FNDA:0,(anonymous_1)
FNDA:0,(anonymous_2)
FNDA:0,(anonymous_3)
FNDA:0,(anonymous_4)
FNDA:0,(anonymous_5)
FNDA:0,(anonymous_6)
FNDA:0,(anonymous_7)
FNDA:0,(anonymous_8)
FNDA:0,(anonymous_9)
FNDA:0,(anonymous_10)
FNDA:0,(anonymous_11)
FNDA:0,(anonymous_12)
FNDA:0,(anonymous_13)
FNDA:0,(anonymous_14)
FNDA:0,(anonymous_15)
FNDA:0,(anonymous_16)
FNDA:0,(anonymous_17)
FNDA:0,(anonymous_18)
FNDA:0,(anonymous_19)
FNDA:0,(anonymous_20)
FNDA:0,(anonymous_21)
FNDA:0,(anonymous_22)
FNDA:0,(anonymous_23)
FNDA:0,(anonymous_24)
DA:39,0
DA:40,0
DA:41,0
DA:42,0
DA:43,0
DA:44,0
DA:45,0
DA:46,0
DA:47,0
DA:48,0
DA:55,0
DA:59,0
DA:62,0
DA:65,0
DA:68,0
DA:71,0
DA:72,0
DA:74,0
DA:75,0
DA:78,0
DA:79,0
DA:85,0
DA:87,0
DA:93,0
DA:97,0
DA:109,0
DA:111,0
DA:113,0
DA:114,0
DA:115,0
DA:119,0
DA:127,0
DA:128,0
DA:133,0
DA:135,0
DA:137,0
DA:138,0
DA:139,0
DA:143,0
DA:151,0
DA:152,0
DA:157,0
DA:158,0
DA:159,0
DA:160,0
DA:164,0
DA:167,0
DA:168,0
DA:175,0
DA:179,0
DA:180,0
DA:181,0
DA:183,0
DA:184,0
DA:187,0
DA:188,0
DA:191,0
DA:192,0
DA:199,0
DA:200,0
DA:201,0
DA:204,0
DA:207,0
DA:211,0
DA:212,0
DA:214,0
DA:215,0
DA:216,0
DA:217,0
DA:219,0
DA:220,0
DA:222,0
DA:227,0
DA:229,0
DA:230,0
DA:231,0
DA:234,0
DA:236,0
DA:238,0
DA:239,0
DA:243,0
DA:251,0
DA:254,0
DA:256,0
DA:258,0
DA:259,0
DA:260,0
DA:263,0
DA:264,0
DA:265,0
DA:267,0
DA:269,0
DA:273,0
DA:274,0
DA:276,0
DA:281,0
DA:284,0
DA:290,0
DA:295,0
DA:296,0
DA:297,0
DA:299,0
DA:300,0
DA:303,0
DA:305,0
DA:306,0
DA:310,0
DA:312,0
DA:315,0
DA:320,0
DA:321,0
DA:324,0
DA:330,0
DA:331,0
DA:335,0
DA:339,0
DA:340,0
DA:341,0
DA:346,0
DA:347,0
DA:351,0
DA:352,0
DA:363,0
DA:364,0
DA:373,0
DA:384,0
DA:393,0
DA:438,0
DA:458,0
DA:461,0
DA:469,0
DA:470,0
DA:525,0
DA:532,0
LF:134
LH:0
BRDA:68,0,0,0
BRDA:68,0,1,0
BRDA:72,1,0,0
BRDA:72,1,1,0
BRDA:72,2,0,0
BRDA:72,2,1,0
BRDA:78,3,0,0
BRDA:78,3,1,0
BRDA:113,4,0,0
BRDA:113,4,1,0
BRDA:127,5,0,0
BRDA:127,5,1,0
BRDA:127,6,0,0
BRDA:127,6,1,0
BRDA:127,6,2,0
BRDA:137,7,0,0
BRDA:137,7,1,0
BRDA:151,8,0,0
BRDA:151,8,1,0
BRDA:151,9,0,0
BRDA:151,9,1,0
BRDA:151,9,2,0
BRDA:180,10,0,0
BRDA:180,10,1,0
BRDA:181,11,0,0
BRDA:181,11,1,0
BRDA:199,12,0,0
BRDA:199,12,1,0
BRDA:215,13,0,0
BRDA:215,13,1,0
BRDA:229,14,0,0
BRDA:229,14,1,0
BRDA:247,15,0,0
BRDA:247,15,1,0
BRDA:248,16,0,0
BRDA:248,16,1,0
BRDA:258,17,0,0
BRDA:258,17,1,0
BRDA:267,18,0,0
BRDA:267,18,1,0
BRDA:305,19,0,0
BRDA:305,19,1,0
BRDA:351,20,0,0
BRDA:351,20,1,0
BRDA:363,21,0,0
BRDA:363,21,1,0
BRDA:363,22,0,0
BRDA:363,22,1,0
BRDA:400,23,0,0
BRDA:400,23,1,0
BRDA:402,24,0,0
BRDA:402,24,1,0
BRDA:402,25,0,0
BRDA:402,25,1,0
BRDA:441,26,0,0
BRDA:441,26,1,0
BRDA:442,27,0,0
BRDA:442,27,1,0
BRDA:447,28,0,0
BRDA:447,28,1,0
BRDA:453,29,0,0
BRDA:453,29,1,0
BRDA:453,29,2,0
BRDA:464,30,0,0
BRDA:464,30,1,0
BRDA:475,31,0,0
BRDA:475,31,1,0
BRDA:480,32,0,0
BRDA:480,32,1,0
BRDA:487,33,0,0
BRDA:487,33,1,0
BRDA:487,33,2,0
BRF:72
BRH:0
end_of_record
TN:
SF:app/journals/[id]/edit-record.tsx
FN:48,EditRecordScreen
FN:103,(anonymous_1)
FN:113,(anonymous_2)
FN:123,(anonymous_3)
FN:130,(anonymous_4)
FN:138,(anonymous_5)
FN:142,(anonymous_6)
FN:154,(anonymous_7)
FN:178,(anonymous_8)
FN:202,(anonymous_9)
FN:209,(anonymous_10)
FN:210,(anonymous_11)
FN:215,(anonymous_12)
FN:278,(anonymous_13)
FN:290,(anonymous_14)
FN:306,(anonymous_15)
FN:382,(anonymous_16)
FN:387,(anonymous_17)
FN:405,(anonymous_18)
FN:429,(anonymous_19)
FN:449,(anonymous_20)
FN:494,(anonymous_21)
FN:513,(anonymous_22)
FN:516,(anonymous_23)
FN:524,(anonymous_24)
FN:581,(anonymous_25)
FN:589,(anonymous_26)
FN:597,(anonymous_27)
FN:608,(anonymous_28)
FNF:29
FNH:0
FNDA:0,EditRecordScreen
FNDA:0,(anonymous_1)
FNDA:0,(anonymous_2)
FNDA:0,(anonymous_3)
FNDA:0,(anonymous_4)
FNDA:0,(anonymous_5)
FNDA:0,(anonymous_6)
FNDA:0,(anonymous_7)
FNDA:0,(anonymous_8)
FNDA:0,(anonymous_9)
FNDA:0,(anonymous_10)
FNDA:0,(anonymous_11)
FNDA:0,(anonymous_12)
FNDA:0,(anonymous_13)
FNDA:0,(anonymous_14)
FNDA:0,(anonymous_15)
FNDA:0,(anonymous_16)
FNDA:0,(anonymous_17)
FNDA:0,(anonymous_18)
FNDA:0,(anonymous_19)
FNDA:0,(anonymous_20)
FNDA:0,(anonymous_21)
FNDA:0,(anonymous_22)
FNDA:0,(anonymous_23)
FNDA:0,(anonymous_24)
FNDA:0,(anonymous_25)
FNDA:0,(anonymous_26)
FNDA:0,(anonymous_27)
FNDA:0,(anonymous_28)
DA:49,0
DA:50,0
DA:54,0
DA:55,0
DA:56,0
DA:57,0
DA:58,0
DA:59,0
DA:60,0
DA:61,0
DA:64,0
DA:65,0
DA:66,0
DA:73,0
DA:80,0
DA:87,0
DA:91,0
DA:94,0
DA:97,0
DA:100,0
DA:103,0
DA:104,0
DA:105,0
DA:106,0
DA:107,0
DA:108,0
DA:111,0
DA:112,0
DA:113,0
DA:115,0
DA:116,0
DA:123,0
DA:124,0
DA:125,0
DA:130,0
DA:132,0
DA:138,0
DA:142,0
DA:154,0
DA:156,0
DA:158,0
DA:159,0
DA:160,0
DA:164,0
DA:172,0
DA:173,0
DA:178,0
DA:180,0
DA:182,0
DA:183,0
DA:184,0
DA:188,0
DA:196,0
DA:197,0
DA:202,0
DA:203,0
DA:204,0
DA:205,0
DA:209,0
DA:210,0
DA:211,0
DA:215,0
DA:218,0
DA:219,0
DA:226,0
DA:230,0
DA:231,0
DA:232,0
DA:234,0
DA:235,0
DA:238,0
DA:239,0
DA:242,0
DA:243,0
DA:250,0
DA:251,0
DA:252,0
DA:255,0
DA:258,0
DA:262,0
DA:263,0
DA:265,0
DA:266,0
DA:267,0
DA:268,0
DA:270,0
DA:271,0
DA:273,0
DA:278,0
DA:280,0
DA:281,0
DA:282,0
DA:285,0
DA:287,0
DA:289,0
DA:290,0
DA:294,0
DA:302,0
DA:305,0
DA:307,0
DA:309,0
DA:312,0
DA:313,0
DA:314,0
DA:315,0
DA:317,0
DA:319,0
DA:320,0
DA:325,0
DA:326,0
DA:329,0
DA:330,0
DA:331,0
DA:333,0
DA:335,0
DA:339,0
DA:340,0
DA:342,0
DA:347,0
DA:350,0
DA:356,0
DA:361,0
DA:362,0
DA:363,0
DA:365,0
DA:366,0
DA:370,0
DA:372,0
DA:373,0
DA:377,0
DA:379,0
DA:382,0
DA:388,0
DA:389,0
DA:393,0
DA:397,0
DA:398,0
DA:399,0
DA:404,0
DA:405,0
DA:409,0
DA:410,0
DA:419,0
DA:420,0
DA:429,0
DA:440,0
DA:449,0
DA:494,0
DA:514,0
DA:517,0
DA:525,0
DA:526,0
DA:582,0
DA:589,0
DA:598,0
DA:608,0
LF:156
LH:0
BRDA:100,0,0,0
BRDA:100,0,1,0
BRDA:104,1,0,0
BRDA:104,1,1,0
BRDA:105,2,0,0
BRDA:105,2,1,0
BRDA:106,3,0,0
BRDA:106,3,1,0
BRDA:107,4,0,0
BRDA:107,4,1,0
BRDA:111,5,0,0
BRDA:111,5,1,0
BRDA:115,6,0,0
BRDA:115,6,1,0
BRDA:124,7,0,0
BRDA:124,7,1,0
BRDA:158,8,0,0
BRDA:158,8,1,0
BRDA:172,9,0,0
BRDA:172,9,1,0
BRDA:172,10,0,0
BRDA:172,10,1,0
BRDA:172,10,2,0
BRDA:182,11,0,0
BRDA:182,11,1,0
BRDA:196,12,0,0
BRDA:196,12,1,0
BRDA:196,13,0,0
BRDA:196,13,1,0
BRDA:196,13,2,0
BRDA:231,14,0,0
BRDA:231,14,1,0
BRDA:232,15,0,0
BRDA:232,15,1,0
BRDA:250,16,0,0
BRDA:250,16,1,0
BRDA:266,17,0,0
BRDA:266,17,1,0
BRDA:280,18,0,0
BRDA:280,18,1,0
BRDA:298,19,0,0
BRDA:298,19,1,0
BRDA:299,20,0,0
BRDA:299,20,1,0
BRDA:312,21,0,0
BRDA:312,21,1,0
BRDA:325,22,0,0
BRDA:325,22,1,0
BRDA:333,23,0,0
BRDA:333,23,1,0
BRDA:372,24,0,0
BRDA:372,24,1,0
BRDA:409,25,0,0
BRDA:409,25,1,0
BRDA:409,26,0,0
BRDA:409,26,1,0
BRDA:409,26,2,0
BRDA:419,27,0,0
BRDA:419,27,1,0
BRDA:419,28,0,0
BRDA:419,28,1,0
BRDA:419,28,2,0
BRDA:419,28,3,0
BRDA:419,28,4,0
BRDA:456,29,0,0
BRDA:456,29,1,0
BRDA:458,30,0,0
BRDA:458,30,1,0
BRDA:458,31,0,0
BRDA:458,31,1,0
BRDA:497,32,0,0
BRDA:497,32,1,0
BRDA:498,33,0,0
BRDA:498,33,1,0
BRDA:503,34,0,0
BRDA:503,34,1,0
BRDA:509,35,0,0
BRDA:509,35,1,0
BRDA:509,35,2,0
BRDA:520,36,0,0
BRDA:520,36,1,0
BRDA:531,37,0,0
BRDA:531,37,1,0
BRDA:536,38,0,0
BRDA:536,38,1,0
BRDA:543,39,0,0
BRDA:543,39,1,0
BRDA:543,39,2,0
BRF:88
BRH:0
end_of_record
TN:
SF:app/journals/[id]/index.tsx
FN:63,JournalDetailScreen
FN:82,(anonymous_1)
FN:97,(anonymous_2)
FN:103,(anonymous_3)
FN:112,(anonymous_4)
FN:122,(anonymous_5)
FN:129,(anonymous_6)
FN:132,(anonymous_7)
FN:144,(anonymous_8)
FN:153,(anonymous_9)
FN:155,(anonymous_10)
FN:159,(anonymous_11)
FN:170,(anonymous_12)
FN:175,(anonymous_13)
FN:185,(anonymous_14)
FN:189,(anonymous_15)
FN:192,(anonymous_16)
FN:204,(anonymous_17)
FN:212,(anonymous_18)
FN:225,(anonymous_19)
FN:241,(anonymous_20)
FN:273,(anonymous_21)
FN:294,(anonymous_22)
FN:313,(anonymous_23)
FN:336,(anonymous_24)
FN:339,(anonymous_25)
FN:379,(anonymous_26)
FN:397,(anonymous_27)
FN:425,(anonymous_28)
FN:429,(anonymous_29)
FN:432,(anonymous_30)
FN:438,(anonymous_31)
FN:441,(anonymous_32)
FN:445,(anonymous_33)
FN:447,(anonymous_34)
FN:538,(anonymous_35)
FN:560,(anonymous_36)
FN:571,(anonymous_37)
FN:577,(anonymous_38)
FNF:39
FNH:0
FNDA:0,JournalDetailScreen
FNDA:0,(anonymous_1)
FNDA:0,(anonymous_2)
FNDA:0,(anonymous_3)
FNDA:0,(anonymous_4)
FNDA:0,(anonymous_5)
FNDA:0,(anonymous_6)
FNDA:0,(anonymous_7)
FNDA:0,(anonymous_8)
FNDA:0,(anonymous_9)
FNDA:0,(anonymous_10)
FNDA:0,(anonymous_11)
FNDA:0,(anonymous_12)
FNDA:0,(anonymous_13)
FNDA:0,(anonymous_14)
FNDA:0,(anonymous_15)
FNDA:0,(anonymous_16)
FNDA:0,(anonymous_17)
FNDA:0,(anonymous_18)
FNDA:0,(anonymous_19)
FNDA:0,(anonymous_20)
FNDA:0,(anonymous_21)
FNDA:0,(anonymous_22)
FNDA:0,(anonymous_23)
FNDA:0,(anonymous_24)
FNDA:0,(anonymous_25)
FNDA:0,(anonymous_26)
FNDA:0,(anonymous_27)
FNDA:0,(anonymous_28)
FNDA:0,(anonymous_29)
FNDA:0,(anonymous_30)
FNDA:0,(anonymous_31)
FNDA:0,(anonymous_32)
FNDA:0,(anonymous_33)
FNDA:0,(anonymous_34)
FNDA:0,(anonymous_35)
FNDA:0,(anonymous_36)
FNDA:0,(anonymous_37)
FNDA:0,(anonymous_38)
DA:64,0
DA:65,0
DA:66,0
DA:69,0
DA:72,0
DA:75,0
DA:79,0
DA:82,0
DA:83,0
DA:84,0
DA:88,0
DA:91,0
DA:98,0
DA:104,0
DA:105,0
DA:112,0
DA:113,0
DA:115,0
DA:123,0
DA:130,0
DA:133,0
DA:134,0
DA:144,0
DA:145,0
DA:154,0
DA:156,0
DA:157,0
DA:160,0
DA:161,0
DA:170,0
DA:171,0
DA:177,0
DA:178,0
DA:186,0
DA:190,0
DA:193,0
DA:194,0
DA:204,0
DA:205,0
DA:206,0
DA:208,0
DA:212,0
DA:213,0
DA:215,0
DA:225,0
DA:241,0
DA:253,0
DA:254,0
DA:263,0
DA:264,0
DA:273,0
DA:285,0
DA:288,0
DA:291,0
DA:294,0
DA:295,0
DA:297,0
DA:299,0
DA:301,0
DA:304,0
DA:313,0
DA:336,0
DA:339,0
DA:379,0
DA:397,0
DA:426,0
DA:431,0
DA:432,0
DA:435,0
DA:439,0
DA:442,0
DA:447,0
DA:448,0
DA:452,0
DA:540,0
DA:544,0
DA:548,0
DA:550,0
DA:562,0
DA:566,0
DA:572,0
DA:578,0
LF:82
LH:0
BRDA:83,0,0,0
BRDA:83,0,1,0
BRDA:83,1,0,0
BRDA:83,1,1,0
BRDA:86,2,0,0
BRDA:86,2,1,0
BRDA:100,3,0,0
BRDA:100,3,1,0
BRDA:113,4,0,0
BRDA:113,4,1,0
BRDA:177,5,0,0
BRDA:177,5,1,0
BRDA:205,6,0,0
BRDA:205,6,1,0
BRDA:253,7,0,0
BRDA:253,7,1,0
BRDA:263,8,0,0
BRDA:263,8,1,0
BRDA:263,9,0,0
BRDA:263,9,1,0
BRDA:285,10,0,0
BRDA:285,10,1,0
BRDA:288,11,0,0
BRDA:288,11,1,0
BRDA:295,12,0,0
BRDA:295,12,1,0
BRDA:295,13,0,0
BRDA:295,13,1,0
BRDA:299,14,0,0
BRDA:299,14,1,0
BRDA:301,15,0,0
BRDA:301,15,1,0
BRDA:321,16,0,0
BRDA:321,16,1,0
BRDA:354,17,0,0
BRDA:354,17,1,0
BRDA:357,18,0,0
BRDA:357,18,1,0
BRDA:362,19,0,0
BRDA:362,19,1,0
BRDA:367,20,0,0
BRDA:367,20,1,0
BRDA:370,21,0,0
BRDA:370,21,1,0
BRDA:375,22,0,0
BRDA:375,22,1,0
BRDA:384,23,0,0
BRDA:384,23,1,0
BRDA:408,24,0,0
BRDA:408,24,1,0
BRDA:448,25,0,0
BRDA:448,25,1,0
BRDA:449,26,0,0
BRDA:449,26,1,0
BRDA:463,27,0,0
BRDA:463,27,1,0
BRDA:463,27,2,0
BRDA:468,28,0,0
BRDA:468,28,1,0
BRDA:470,29,0,0
BRDA:470,29,1,0
BRDA:484,30,0,0
BRDA:484,30,1,0
BRDA:490,31,0,0
BRDA:490,31,1,0
BRDA:490,31,2,0
BRDA:492,32,0,0
BRDA:492,32,1,0
BRDA:507,33,0,0
BRDA:507,33,1,0
BRDA:525,34,0,0
BRDA:525,34,1,0
BRDA:544,35,0,0
BRDA:544,35,1,0
BRDA:545,36,0,0
BRDA:545,36,1,0
BRF:76
BRH:0
end_of_record
TN:
SF:app/profile/edit.tsx
FN:27,EditProfileScreen
FN:42,(anonymous_1)
FN:80,(anonymous_2)
FN:85,(anonymous_3)
FN:86,(anonymous_4)
FN:93,(anonymous_5)
FN:133,(anonymous_6)
FN:144,(anonymous_7)
FN:235,(anonymous_8)
FN:264,(anonymous_9)
FNF:10
FNH:0
FNDA:0,EditProfileScreen
FNDA:0,(anonymous_1)
FNDA:0,(anonymous_2)
FNDA:0,(anonymous_3)
FNDA:0,(anonymous_4)
FNDA:0,(anonymous_5)
FNDA:0,(anonymous_6)
FNDA:0,(anonymous_7)
FNDA:0,(anonymous_8)
FNDA:0,(anonymous_9)
DA:28,0
DA:29,0
DA:30,0
DA:31,0
DA:34,0
DA:42,0
DA:43,0
DA:44,0
DA:45,0
DA:46,0
DA:49,0
DA:50,0
DA:51,0
DA:53,0
DA:59,0
DA:60,0
DA:63,0
DA:64,0
DA:72,0
DA:73,0
DA:75,0
DA:80,0
DA:81,0
DA:85,0
DA:86,0
DA:93,0
DA:94,0
DA:95,0
DA:96,0
DA:100,0
DA:101,0
DA:102,0
DA:105,0
DA:106,0
DA:109,0
DA:118,0
DA:121,0
DA:125,0
DA:126,0
DA:130,0
DA:132,0
DA:133,0
DA:136,0
DA:137,0
DA:139,0
DA:144,0
DA:145,0
DA:149,0
DA:150,0
DA:161,0
DA:162,0
DA:180,0
DA:235,0
DA:264,0
LF:54
LH:0
BRDA:43,0,0,0
BRDA:43,0,1,0
BRDA:59,1,0,0
BRDA:59,1,1,0
BRDA:63,2,0,0
BRDA:63,2,1,0
BRDA:65,3,0,0
BRDA:65,3,1,0
BRDA:65,3,2,0
BRDA:66,4,0,0
BRDA:66,4,1,0
BRDA:66,4,2,0
BRDA:67,5,0,0
BRDA:67,5,1,0
BRDA:68,6,0,0
BRDA:68,6,1,0
BRDA:94,7,0,0
BRDA:94,7,1,0
BRDA:100,8,0,0
BRDA:100,8,1,0
BRDA:118,9,0,0
BRDA:118,9,1,0
BRDA:125,10,0,0
BRDA:125,10,1,0
BRDA:149,11,0,0
BRDA:149,11,1,0
BRDA:161,12,0,0
BRDA:161,12,1,0
BRDA:211,13,0,0
BRDA:211,13,1,0
BRDA:283,14,0,0
BRDA:283,14,1,0
BRDA:290,15,0,0
BRDA:290,15,1,0
BRF:34
BRH:0
end_of_record
TN:
SF:app/profile/settings.tsx
FN:31,SettingsScreen
FN:87,(anonymous_1)
FN:100,(anonymous_2)
FN:108,(anonymous_3)
FN:116,(anonymous_4)
FN:137,(anonymous_5)
FN:145,(anonymous_6)
FN:153,(anonymous_7)
FN:168,(anonymous_8)
FN:180,(anonymous_9)
FN:185,(anonymous_10)
FN:191,(anonymous_11)
FN:203,(anonymous_12)
FN:261,(anonymous_13)
FN:274,(anonymous_14)
FN:279,(anonymous_15)
FNF:16
FNH:0
FNDA:0,SettingsScreen
FNDA:0,(anonymous_1)
FNDA:0,(anonymous_2)
FNDA:0,(anonymous_3)
FNDA:0,(anonymous_4)
FNDA:0,(anonymous_5)
FNDA:0,(anonymous_6)
FNDA:0,(anonymous_7)
FNDA:0,(anonymous_8)
FNDA:0,(anonymous_9)
FNDA:0,(anonymous_10)
FNDA:0,(anonymous_11)
FNDA:0,(anonymous_12)
FNDA:0,(anonymous_13)
FNDA:0,(anonymous_14)
FNDA:0,(anonymous_15)
DA:32,0
DA:35,0
DA:87,0
DA:100,0
DA:108,0
DA:117,0
DA:137,0
DA:145,0
DA:153,0
DA:168,0
DA:169,0
DA:170,0
DA:172,0
DA:173,0
DA:175,0
DA:180,0
DA:181,0
DA:185,0
DA:191,0
DA:196,0
DA:198,0
DA:203,0
DA:211,0
DA:231,0
DA:253,0
DA:257,0
DA:261,0
DA:275,0
DA:280,0
DA:294,0
LF:30
LH:0
BRDA:172,0,0,0
BRDA:172,0,1,0
BRDA:172,1,0,0
BRDA:172,1,1,0
BRDA:196,2,0,0
BRDA:196,2,1,0
BRDA:196,2,2,0
BRDA:196,2,3,0
BRDA:205,3,0,0
BRDA:205,3,1,0
BRDA:217,4,0,0
BRDA:217,4,1,0
BRDA:221,5,0,0
BRDA:221,5,1,0
BRDA:233,6,0,0
BRDA:233,6,1,0
BRDA:237,7,0,0
BRDA:237,7,1,0
BRDA:242,8,0,0
BRDA:242,8,1,0
BRF:20
BRH:0
end_of_record
TN:
SF:app/recipes/[id].tsx
FN:55,RecipeDetailScreen
FN:68,(anonymous_1)
FN:71,(anonymous_2)
FN:91,(anonymous_3)
FN:108,(anonymous_4)
FN:126,(anonymous_5)
FN:135,(anonymous_6)
FN:142,(anonymous_7)
FN:143,(anonymous_8)
FN:153,(anonymous_9)
FN:157,(anonymous_10)
FN:162,(anonymous_11)
FN:171,(anonymous_12)
FN:195,(anonymous_13)
FN:314,(anonymous_14)
FN:358,(anonymous_15)
FN:533,(anonymous_16)
FNF:17
FNH:0
FNDA:0,RecipeDetailScreen
FNDA:0,(anonymous_1)
FNDA:0,(anonymous_2)
FNDA:0,(anonymous_3)
FNDA:0,(anonymous_4)
FNDA:0,(anonymous_5)
FNDA:0,(anonymous_6)
FNDA:0,(anonymous_7)
FNDA:0,(anonymous_8)
FNDA:0,(anonymous_9)
FNDA:0,(anonymous_10)
FNDA:0,(anonymous_11)
FNDA:0,(anonymous_12)
FNDA:0,(anonymous_13)
FNDA:0,(anonymous_14)
FNDA:0,(anonymous_15)
FNDA:0,(anonymous_16)
DA:56,0
DA:57,0
DA:58,0
DA:61,0
DA:62,0
DA:65,0
DA:68,0
DA:71,0
DA:72,0
DA:75,0
DA:76,0
DA:85,0
DA:86,0
DA:91,0
DA:108,0
DA:120,0
DA:126,0
DA:135,0
DA:142,0
DA:143,0
DA:153,0
DA:154,0
DA:157,0
DA:158,0
DA:159,0
DA:162,0
DA:163,0
DA:164,0
DA:172,0
DA:173,0
DA:174,0
DA:175,0
DA:177,0
DA:178,0
DA:187,0
DA:195,0
DA:315,0
DA:359,0
DA:534,0
LF:39
LH:0
BRDA:75,0,0,0
BRDA:75,0,1,0
BRDA:85,1,0,0
BRDA:85,1,1,0
BRDA:85,2,0,0
BRDA:85,2,1,0
BRDA:104,3,0,0
BRDA:104,3,1,0
BRDA:124,4,0,0
BRDA:124,4,1,0
BRDA:126,5,0,0
BRDA:126,5,1,0
BRDA:133,6,0,0
BRDA:133,6,1,0
BRDA:146,7,0,0
BRDA:146,7,1,0
BRDA:227,8,0,0
BRDA:227,8,1,0
BRDA:291,9,0,0
BRDA:291,9,1,0
BRDA:312,10,0,0
BRDA:312,10,1,0
BRDA:312,11,0,0
BRDA:312,11,1,0
BRDA:318,12,0,0
BRDA:318,12,1,0
BRDA:353,13,0,0
BRDA:353,13,1,0
BRDA:353,14,0,0
BRDA:353,14,1,0
BRDA:365,15,0,0
BRDA:365,15,1,0
BRDA:367,16,0,0
BRDA:367,16,1,0
BRDA:376,17,0,0
BRDA:376,17,1,0
BRDA:378,18,0,0
BRDA:378,18,1,0
BRDA:385,19,0,0
BRDA:385,19,1,0
BRDA:387,20,0,0
BRDA:387,20,1,0
BRDA:400,21,0,0
BRDA:400,21,1,0
BRDA:400,21,2,0
BRDA:400,21,3,0
BRDA:406,22,0,0
BRDA:406,22,1,0
BRDA:413,23,0,0
BRDA:413,23,1,0
BRDA:424,24,0,0
BRDA:424,24,1,0
BRDA:427,25,0,0
BRDA:427,25,1,0
BRDA:429,26,0,0
BRDA:429,26,1,0
BRDA:436,27,0,0
BRDA:436,27,1,0
BRDA:438,28,0,0
BRDA:438,28,1,0
BRF:60
BRH:0
end_of_record
TN:
SF:app/recipes/create.tsx
FN:45,CreateRecipeScreen
FN:66,(anonymous_1)
FN:68,(anonymous_2)
FN:81,(anonymous_3)
FN:113,(anonymous_4)
FN:139,(anonymous_5)
FN:162,(anonymous_6)
FN:172,(anonymous_7)
FN:200,(anonymous_8)
FN:205,(anonymous_9)
FN:211,(anonymous_10)
FN:216,(anonymous_11)
FN:220,(anonymous_12)
FN:239,(anonymous_13)
FN:248,(anonymous_14)
FN:250,(anonymous_15)
FN:255,(anonymous_16)
FN:261,(anonymous_17)
FN:268,(anonymous_18)
FN:274,(anonymous_19)
FN:276,(anonymous_20)
FN:281,(anonymous_21)
FN:283,(anonymous_22)
FN:293,(anonymous_23)
FN:347,(anonymous_24)
FNF:25
FNH:0
FNDA:0,CreateRecipeScreen
FNDA:0,(anonymous_1)
FNDA:0,(anonymous_2)
FNDA:0,(anonymous_3)
FNDA:0,(anonymous_4)
FNDA:0,(anonymous_5)
FNDA:0,(anonymous_6)
FNDA:0,(anonymous_7)
FNDA:0,(anonymous_8)
FNDA:0,(anonymous_9)
FNDA:0,(anonymous_10)
FNDA:0,(anonymous_11)
FNDA:0,(anonymous_12)
FNDA:0,(anonymous_13)
FNDA:0,(anonymous_14)
FNDA:0,(anonymous_15)
FNDA:0,(anonymous_16)
FNDA:0,(anonymous_17)
FNDA:0,(anonymous_18)
FNDA:0,(anonymous_19)
FNDA:0,(anonymous_20)
FNDA:0,(anonymous_21)
FNDA:0,(anonymous_22)
FNDA:0,(anonymous_23)
FNDA:0,(anonymous_24)
DA:46,0
DA:47,0
DA:49,0
DA:50,0
DA:51,0
DA:52,0
DA:55,0
DA:57,0
DA:61,0
DA:66,0
DA:68,0
DA:69,0
DA:70,0
DA:71,0
DA:73,0
DA:77,0
DA:81,0
DA:82,0
DA:83,0
DA:85,0
DA:86,0
DA:89,0
DA:90,0
DA:91,0
DA:92,0
DA:94,0
DA:95,0
DA:98,0
DA:99,0
DA:103,0
DA:106,0
DA:109,0
DA:113,0
DA:114,0
DA:116,0
DA:118,0
DA:128,0
DA:133,0
DA:139,0
DA:147,0
DA:151,0
DA:152,0
DA:153,0
DA:156,0
DA:157,0
DA:158,0
DA:162,0
DA:163,0
DA:164,0
DA:168,0
DA:172,0
DA:173,0
DA:174,0
DA:178,0
DA:182,0
DA:185,0
DA:188,0
DA:197,0
DA:200,0
DA:205,0
DA:213,0
DA:216,0
DA:221,0
DA:222,0
DA:230,0
DA:231,0
DA:239,0
DA:240,0
DA:241,0
DA:248,0
DA:249,0
DA:250,0
DA:255,0
DA:260,0
DA:262,0
DA:268,0
DA:269,0
DA:270,0
DA:274,0
DA:275,0
DA:276,0
DA:281,0
DA:282,0
DA:283,0
DA:288,0
DA:293,0
DA:294,0
DA:295,0
DA:297,0
DA:300,0
DA:303,0
DA:308,0
DA:313,0
DA:319,0
DA:324,0
DA:329,0
DA:333,0
DA:338,0
DA:341,0
DA:344,0
DA:347,0
DA:349,0
DA:352,0
LF:103
LH:0
BRDA:85,0,0,0
BRDA:85,0,1,0
BRDA:89,1,0,0
BRDA:89,1,1,0
BRDA:90,2,0,0
BRDA:90,2,1,0
BRDA:91,3,0,0
BRDA:91,3,1,0
BRDA:94,4,0,0
BRDA:94,4,1,0
BRDA:94,5,0,0
BRDA:94,5,1,0
BRDA:98,6,0,0
BRDA:98,6,1,0
BRDA:98,7,0,0
BRDA:98,7,1,0
BRDA:116,8,0,0
BRDA:116,8,1,0
BRDA:116,9,0,0
BRDA:116,9,1,0
BRDA:151,10,0,0
BRDA:151,10,1,0
BRDA:156,11,0,0
BRDA:156,11,1,0
BRDA:163,12,0,0
BRDA:163,12,1,0
BRDA:173,13,0,0
BRDA:173,13,1,0
BRDA:249,14,0,0
BRDA:249,14,1,0
BRDA:262,15,0,0
BRDA:262,15,1,0
BRDA:275,16,0,0
BRDA:275,16,1,0
BRDA:283,17,0,0
BRDA:283,17,1,0
BRDA:294,18,0,0
BRDA:294,18,1,0
BRDA:303,19,0,0
BRDA:303,19,1,0
BRDA:308,20,0,0
BRDA:308,20,1,0
BRDA:313,21,0,0
BRDA:313,21,1,0
BRDA:319,22,0,0
BRDA:319,22,1,0
BRDA:324,23,0,0
BRDA:324,23,1,0
BRDA:329,24,0,0
BRDA:329,24,1,0
BRF:50
BRH:0
end_of_record
TN:
SF:app/recipes/edit/[id].tsx
FN:43,EditRecipeScreen
FN:68,(anonymous_1)
FN:69,(anonymous_2)
FN:81,(anonymous_3)
FN:92,(anonymous_4)
FN:107,(anonymous_5)
FN:110,(anonymous_6)
FN:121,(anonymous_7)
FN:128,(anonymous_8)
FN:150,(anonymous_9)
FN:160,(anonymous_10)
FN:195,(anonymous_11)
FN:210,(anonymous_12)
FN:219,(anonymous_13)
FN:221,(anonymous_14)
FN:226,(anonymous_15)
FN:232,(anonymous_16)
FN:239,(anonymous_17)
FN:245,(anonymous_18)
FN:247,(anonymous_19)
FN:252,(anonymous_20)
FN:254,(anonymous_21)
FN:264,(anonymous_22)
FN:288,(anonymous_23)
FNF:24
FNH:0
FNDA:0,EditRecipeScreen
FNDA:0,(anonymous_1)
FNDA:0,(anonymous_2)
FNDA:0,(anonymous_3)
FNDA:0,(anonymous_4)
FNDA:0,(anonymous_5)
FNDA:0,(anonymous_6)
FNDA:0,(anonymous_7)
FNDA:0,(anonymous_8)
FNDA:0,(anonymous_9)
FNDA:0,(anonymous_10)
FNDA:0,(anonymous_11)
FNDA:0,(anonymous_12)
FNDA:0,(anonymous_13)
FNDA:0,(anonymous_14)
FNDA:0,(anonymous_15)
FNDA:0,(anonymous_16)
FNDA:0,(anonymous_17)
FNDA:0,(anonymous_18)
FNDA:0,(anonymous_19)
FNDA:0,(anonymous_20)
FNDA:0,(anonymous_21)
FNDA:0,(anonymous_22)
FNDA:0,(anonymous_23)
DA:44,0
DA:45,0
DA:46,0
DA:48,0
DA:49,0
DA:50,0
DA:51,0
DA:52,0
DA:54,0
DA:58,0
DA:63,0
DA:65,0
DA:68,0
DA:69,0
DA:70,0
DA:71,0
DA:73,0
DA:77,0
DA:81,0
DA:82,0
DA:84,0
DA:85,0
DA:86,0
DA:87,0
DA:90,0
DA:91,0
DA:92,0
DA:100,0
DA:104,0
DA:106,0
DA:107,0
DA:110,0
DA:115,0
DA:121,0
DA:122,0
DA:124,0
DA:125,0
DA:128,0
DA:135,0
DA:139,0
DA:140,0
DA:141,0
DA:144,0
DA:145,0
DA:146,0
DA:150,0
DA:151,0
DA:152,0
DA:156,0
DA:160,0
DA:161,0
DA:162,0
DA:166,0
DA:170,0
DA:173,0
DA:176,0
DA:184,0
DA:192,0
DA:195,0
DA:199,0
DA:200,0
DA:205,0
DA:210,0
DA:211,0
DA:212,0
DA:219,0
DA:220,0
DA:221,0
DA:226,0
DA:231,0
DA:233,0
DA:239,0
DA:240,0
DA:241,0
DA:245,0
DA:246,0
DA:247,0
DA:252,0
DA:253,0
DA:254,0
DA:259,0
DA:264,0
DA:265,0
DA:266,0
DA:268,0
DA:272,0
DA:273,0
DA:282,0
DA:283,0
DA:288,0
DA:306,0
LF:91
LH:0
BRDA:82,0,0,0
BRDA:82,0,1,0
BRDA:84,1,0,0
BRDA:84,1,1,0
BRDA:85,2,0,0
BRDA:85,2,1,0
BRDA:86,3,0,0
BRDA:86,3,1,0
BRDA:90,4,0,0
BRDA:90,4,1,0
BRDA:90,5,0,0
BRDA:90,5,1,0
BRDA:94,6,0,0
BRDA:94,6,1,0
BRDA:95,7,0,0
BRDA:95,7,1,0
BRDA:96,8,0,0
BRDA:96,8,1,0
BRDA:104,9,0,0
BRDA:104,9,1,0
BRDA:104,10,0,0
BRDA:104,10,1,0
BRDA:112,11,0,0
BRDA:112,11,1,0
BRDA:113,12,0,0
BRDA:113,12,1,0
BRDA:124,13,0,0
BRDA:124,13,1,0
BRDA:124,14,0,0
BRDA:124,14,1,0
BRDA:139,15,0,0
BRDA:139,15,1,0
BRDA:144,16,0,0
BRDA:144,16,1,0
BRDA:151,17,0,0
BRDA:151,17,1,0
BRDA:161,18,0,0
BRDA:161,18,1,0
BRDA:220,19,0,0
BRDA:220,19,1,0
BRDA:233,20,0,0
BRDA:233,20,1,0
BRDA:246,21,0,0
BRDA:246,21,1,0
BRDA:254,22,0,0
BRDA:254,22,1,0
BRDA:265,23,0,0
BRDA:265,23,1,0
BRDA:272,24,0,0
BRDA:272,24,1,0
BRDA:282,25,0,0
BRDA:282,25,1,0
BRDA:282,26,0,0
BRDA:282,26,1,0
BRDA:297,27,0,0
BRDA:297,27,1,0
BRF:56
BRH:0
end_of_record
TN:
SF:components/Collapsible.tsx
FN:10,Collapsible
FN:18,(anonymous_1)
FN:18,(anonymous_2)
FNF:3
FNH:0
FNDA:0,Collapsible
FNDA:0,(anonymous_1)
FNDA:0,(anonymous_2)
DA:11,0
DA:12,0
DA:14,0
DA:18,0
DA:35,0
LF:5
LH:0
BRDA:12,0,0,0
BRDA:12,0,1,0
BRDA:24,1,0,0
BRDA:24,1,1,0
BRDA:25,2,0,0
BRDA:25,2,1,0
BRDA:30,3,0,0
BRDA:30,3,1,0
BRF:8
BRH:0
end_of_record
TN:
SF:components/ErrorBoundary.tsx
FN:10,ErrorBoundary
FN:30,(anonymous_1)
FNF:2
FNH:0
FNDA:0,ErrorBoundary
FNDA:0,(anonymous_1)
DA:11,0
DA:30,0
DA:38,0
LF:3
LH:0
BRDA:18,0,0,0
BRDA:18,0,1,0
BRF:2
BRH:0
end_of_record
TN:
SF:components/ExternalLink.tsx
FN:8,ExternalLink
FN:14,(anonymous_1)
FNF:2
FNH:0
FNDA:0,ExternalLink
FNDA:0,(anonymous_1)
DA:9,0
DA:15,0
DA:17,0
DA:19,0
LF:4
LH:0
BRDA:15,0,0,0
BRDA:15,0,1,0
BRF:2
BRH:0
end_of_record
TN:
SF:components/HapticTab.tsx
FN:5,HapticTab
FN:9,(anonymous_1)
FNF:2
FNH:0
FNDA:0,HapticTab
FNDA:0,(anonymous_1)
DA:6,0
DA:10,0
DA:12,0
DA:14,0
LF:4
LH:0
BRDA:10,0,0,0
BRDA:10,0,1,0
BRF:2
BRH:0
end_of_record
TN:
SF:components/HelloWave.tsx
FN:13,HelloWave
FN:16,(anonymous_1)
FN:23,(anonymous_2)
FNF:3
FNH:0
FNDA:0,HelloWave
FNDA:0,(anonymous_1)
FNDA:0,(anonymous_2)
DA:14,0
DA:16,0
DA:17,0
DA:23,0
DA:27,0
DA:34,0
LF:6
LH:0
BRF:0
BRH:0
end_of_record
TN:
SF:components/ParallaxScrollView.tsx
FN:21,ParallaxScrollView
FN:30,(anonymous_1)
FNF:2
FNH:0
FNDA:0,ParallaxScrollView
FNDA:0,(anonymous_1)
DA:14,0
DA:26,0
DA:27,0
DA:28,0
DA:29,0
DA:30,0
DA:31,0
DA:47,0
DA:68,0
LF:9
LH:0
BRDA:26,0,0,0
BRDA:26,0,1,0
BRF:2
BRH:0
end_of_record
TN:
SF:components/ThemedText.tsx
FN:11,ThemedText
FNF:1
FNH:0
FNDA:0,ThemedText
DA:18,0
DA:20,0
DA:36,0
LF:3
LH:0
BRDA:15,0,0,0
BRDA:24,1,0,0
BRDA:24,1,1,0
BRDA:25,2,0,0
BRDA:25,2,1,0
BRDA:26,3,0,0
BRDA:26,3,1,0
BRDA:27,4,0,0
BRDA:27,4,1,0
BRDA:28,5,0,0
BRDA:28,5,1,0
BRF:11
BRH:0
end_of_record
TN:
SF:components/ThemedView.tsx
FN:10,ThemedView
FNF:1
FNH:0
FNDA:0,ThemedView
DA:11,0
DA:13,0
LF:2
LH:0
BRF:0
BRH:0
end_of_record
TN:
SF:components/journal/RecipeStages.tsx
FN:16,(anonymous_0)
FN:23,(anonymous_1)
FN:35,(anonymous_2)
FN:39,(anonymous_3)
FNF:4
FNH:0
FNDA:0,(anonymous_0)
FNDA:0,(anonymous_1)
FNDA:0,(anonymous_2)
FNDA:0,(anonymous_3)
DA:16,0
DA:22,0
DA:23,0
DA:26,0
DA:36,0
DA:39,0
LF:6
LH:0
BRDA:39,0,0,0
BRDA:39,0,1,0
BRDA:44,1,0,0
BRDA:44,1,1,0
BRDA:51,2,0,0
BRDA:51,2,1,0
BRDA:61,3,0,0
BRDA:61,3,1,0
BRDA:64,4,0,0
BRDA:64,4,1,0
BRDA:67,5,0,0
BRDA:67,5,1,0
BRF:12
BRH:0
end_of_record
TN:
SF:components/journal/StageIndicator.tsx
FN:21,(anonymous_0)
FN:28,(anonymous_1)
FN:31,(anonymous_2)
FN:32,(anonymous_3)
FN:55,(anonymous_4)
FN:56,(anonymous_5)
FN:62,(anonymous_6)
FNF:7
FNH:0
FNDA:0,(anonymous_0)
FNDA:0,(anonymous_1)
FNDA:0,(anonymous_2)
FNDA:0,(anonymous_3)
FNDA:0,(anonymous_4)
FNDA:0,(anonymous_5)
FNDA:0,(anonymous_6)
DA:21,0
DA:28,0
DA:29,0
DA:31,0
DA:32,0
DA:34,0
DA:36,0
DA:41,0
DA:55,0
DA:57,0
DA:58,0
DA:62,0
LF:12
LH:0
BRDA:25,0,0,0
BRDA:29,1,0,0
BRDA:29,1,1,0
BRDA:34,2,0,0
BRDA:34,2,1,0
BRDA:34,3,0,0
BRDA:34,3,1,0
BRDA:36,4,0,0
BRDA:36,4,1,0
BRDA:43,5,0,0
BRDA:43,5,1,0
BRDA:62,6,0,0
BRDA:62,6,1,0
BRDA:67,7,0,0
BRDA:67,7,1,0
BRDA:69,8,0,0
BRDA:69,8,1,0
BRDA:74,9,0,0
BRDA:74,9,1,0
BRDA:79,10,0,0
BRDA:79,10,1,0
BRDA:88,11,0,0
BRDA:88,11,1,0
BRDA:91,12,0,0
BRDA:91,12,1,0
BRDA:96,13,0,0
BRDA:96,13,1,0
BRF:27
BRH:0
end_of_record
TN:
SF:components/journal/StageItem.tsx
FN:12,(anonymous_0)
FNF:1
FNH:0
FNDA:0,(anonymous_0)
DA:12,0
DA:19,0
LF:2
LH:0
BRDA:16,0,0,0
BRDA:27,1,0,0
BRDA:27,1,1,0
BRDA:32,2,0,0
BRDA:32,2,1,0
BRDA:40,3,0,0
BRDA:40,3,1,0
BRDA:42,4,0,0
BRDA:42,4,1,0
BRDA:46,5,0,0
BRDA:46,5,1,0
BRF:11
BRH:0
end_of_record
TN:
SF:components/journal/StageList.tsx
FN:19,(anonymous_0)
FN:27,(anonymous_1)
FN:41,(anonymous_2)
FN:48,(anonymous_3)
FNF:4
FNH:0
FNDA:0,(anonymous_0)
FNDA:0,(anonymous_1)
FNDA:0,(anonymous_2)
FNDA:0,(anonymous_3)
DA:19,0
DA:26,0
DA:27,0
DA:30,0
DA:42,0
DA:48,0
LF:6
LH:0
BRDA:23,0,0,0
BRDA:36,1,0,0
BRDA:36,1,1,0
BRDA:48,2,0,0
BRDA:48,2,1,0
BRF:5
BRH:0
end_of_record
TN:
SF:components/recipe/BasicInfo.tsx
FN:21,BasicInfo
FN:75,(anonymous_1)
FN:83,(anonymous_2)
FN:106,(anonymous_3)
FN:120,(anonymous_4)
FNF:5
FNH:0
FNDA:0,BasicInfo
FNDA:0,(anonymous_1)
FNDA:0,(anonymous_2)
FNDA:0,(anonymous_3)
FNDA:0,(anonymous_4)
DA:31,0
DA:34,0
DA:39,0
DA:43,0
DA:76,0
DA:83,0
DA:106,0
DA:120,0
LF:8
LH:0
BRDA:34,0,0,0
BRDA:34,0,1,0
BRDA:39,1,0,0
BRDA:39,1,1,0
BRDA:79,2,0,0
BRDA:79,2,1,0
BRDA:87,3,0,0
BRDA:87,3,1,0
BRDA:104,4,0,0
BRDA:104,4,1,0
BRDA:110,5,0,0
BRDA:110,5,1,0
BRDA:118,6,0,0
BRDA:118,6,1,0
BRDA:124,7,0,0
BRDA:124,7,1,0
BRF:16
BRH:0
end_of_record
TN:
SF:components/recipe/FormHeader.tsx
FN:12,FormHeader
FN:21,(anonymous_1)
FNF:2
FNH:0
FNDA:0,FormHeader
FNDA:0,(anonymous_1)
DA:17,0
DA:19,0
DA:21,0
LF:3
LH:0
BRDA:15,0,0,0
BRDA:31,1,0,0
BRDA:31,1,1,0
BRDA:35,2,0,0
BRDA:35,2,1,0
BRF:5
BRH:0
end_of_record
TN:
SF:components/recipe/IngredientsForm.tsx
FN:25,IngredientsForm
FN:44,(anonymous_1)
FN:53,(anonymous_2)
FN:55,(anonymous_3)
FN:60,(anonymous_4)
FN:66,(anonymous_5)
FN:73,(anonymous_6)
FN:77,(anonymous_7)
FN:86,(anonymous_8)
FN:96,(anonymous_9)
FN:128,(anonymous_10)
FN:133,(anonymous_11)
FN:142,(anonymous_12)
FN:154,(anonymous_13)
FN:165,(anonymous_14)
FN:182,(anonymous_15)
FN:207,(anonymous_16)
FN:218,(anonymous_17)
FN:222,(anonymous_18)
FN:234,(anonymous_19)
FNF:20
FNH:0
FNDA:0,IngredientsForm
FNDA:0,(anonymous_1)
FNDA:0,(anonymous_2)
FNDA:0,(anonymous_3)
FNDA:0,(anonymous_4)
FNDA:0,(anonymous_5)
FNDA:0,(anonymous_6)
FNDA:0,(anonymous_7)
FNDA:0,(anonymous_8)
FNDA:0,(anonymous_9)
FNDA:0,(anonymous_10)
FNDA:0,(anonymous_11)
FNDA:0,(anonymous_12)
FNDA:0,(anonymous_13)
FNDA:0,(anonymous_14)
FNDA:0,(anonymous_15)
FNDA:0,(anonymous_16)
FNDA:0,(anonymous_17)
FNDA:0,(anonymous_18)
FNDA:0,(anonymous_19)
DA:30,0
DA:31,0
DA:36,0
DA:39,0
DA:44,0
DA:45,0
DA:46,0
DA:53,0
DA:54,0
DA:55,0
DA:60,0
DA:65,0
DA:67,0
DA:73,0
DA:74,0
DA:76,0
DA:78,0
DA:85,0
DA:87,0
DA:91,0
DA:92,0
DA:96,0
DA:97,0
DA:98,0
DA:100,0
DA:105,0
DA:110,0
DA:115,0
DA:120,0
DA:124,0
DA:129,0
DA:134,0
DA:143,0
DA:155,0
DA:166,0
DA:167,0
DA:182,0
DA:208,0
DA:209,0
DA:219,0
DA:223,0
DA:224,0
DA:235,0
DA:236,0
LF:44
LH:0
BRDA:54,0,0,0
BRDA:54,0,1,0
BRDA:67,1,0,0
BRDA:67,1,1,0
BRDA:74,2,0,0
BRDA:74,2,1,0
BRDA:78,3,0,0
BRDA:78,3,1,0
BRDA:87,4,0,0
BRDA:87,4,1,0
BRDA:97,5,0,0
BRDA:97,5,1,0
BRDA:105,6,0,0
BRDA:105,6,1,0
BRDA:110,7,0,0
BRDA:110,7,1,0
BRDA:115,8,0,0
BRDA:115,8,1,0
BRDA:120,9,0,0
BRDA:120,9,1,0
BRDA:149,10,0,0
BRDA:149,10,1,0
BRDA:170,11,0,0
BRDA:170,11,1,0
BRDA:188,12,0,0
BRDA:188,12,1,0
BRDA:223,13,0,0
BRDA:223,13,1,0
BRF:28
BRH:0
end_of_record
TN:
SF:components/recipe/StepsForm.tsx
FN:22,StepsForm
FN:35,(anonymous_1)
FN:41,(anonymous_2)
FN:43,(anonymous_3)
FN:48,(anonymous_4)
FN:50,(anonymous_5)
FN:58,(anonymous_6)
FN:69,(anonymous_7)
FN:85,(anonymous_8)
FN:97,(anonymous_9)
FNF:10
FNH:0
FNDA:0,StepsForm
FNDA:0,(anonymous_1)
FNDA:0,(anonymous_2)
FNDA:0,(anonymous_3)
FNDA:0,(anonymous_4)
FNDA:0,(anonymous_5)
FNDA:0,(anonymous_6)
FNDA:0,(anonymous_7)
FNDA:0,(anonymous_8)
FNDA:0,(anonymous_9)
DA:25,0
DA:30,0
DA:35,0
DA:36,0
DA:37,0
DA:41,0
DA:42,0
DA:43,0
DA:48,0
DA:49,0
DA:50,0
DA:54,0
DA:59,0
DA:69,0
DA:85,0
DA:97,0
LF:16
LH:0
BRDA:25,0,0,0
BRDA:25,0,1,0
BRDA:30,1,0,0
BRDA:30,1,1,0
BRDA:42,2,0,0
BRDA:42,2,1,0
BRDA:50,3,0,0
BRDA:50,3,1,0
BRDA:75,4,0,0
BRDA:75,4,1,0
BRF:10
BRH:0
end_of_record
TN:
SF:components/ui/Badge.tsx
FN:53,(anonymous_0)
FNF:1
FNH:0
FNDA:0,(anonymous_0)
DA:17,0
DA:53,0
DA:59,0
DA:60,0
DA:64,0
DA:67,0
DA:96,0
LF:7
LH:0
BRDA:55,0,0,0
BRDA:56,1,0,0
BRDA:64,2,0,0
BRDA:64,2,1,0
BRDA:64,3,0,0
BRDA:64,3,1,0
BRDA:65,4,0,0
BRDA:65,4,1,0
BRDA:72,5,0,0
BRDA:72,5,1,0
BRDA:75,6,0,0
BRDA:75,6,1,0
BRDA:78,7,0,0
BRDA:78,7,1,0
BRDA:87,8,0,0
BRDA:87,8,1,0
BRF:16
BRH:0
end_of_record
TN:
SF:components/ui/Button.tsx
FN:30,(anonymous_0)
FN:63,(anonymous_1)
FNF:2
FNH:0
FNDA:0,(anonymous_0)
FNDA:0,(anonymous_1)
DA:30,0
DA:44,0
DA:54,0
DA:63,0
DA:64,0
DA:66,0
DA:68,0
DA:70,0
DA:75,0
DA:150,0
LF:10
LH:0
BRDA:31,0,0,0
BRDA:32,1,0,0
BRDA:33,2,0,0
BRDA:34,3,0,0
BRDA:36,4,0,0
BRDA:37,5,0,0
BRDA:48,6,0,0
BRDA:48,6,1,0
BRDA:49,7,0,0
BRDA:49,7,1,0
BRDA:58,8,0,0
BRDA:58,8,1,0
BRDA:64,9,0,0
BRDA:64,9,1,0
BRDA:64,9,2,0
BRDA:78,10,0,0
BRDA:78,10,1,0
BRDA:79,11,0,0
BRDA:79,11,1,0
BRDA:80,12,0,0
BRDA:80,12,1,0
BRDA:81,13,0,0
BRDA:81,13,1,0
BRDA:82,14,0,0
BRDA:82,14,1,0
BRDA:83,15,0,0
BRDA:83,15,1,0
BRDA:84,16,0,0
BRDA:84,16,1,0
BRDA:85,17,0,0
BRDA:85,17,1,0
BRDA:86,18,0,0
BRDA:86,18,1,0
BRDA:90,19,0,0
BRDA:90,19,1,0
BRDA:94,20,0,0
BRDA:94,20,1,0
BRDA:98,21,0,0
BRDA:98,21,1,0
BRDA:98,22,0,0
BRDA:98,22,1,0
BRDA:104,23,0,0
BRDA:104,23,1,0
BRDA:104,24,0,0
BRDA:104,24,1,0
BRDA:109,25,0,0
BRDA:109,25,1,0
BRDA:109,26,0,0
BRDA:109,26,1,0
BRDA:121,27,0,0
BRDA:121,27,1,0
BRDA:121,28,0,0
BRDA:121,28,1,0
BRDA:125,29,0,0
BRDA:125,29,1,0
BRDA:126,30,0,0
BRDA:126,30,1,0
BRDA:127,31,0,0
BRDA:127,31,1,0
BRDA:134,32,0,0
BRDA:134,32,1,0
BRDA:134,33,0,0
BRDA:134,33,1,0
BRDA:134,33,2,0
BRDA:139,34,0,0
BRDA:139,34,1,0
BRDA:139,35,0,0
BRDA:139,35,1,0
BRF:68
BRH:0
end_of_record
TN:
SF:components/ui/Card.tsx
FN:28,(anonymous_0)
FN:55,(anonymous_1)
FN:83,(anonymous_2)
FN:89,(anonymous_3)
FN:95,(anonymous_4)
FNF:5
FNH:0
FNDA:0,(anonymous_0)
FNDA:0,(anonymous_1)
FNDA:0,(anonymous_2)
FNDA:0,(anonymous_3)
FNDA:0,(anonymous_4)
DA:28,0
DA:36,0
DA:55,0
DA:63,0
DA:83,0
DA:84,0
DA:89,0
DA:90,0
DA:95,0
DA:96,0
LF:10
LH:0
BRDA:30,0,0,0
BRDA:31,1,0,0
BRDA:32,2,0,0
BRDA:40,3,0,0
BRDA:40,3,1,0
BRDA:41,4,0,0
BRDA:41,4,1,0
BRDA:42,5,0,0
BRDA:42,5,1,0
BRDA:43,6,0,0
BRDA:43,6,1,0
BRDA:44,7,0,0
BRDA:44,7,1,0
BRDA:45,8,0,0
BRDA:45,8,1,0
BRDA:47,9,0,0
BRDA:47,9,1,0
BRDA:57,10,0,0
BRDA:58,11,0,0
BRDA:59,12,0,0
BRDA:67,13,0,0
BRDA:67,13,1,0
BRDA:68,14,0,0
BRDA:68,14,1,0
BRDA:69,15,0,0
BRDA:69,15,1,0
BRDA:70,16,0,0
BRDA:70,16,1,0
BRDA:71,17,0,0
BRDA:71,17,1,0
BRDA:72,18,0,0
BRDA:72,18,1,0
BRDA:74,19,0,0
BRDA:74,19,1,0
BRF:34
BRH:0
end_of_record
TN:
SF:components/ui/IconSymbol.ios.tsx
FN:4,IconSymbol
FNF:1
FNH:0
FNDA:0,IconSymbol
DA:17,0
LF:1
LH:0
BRDA:6,0,0,0
BRDA:9,1,0,0
BRF:2
BRH:0
end_of_record
TN:
SF:components/ui/IconSymbol.tsx
FN:30,IconSymbol
FNF:1
FNH:0
FNDA:0,IconSymbol
DA:9,0
DA:42,0
LF:2
LH:0
BRDA:32,0,0,0
BRF:1
BRH:0
end_of_record
TN:
SF:components/ui/Input.tsx
FN:31,(anonymous_0)
FN:99,(anonymous_1)
FNF:2
FNH:0
FNDA:0,(anonymous_0)
FNDA:0,(anonymous_1)
DA:31,0
DA:49,0
DA:50,0
DA:52,0
DA:99,0
LF:5
LH:0
BRDA:54,0,0,0
BRDA:54,0,1,0
BRDA:69,1,0,0
BRDA:69,1,1,0
BRDA:76,2,0,0
BRDA:76,2,1,0
BRDA:85,3,0,0
BRDA:85,3,1,0
BRDA:89,4,0,0
BRDA:89,4,1,0
BRDA:95,5,0,0
BRDA:95,5,1,0
BRDA:97,6,0,0
BRDA:97,6,1,0
BRDA:103,7,0,0
BRDA:103,7,1,0
BRDA:110,8,0,0
BRDA:110,8,1,0
BRDA:110,8,2,0
BRDA:121,9,0,0
BRDA:121,9,1,0
BRDA:125,10,0,0
BRDA:125,10,1,0
BRF:23
BRH:0
end_of_record
TN:
SF:components/ui/Modal.tsx
FN:27,(anonymous_0)
FN:69,(anonymous_1)
FN:70,(anonymous_2)
FN:101,(anonymous_3)
FN:136,(anonymous_4)
FN:146,(anonymous_5)
FNF:6
FNH:0
FNDA:0,(anonymous_0)
FNDA:0,(anonymous_1)
FNDA:0,(anonymous_2)
FNDA:0,(anonymous_3)
FNDA:0,(anonymous_4)
FNDA:0,(anonymous_5)
DA:16,0
DA:27,0
DA:35,0
DA:36,0
DA:38,0
DA:39,0
DA:41,0
DA:69,0
DA:70,0
DA:101,0
DA:108,0
DA:136,0
DA:146,0
DA:147,0
DA:148,0
DA:151,0
DA:181,0
LF:17
LH:0
BRDA:32,0,0,0
BRDA:38,1,0,0
BRDA:38,1,1,0
BRDA:39,2,0,0
BRDA:39,2,1,0
BRDA:72,3,0,0
BRDA:72,3,1,0
BRDA:72,3,2,0
BRDA:74,4,0,0
BRDA:74,4,1,0
BRDA:75,5,0,0
BRDA:75,5,1,0
BRDA:80,6,0,0
BRDA:80,6,1,0
BRDA:106,7,0,0
BRDA:142,8,0,0
BRDA:143,9,0,0
BRDA:144,10,0,0
BRDA:170,11,0,0
BRDA:170,11,1,0
BRF:20
BRH:0
end_of_record
TN:
SF:components/ui/ProgressBar.tsx
FN:35,(anonymous_0)
FN:41,(anonymous_1)
FN:57,(anonymous_2)
FN:70,(anonymous_3)
FN:104,(anonymous_4)
FNF:5
FNH:0
FNDA:0,(anonymous_0)
FNDA:0,(anonymous_1)
FNDA:0,(anonymous_2)
FNDA:0,(anonymous_3)
FNDA:0,(anonymous_4)
DA:35,0
DA:41,0
DA:49,0
DA:51,0
DA:52,0
DA:55,0
DA:57,0
DA:58,0
DA:59,0
DA:65,0
DA:70,0
DA:72,0
DA:82,0
DA:92,0
DA:93,0
DA:96,0
DA:104,0
DA:105,0
DA:109,0
DA:114,0
DA:153,0
LF:21
LH:0
BRDA:37,0,0,0
BRDA:38,1,0,0
BRDA:39,2,0,0
BRDA:40,3,0,0
BRDA:41,4,0,0
BRDA:42,5,0,0
BRDA:43,6,0,0
BRDA:58,7,0,0
BRDA:58,7,1,0
BRDA:92,8,0,0
BRDA:92,8,1,0
BRDA:97,9,0,0
BRDA:97,9,1,0
BRDA:97,10,0,0
BRDA:97,10,1,0
BRDA:105,11,0,0
BRDA:105,11,1,0
BRDA:116,12,0,0
BRDA:116,12,1,0
BRDA:116,12,2,0
BRDA:142,13,0,0
BRDA:142,13,1,0
BRDA:142,13,2,0
BRDA:142,13,3,0
BRF:24
BRH:0
end_of_record
TN:
SF:components/ui/TabBarBackground.ios.tsx
FN:6,BlurTabBarBackground
FN:18,useBottomTabOverflow
FNF:2
FNH:0
FNDA:0,BlurTabBarBackground
FNDA:0,useBottomTabOverflow
DA:7,0
DA:19,0
DA:20,0
DA:21,0
LF:4
LH:0
BRF:0
BRH:0
end_of_record
TN:
SF:components/ui/TabBarBackground.tsx
FN:4,useBottomTabOverflow
FNF:1
FNH:0
FNDA:0,useBottomTabOverflow
DA:5,0
LF:1
LH:0
BRF:0
BRH:0
end_of_record
TN:
SF:components/ui/index.ts
FNF:0
FNH:0
LF:0
LH:0
BRF:0
BRH:0
end_of_record
TN:
SF:constants/Colors.ts
FNF:0
FNH:0
DA:6,0
DA:7,0
DA:9,0
LF:3
LH:0
BRF:0
BRH:0
end_of_record
TN:
SF:constants/theme.ts
FNF:0
FNH:0
DA:1,0
LF:1
LH:0
BRF:0
BRH:0
end_of_record
TN:
SF:contexts/AuthContext.tsx
FN:33,(anonymous_0)
FN:34,(anonymous_1)
FN:35,(anonymous_2)
FN:36,(anonymous_3)
FN:39,(anonymous_4)
FN:41,(anonymous_5)
FN:47,(anonymous_6)
FN:78,(anonymous_7)
FN:83,(anonymous_8)
FN:103,(anonymous_9)
FN:109,(anonymous_10)
FN:151,(anonymous_11)
FN:163,(anonymous_12)
FN:182,(anonymous_13)
FN:201,(anonymous_14)
FNF:15
FNH:0
FNDA:0,(anonymous_0)
FNDA:0,(anonymous_1)
FNDA:0,(anonymous_2)
FNDA:0,(anonymous_3)
FNDA:0,(anonymous_4)
FNDA:0,(anonymous_5)
FNDA:0,(anonymous_6)
FNDA:0,(anonymous_7)
FNDA:0,(anonymous_8)
FNDA:0,(anonymous_9)
FNDA:0,(anonymous_10)
FNDA:0,(anonymous_11)
FNDA:0,(anonymous_12)
FNDA:0,(anonymous_13)
FNDA:0,(anonymous_14)
DA:28,0
DA:39,0
DA:41,0
DA:42,0
DA:43,0
DA:44,0
DA:47,0
DA:48,0
DA:49,0
DA:50,0
DA:53,0
DA:54,0
DA:56,0
DA:59,0
DA:60,0
DA:61,0
DA:62,0
DA:64,0
DA:65,0
DA:68,0
DA:70,0
DA:71,0
DA:73,0
DA:78,0
DA:79,0
DA:82,0
DA:84,0
DA:85,0
DA:86,0
DA:88,0
DA:89,0
DA:90,0
DA:92,0
DA:95,0
DA:96,0
DA:97,0
DA:103,0
DA:104,0
DA:109,0
DA:110,0
DA:111,0
DA:112,0
DA:121,0
DA:123,0
DA:129,0
DA:130,0
DA:134,0
DA:136,0
DA:139,0
DA:141,0
DA:143,0
DA:144,0
DA:146,0
DA:151,0
DA:152,0
DA:154,0
DA:155,0
DA:156,0
DA:163,0
DA:164,0
DA:165,0
DA:166,0
DA:168,0
DA:171,0
DA:174,0
DA:179,0
DA:180,0
DA:182,0
DA:183,0
DA:184,0
DA:185,0
DA:190,0
DA:191,0
DA:196,0
DA:201,0
DA:202,0
DA:203,0
DA:204,0
DA:205,0
DA:206,0
DA:207,0
DA:208,0
DA:210,0
DA:211,0
DA:213,0
DA:217,0
LF:86
LH:0
BRDA:54,0,0,0
BRDA:54,0,1,0
BRDA:59,1,0,0
BRDA:59,1,1,0
BRDA:88,2,0,0
BRDA:88,2,1,0
BRDA:129,3,0,0
BRDA:129,3,1,0
BRDA:166,4,0,0
BRDA:166,4,1,0
BRDA:166,5,0,0
BRDA:166,5,1,0
BRDA:184,6,0,0
BRDA:184,6,1,0
BRDA:193,7,0,0
BRDA:193,7,1,0
BRF:16
BRH:0
end_of_record
TN:
SF:hooks/useColorScheme.ts
FNF:0
FNH:0
LF:0
LH:0
BRF:0
BRH:0
end_of_record
TN:
SF:hooks/useColorScheme.web.ts
FN:7,useColorScheme
FN:10,(anonymous_1)
FNF:2
FNH:0
FNDA:0,useColorScheme
FNDA:0,(anonymous_1)
DA:8,0
DA:10,0
DA:11,0
DA:14,0
DA:16,0
DA:17,0
DA:20,0
LF:7
LH:0
BRDA:16,0,0,0
BRDA:16,0,1,0
BRF:2
BRH:0
end_of_record
TN:
SF:hooks/useThemeColor.ts
FN:9,useThemeColor
FNF:1
FNH:0
FNDA:0,useThemeColor
DA:13,0
DA:14,0
DA:16,0
DA:17,0
DA:19,0
LF:5
LH:0
BRDA:13,0,0,0
BRDA:13,0,1,0
BRDA:16,1,0,0
BRDA:16,1,1,0
BRF:4
BRH:0
end_of_record
TN:
SF:lib/supabase.ts
FNF:0
FNH:0
DA:5,0
DA:6,0
DA:8,0
DA:9,0
DA:10,0
DA:11,0
DA:12,0
DA:16,0
LF:8
LH:0
BRDA:8,0,0,0
BRDA:8,0,1,0
BRDA:8,1,0,0
BRDA:8,1,1,0
BRF:4
BRH:0
end_of_record
TN:
SF:lib/api/auth.ts
FN:7,(anonymous_0)
FN:15,(anonymous_1)
FN:24,(anonymous_2)
FNF:3
FNH:3
FNDA:10,(anonymous_0)
FNDA:10,(anonymous_1)
FNDA:12,(anonymous_2)
DA:7,1
DA:8,10
DA:9,10
DA:15,1
DA:16,10
DA:17,9
DA:18,7
DA:24,1
DA:25,12
DA:26,10
DA:27,6
LF:11
LH:11
BRDA:9,0,0,2
BRDA:9,0,1,8
BRDA:17,1,0,2
BRDA:17,1,1,7
BRDA:26,2,0,4
BRDA:26,2,1,6
BRF:6
BRH:6
end_of_record
TN:
SF:lib/api/index.ts
FNF:0
FNH:0
LF:0
LH:0
BRF:0
BRH:0
end_of_record
TN:
SF:lib/api/journal.ts
FN:65,saveJournal
FN:106,saveJournalRecord
FN:144,getJournals
FN:186,(anonymous_3)
FN:189,(anonymous_4)
FN:191,(anonymous_5)
FN:216,getJournalById
FN:252,updateJournal
FN:273,updateJournalRecord
FN:297,deleteJournal
FN:314,deleteJournalRecord
FN:334,saveJournalImage
FN:353,getJournalRecords
FN:375,uploadJournalImage
FN:407,listTables
FN:420,getJournalRecordById
FN:441,getJournalRecordImages
FN:461,deleteJournalImage
FNF:18
FNH:15
FNDA:4,saveJournal
FNDA:3,saveJournalRecord
FNDA:4,getJournals
FNDA:0,(anonymous_3)
FNDA:0,(anonymous_4)
FNDA:0,(anonymous_5)
FNDA:2,getJournalById
FNDA:2,updateJournal
FNDA:2,updateJournalRecord
FNDA:2,deleteJournal
FNDA:2,deleteJournalRecord
FNDA:2,saveJournalImage
FNDA:3,getJournalRecords
FNDA:2,uploadJournalImage
FNDA:2,listTables
FNDA:2,getJournalRecordById
FNDA:3,getJournalRecordImages
FNDA:2,deleteJournalImage
DA:66,4
DA:69,4
DA:70,4
DA:75,3
DA:76,1
DA:78,2
DA:81,2
DA:83,2
DA:86,1
DA:89,4
DA:94,4
DA:95,1
DA:96,1
DA:99,3
DA:100,3
DA:109,3
DA:112,3
DA:113,3
DA:118,3
DA:119,1
DA:121,2
DA:124,0
DA:127,3
DA:132,3
DA:133,1
DA:134,1
DA:137,2
DA:138,2
DA:145,4
DA:151,4
DA:173,0
DA:174,0
DA:178,0
DA:180,0
DA:181,0
DA:182,0
DA:186,0
DA:188,0
DA:189,0
DA:192,0
DA:197,0
DA:198,0
DA:204,0
DA:207,0
DA:210,0
DA:217,2
DA:219,2
DA:240,0
DA:241,0
DA:242,0
DA:245,0
DA:246,0
DA:253,2
DA:255,2
DA:261,0
DA:262,0
DA:263,0
DA:266,0
DA:267,0
DA:277,2
DA:279,2
DA:285,0
DA:286,0
DA:287,0
DA:290,0
DA:291,0
DA:298,2
DA:300,2
DA:302,0
DA:303,0
DA:304,0
DA:307,0
DA:308,0
DA:315,2
DA:317,2
DA:322,0
DA:323,0
DA:324,0
DA:327,0
DA:328,0
DA:337,2
DA:342,0
DA:343,0
DA:344,0
DA:347,0
DA:354,3
DA:356,3
DA:362,0
DA:363,0
DA:364,0
DA:367,0
DA:368,0
DA:380,2
DA:382,2
DA:385,2
DA:389,2
DA:390,1
DA:391,1
DA:395,1
DA:399,1
DA:400,1
DA:408,2
DA:409,2
DA:410,1
DA:412,1
DA:413,1
DA:421,2
DA:423,2
DA:429,0
DA:430,0
DA:431,0
DA:434,0
DA:435,0
DA:442,3
DA:444,3
DA:449,0
DA:450,0
DA:451,0
DA:454,0
DA:455,0
DA:462,2
DA:464,2
DA:466,0
DA:467,0
DA:468,0
DA:471,0
DA:472,0
LF:127
LH:62
BRDA:75,0,0,1
BRDA:75,0,1,2
BRDA:75,1,0,3
BRDA:75,1,1,3
BRDA:94,2,0,1
BRDA:94,2,1,3
BRDA:118,3,0,1
BRDA:118,3,1,2
BRDA:118,4,0,3
BRDA:118,4,1,3
BRDA:132,5,0,1
BRDA:132,5,1,2
BRDA:147,6,0,1
BRDA:147,6,1,3
BRDA:173,7,0,0
BRDA:173,7,1,0
BRDA:180,8,0,0
BRDA:180,8,1,0
BRDA:189,9,0,0
BRDA:189,9,1,0
BRDA:192,10,0,0
BRDA:192,10,1,0
BRDA:193,11,0,0
BRDA:193,11,1,0
BRDA:197,12,0,0
BRDA:197,12,1,0
BRDA:197,13,0,0
BRDA:197,13,1,0
BRDA:208,14,0,0
BRDA:208,14,1,0
BRDA:240,15,0,0
BRDA:240,15,1,0
BRDA:261,16,0,0
BRDA:261,16,1,0
BRDA:285,17,0,0
BRDA:285,17,1,0
BRDA:302,18,0,0
BRDA:302,18,1,0
BRDA:322,19,0,0
BRDA:322,19,1,0
BRDA:342,20,0,0
BRDA:342,20,1,0
BRDA:362,21,0,0
BRDA:362,21,1,0
BRDA:367,22,0,0
BRDA:367,22,1,0
BRDA:389,23,0,1
BRDA:389,23,1,1
BRDA:429,24,0,0
BRDA:429,24,1,0
BRDA:449,25,0,0
BRDA:449,25,1,0
BRDA:454,26,0,0
BRDA:454,26,1,0
BRDA:466,27,0,0
BRDA:466,27,1,0
BRF:56
BRH:16
end_of_record
TN:
SF:lib/api/recipe.ts
FN:53,saveRecipe
FN:79,saveIngredients
FN:98,saveSteps
FN:100,(anonymous_3)
FN:124,getRecipes
FN:154,(anonymous_5)
FN:169,getRecipeById
FN:233,deleteRecipeById
FN:279,saveLegacyRecipe
FN:308,saveLegacyIngredients
FN:327,saveLegacySteps
FN:346,updateRecipe
FN:377,updateIngredients
FN:411,updateSteps
FN:430,(anonymous_14)
FNF:15
FNH:4
FNDA:3,saveRecipe
FNDA:0,saveIngredients
FNDA:0,saveSteps
FNDA:0,(anonymous_3)
FNDA:2,getRecipes
FNDA:4,(anonymous_5)
FNDA:0,getRecipeById
FNDA:1,deleteRecipeById
FNDA:0,saveLegacyRecipe
FNDA:0,saveLegacyIngredients
FNDA:0,saveLegacySteps
FNDA:0,updateRecipe
FNDA:0,updateIngredients
FNDA:0,updateSteps
FNDA:0,(anonymous_14)
DA:55,3
DA:63,3
DA:68,3
DA:69,1
DA:70,1
DA:73,2
DA:82,0
DA:87,0
DA:88,0
DA:89,0
DA:92,0
DA:100,0
DA:108,0
DA:113,0
DA:114,0
DA:115,0
DA:118,0
DA:125,2
DA:131,2
DA:139,2
DA:140,1
DA:144,2
DA:146,2
DA:147,0
DA:148,0
DA:152,2
DA:153,2
DA:154,2
DA:155,4
DA:163,2
DA:170,0
DA:173,0
DA:175,0
DA:180,0
DA:181,0
DA:185,0
DA:190,0
DA:191,0
DA:194,0
DA:197,0
DA:209,0
DA:210,0
DA:211,0
DA:215,0
DA:216,0
DA:219,0
DA:220,0
DA:221,0
DA:227,0
DA:239,1
DA:244,1
DA:245,0
DA:246,0
DA:249,1
DA:254,1
DA:255,0
DA:256,0
DA:260,1
DA:265,1
DA:266,0
DA:267,0
DA:270,1
DA:273,1
DA:287,0
DA:295,0
DA:300,0
DA:301,0
DA:302,0
DA:305,0
DA:314,0
DA:319,0
DA:320,0
DA:321,0
DA:324,0
DA:333,0
DA:335,0
DA:336,0
DA:337,0
DA:340,0
DA:351,0
DA:353,0
DA:354,0
DA:355,0
DA:356,0
DA:357,0
DA:358,0
DA:360,0
DA:366,0
DA:367,0
DA:368,0
DA:371,0
DA:382,0
DA:387,0
DA:388,0
DA:389,0
DA:393,0
DA:395,0
DA:400,0
DA:401,0
DA:402,0
DA:405,0
DA:416,0
DA:421,0
DA:422,0
DA:423,0
DA:427,0
DA:430,0
DA:438,0
DA:443,0
DA:444,0
DA:445,0
DA:448,0
LF:112
LH:25
BRDA:68,0,0,1
BRDA:68,0,1,2
BRDA:87,1,0,0
BRDA:87,1,1,0
BRDA:113,2,0,0
BRDA:113,2,1,0
BRDA:127,3,0,1
BRDA:127,3,1,1
BRDA:139,4,0,1
BRDA:139,4,1,1
BRDA:146,5,0,0
BRDA:146,5,1,2
BRDA:152,6,0,2
BRDA:152,6,1,0
BRDA:157,7,0,4
BRDA:157,7,1,2
BRDA:180,8,0,0
BRDA:180,8,1,0
BRDA:180,9,0,0
BRDA:180,9,1,0
BRDA:190,10,0,0
BRDA:190,10,1,0
BRDA:190,11,0,0
BRDA:190,11,1,0
BRDA:209,12,0,0
BRDA:209,12,1,0
BRDA:215,13,0,0
BRDA:215,13,1,0
BRDA:219,14,0,0
BRDA:219,14,1,0
BRDA:220,15,0,0
BRDA:220,15,1,0
BRDA:220,16,0,0
BRDA:220,16,1,0
BRDA:244,17,0,0
BRDA:244,17,1,1
BRDA:254,18,0,0
BRDA:254,18,1,1
BRDA:265,19,0,0
BRDA:265,19,1,1
BRDA:300,20,0,0
BRDA:300,20,1,0
BRDA:319,21,0,0
BRDA:319,21,1,0
BRDA:335,22,0,0
BRDA:335,22,1,0
BRDA:353,23,0,0
BRDA:353,23,1,0
BRDA:354,24,0,0
BRDA:354,24,1,0
BRDA:355,25,0,0
BRDA:355,25,1,0
BRDA:357,26,0,0
BRDA:357,26,1,0
BRDA:366,27,0,0
BRDA:366,27,1,0
BRDA:387,28,0,0
BRDA:387,28,1,0
BRDA:393,29,0,0
BRDA:393,29,1,0
BRDA:400,30,0,0
BRDA:400,30,1,0
BRDA:421,31,0,0
BRDA:421,31,1,0
BRDA:427,32,0,0
BRDA:427,32,1,0
BRDA:443,33,0,0
BRDA:443,33,1,0
BRF:68
BRH:13
end_of_record
TN:
SF:lib/query/journalQueries.ts
FN:27,useJournals
FN:32,(anonymous_1)
FN:45,useJournal
FN:48,(anonymous_3)
FN:56,useCreateJournal
FN:61,(anonymous_5)
FN:67,(anonymous_6)
FN:76,useUpdateJournal
FN:80,(anonymous_8)
FN:82,(anonymous_9)
FN:92,useDeleteJournal
FN:96,(anonymous_11)
FN:97,(anonymous_12)
FN:106,useCreateJournalRecord
FN:110,(anonymous_14)
FN:112,(anonymous_15)
FN:125,useUpdateJournalRecord
FN:129,(anonymous_17)
FN:133,(anonymous_18)
FN:146,useDeleteJournalRecord
FN:150,(anonymous_20)
FN:152,(anonymous_21)
FN:165,useUploadJournalImage
FN:169,(anonymous_23)
FN:179,useSaveJournalImage
FN:183,(anonymous_25)
FN:185,(anonymous_26)
FN:199,useJournalRecords
FN:202,(anonymous_28)
FN:210,useJournalRecord
FN:213,(anonymous_30)
FN:221,useJournalRecordImages
FN:224,(anonymous_32)
FN:232,useDeleteJournalImage
FN:236,(anonymous_34)
FN:237,(anonymous_35)
FNF:36
FNH:0
FNDA:0,useJournals
FNDA:0,(anonymous_1)
FNDA:0,useJournal
FNDA:0,(anonymous_3)
FNDA:0,useCreateJournal
FNDA:0,(anonymous_5)
FNDA:0,(anonymous_6)
FNDA:0,useUpdateJournal
FNDA:0,(anonymous_8)
FNDA:0,(anonymous_9)
FNDA:0,useDeleteJournal
FNDA:0,(anonymous_11)
FNDA:0,(anonymous_12)
FNDA:0,useCreateJournalRecord
FNDA:0,(anonymous_14)
FNDA:0,(anonymous_15)
FNDA:0,useUpdateJournalRecord
FNDA:0,(anonymous_17)
FNDA:0,(anonymous_18)
FNDA:0,useDeleteJournalRecord
FNDA:0,(anonymous_20)
FNDA:0,(anonymous_21)
FNDA:0,useUploadJournalImage
FNDA:0,(anonymous_23)
FNDA:0,useSaveJournalImage
FNDA:0,(anonymous_25)
FNDA:0,(anonymous_26)
FNDA:0,useJournalRecords
FNDA:0,(anonymous_28)
FNDA:0,useJournalRecord
FNDA:0,(anonymous_30)
FNDA:0,useJournalRecordImages
FNDA:0,(anonymous_32)
FNDA:0,useDeleteJournalImage
FNDA:0,(anonymous_34)
FNDA:0,(anonymous_35)
DA:28,0
DA:30,0
DA:34,0
DA:36,0
DA:46,0
DA:48,0
DA:57,0
DA:58,0
DA:60,0
DA:62,0
DA:68,0
DA:77,0
DA:79,0
DA:81,0
DA:83,0
DA:84,0
DA:93,0
DA:95,0
DA:96,0
DA:98,0
DA:107,0
DA:109,0
DA:111,0
DA:113,0
DA:114,0
DA:115,0
DA:126,0
DA:128,0
DA:130,0
DA:131,0
DA:134,0
DA:135,0
DA:136,0
DA:138,0
DA:147,0
DA:149,0
DA:151,0
DA:153,0
DA:154,0
DA:155,0
DA:166,0
DA:168,0
DA:170,0
DA:171,0
DA:180,0
DA:182,0
DA:184,0
DA:186,0
DA:187,0
DA:191,0
DA:200,0
DA:202,0
DA:211,0
DA:213,0
DA:222,0
DA:224,0
DA:233,0
DA:235,0
DA:236,0
DA:238,0
LF:60
LH:0
BRDA:64,0,0,0
BRDA:64,0,1,0
BRDA:170,1,0,0
BRDA:170,1,1,0
BRF:4
BRH:0
end_of_record
TN:
SF:lib/query/queryClient.ts
FN:23,(anonymous_0)
FN:24,(anonymous_1)
FN:25,(anonymous_2)
FN:26,(anonymous_3)
FN:32,(anonymous_4)
FN:33,(anonymous_5)
FN:34,(anonymous_6)
FN:35,(anonymous_7)
FN:36,(anonymous_8)
FN:38,(anonymous_9)
FNF:10
FNH:10
FNDA:18,(anonymous_0)
FNDA:10,(anonymous_1)
FNDA:18,(anonymous_2)
FNDA:10,(anonymous_3)
FNDA:14,(anonymous_4)
FNDA:8,(anonymous_5)
FNDA:31,(anonymous_6)
FNDA:25,(anonymous_7)
FNDA:16,(anonymous_8)
FNDA:8,(anonymous_9)
DA:4,1
DA:21,1
DA:23,18
DA:24,10
DA:25,18
DA:26,10
DA:30,1
DA:32,14
DA:33,8
DA:34,31
DA:35,25
DA:37,16
DA:39,8
LF:13
LH:13
BRF:0
BRH:0
end_of_record
TN:
SF:lib/query/recipeQueries.ts
FN:20,useRecipes
FN:25,(anonymous_1)
FN:33,useRecipe
FN:36,(anonymous_3)
FN:44,useCreateRecipe
FN:48,(anonymous_5)
FN:60,(anonymous_6)
FN:68,(anonymous_7)
FN:83,(anonymous_8)
FN:93,useUpdateRecipe
FN:97,(anonymous_10)
FN:110,(anonymous_11)
FN:118,(anonymous_12)
FN:133,(anonymous_13)
FN:146,useDeleteRecipe
FN:151,(anonymous_15)
FN:159,(anonymous_16)
FNF:17
FNH:0
FNDA:0,useRecipes
FNDA:0,(anonymous_1)
FNDA:0,useRecipe
FNDA:0,(anonymous_3)
FNDA:0,useCreateRecipe
FNDA:0,(anonymous_5)
FNDA:0,(anonymous_6)
FNDA:0,(anonymous_7)
FNDA:0,(anonymous_8)
FNDA:0,useUpdateRecipe
FNDA:0,(anonymous_10)
FNDA:0,(anonymous_11)
FNDA:0,(anonymous_12)
FNDA:0,(anonymous_13)
FNDA:0,useDeleteRecipe
FNDA:0,(anonymous_15)
FNDA:0,(anonymous_16)
DA:21,0
DA:23,0
DA:25,0
DA:34,0
DA:36,0
DA:45,0
DA:47,0
DA:57,0
DA:58,0
DA:60,0
DA:68,0
DA:76,0
DA:81,0
DA:85,0
DA:94,0
DA:96,0
DA:108,0
DA:110,0
DA:118,0
DA:126,0
DA:131,0
DA:135,0
DA:138,0
DA:147,0
DA:149,0
DA:152,0
DA:156,0
DA:157,0
DA:160,0
LF:29
LH:0
BRDA:71,0,0,0
BRDA:71,0,1,0
BRDA:121,1,0,0
BRDA:121,1,1,0
BRF:4
BRH:0
end_of_record
TN:
SF:lib/utils/dateUtils.ts
FN:11,formatDate
FN:30,formatDetailDate
FN:53,formatDateWithDay
FNF:3
FNH:3
FNDA:27,formatDate
FNDA:34,formatDetailDate
FNDA:29,formatDateWithDay
DA:12,27
DA:14,21
DA:15,21
DA:16,20
DA:18,12
DA:20,2
DA:21,2
DA:31,34
DA:33,28
DA:34,28
DA:35,28
DA:37,22
DA:38,22
DA:39,22
DA:41,22
DA:43,0
DA:44,0
DA:54,29
DA:56,23
DA:57,23
DA:58,23
DA:60,17
DA:61,17
DA:62,17
DA:64,17
DA:65,17
DA:67,17
DA:69,0
DA:70,0
LF:29
LH:25
BRDA:12,0,0,6
BRDA:12,0,1,21
BRDA:16,1,0,7
BRDA:16,1,1,12
BRDA:31,2,0,6
BRDA:31,2,1,28
BRDA:35,3,0,6
BRDA:35,3,1,22
BRDA:54,4,0,6
BRDA:54,4,1,23
BRDA:58,5,0,6
BRDA:58,5,1,17
BRF:12
BRH:12
end_of_record
